TN:
SF:src/js/globals.js
FN:2,MediumEditor
FNF:1
FNH:0
FNDA:0,MediumEditor
DA:2,1
DA:4,0
DA:7,1
LF:3
LH:2
BRF:0
BRH:0
end_of_record
TN:
SF:src/js/extension.js
FN:1,(anonymous_1)
FN:4,(anonymous_2)
FN:8,(anonymous_3)
FN:43,(anonymous_4)
FN:53,(anonymous_5)
FN:76,(anonymous_6)
FN:223,(anonymous_7)
FN:232,(anonymous_8)
FN:241,(anonymous_9)
FN:265,(anonymous_10)
FN:266,(anonymous_11)
FNF:11
FNH:3
FNDA:1,(anonymous_1)
FNDA:0,(anonymous_2)
FNDA:8,(anonymous_3)
FNDA:0,(anonymous_4)
FNDA:0,(anonymous_5)
FNDA:0,(anonymous_6)
FNDA:0,(anonymous_7)
FNDA:0,(anonymous_8)
FNDA:0,(anonymous_9)
FNDA:5,(anonymous_10)
FNDA:0,(anonymous_11)
DA:1,1
DA:4,1
DA:5,0
DA:8,1
DA:33,8
DA:40,8
DA:41,1
DA:43,7
DA:44,0
DA:49,8
DA:53,0
DA:54,0
DA:56,0
DA:57,0
DA:59,0
DA:60,0
DA:65,0
DA:68,1
DA:224,0
DA:233,0
DA:242,0
DA:255,1
DA:266,5
DA:267,0
DA:271,1
LF:25
LH:12
BRDA:40,1,0,1
BRDA:40,1,1,7
BRDA:40,2,0,8
BRDA:40,2,1,8
BRDA:59,3,0,0
BRDA:59,3,1,0
BRF:6
BRH:4
end_of_record
TN:
SF:src/js/selection.js
FN:1,(anonymous_1)
FN:4,filterOnlyParentElements
FN:13,(anonymous_3)
FN:28,(anonymous_4)
FN:29,(anonymous_5)
FN:36,(anonymous_6)
FN:94,(anonymous_7)
FN:220,(anonymous_8)
FN:221,(anonymous_9)
FN:254,(anonymous_10)
FN:309,(anonymous_11)
FN:360,(anonymous_12)
FN:392,(anonymous_13)
FN:464,(anonymous_14)
FN:490,(anonymous_15)
FN:495,(anonymous_16)
FN:508,getSelectionHtml
FN:531,getCaretOffsets
FN:554,(anonymous_19)
FN:561,(anonymous_20)
FN:580,(anonymous_21)
FN:603,(anonymous_22)
FN:608,(anonymous_23)
FN:614,(anonymous_24)
FN:632,(anonymous_25)
FN:647,(anonymous_26)
FN:651,(anonymous_27)
FN:659,(anonymous_28)
FN:668,(anonymous_29)
FNF:29
FNH:1
FNDA:1,(anonymous_1)
FNDA:0,filterOnlyParentElements
FNDA:0,(anonymous_3)
FNDA:0,(anonymous_4)
FNDA:0,(anonymous_5)
FNDA:0,(anonymous_6)
FNDA:0,(anonymous_7)
FNDA:0,(anonymous_8)
FNDA:0,(anonymous_9)
FNDA:0,(anonymous_10)
FNDA:0,(anonymous_11)
FNDA:0,(anonymous_12)
FNDA:0,(anonymous_13)
FNDA:0,(anonymous_14)
FNDA:0,(anonymous_15)
FNDA:0,(anonymous_16)
FNDA:0,getSelectionHtml
FNDA:0,getCaretOffsets
FNDA:0,(anonymous_19)
FNDA:0,(anonymous_20)
FNDA:0,(anonymous_21)
FNDA:0,(anonymous_22)
FNDA:0,(anonymous_23)
FNDA:0,(anonymous_24)
FNDA:0,(anonymous_25)
FNDA:0,(anonymous_26)
FNDA:0,(anonymous_27)
FNDA:0,(anonymous_28)
FNDA:0,(anonymous_29)
DA:1,1
DA:4,1
DA:5,0
DA:6,0
DA:8,0
DA:12,1
DA:14,0
DA:18,0
DA:19,0
DA:22,0
DA:23,0
DA:25,0
DA:29,0
DA:30,0
DA:37,0
DA:38,0
DA:41,0
DA:44,0
DA:45,0
DA:49,0
DA:50,0
DA:51,0
DA:53,0
DA:61,0
DA:62,0
DA:67,0
DA:68,0
DA:69,0
DA:73,0
DA:74,0
DA:75,0
DA:76,0
DA:81,0
DA:95,0
DA:96,0
DA:99,0
DA:100,0
DA:101,0
DA:103,0
DA:127,0
DA:128,0
DA:131,0
DA:133,0
DA:134,0
DA:135,0
DA:139,0
DA:140,0
DA:142,0
DA:145,0
DA:146,0
DA:147,0
DA:154,0
DA:158,0
DA:159,0
DA:160,0
DA:161,0
DA:163,0
DA:166,0
DA:168,0
DA:169,0
DA:170,0
DA:172,0
DA:174,0
DA:175,0
DA:176,0
DA:178,0
DA:179,0
DA:183,0
DA:186,0
DA:187,0
DA:188,0
DA:189,0
DA:194,0
DA:195,0
DA:202,0
DA:203,0
DA:204,0
DA:207,0
DA:208,0
DA:212,0
DA:213,0
DA:216,0
DA:221,0
DA:222,0
DA:224,0
DA:228,0
DA:230,0
DA:231,0
DA:232,0
DA:234,0
DA:235,0
DA:238,0
DA:239,0
DA:240,0
DA:241,0
DA:242,0
DA:245,0
DA:246,0
DA:249,0
DA:255,0
DA:260,0
DA:266,0
DA:267,0
DA:269,0
DA:273,0
DA:274,0
DA:276,0
DA:277,0
DA:280,0
DA:281,0
DA:283,0
DA:284,0
DA:287,0
DA:288,0
DA:293,0
DA:294,0
DA:299,0
DA:301,0
DA:311,0
DA:312,0
DA:316,0
DA:317,0
DA:318,0
DA:320,0
DA:322,0
DA:323,0
DA:326,0
DA:328,0
DA:329,0
DA:332,0
DA:333,0
DA:339,0
DA:342,0
DA:343,0
DA:344,0
DA:345,0
DA:347,0
DA:348,0
DA:350,0
DA:351,0
DA:355,0
DA:361,0
DA:362,0
DA:365,0
DA:366,0
DA:369,0
DA:370,0
DA:371,0
DA:374,0
DA:375,0
DA:376,0
DA:379,0
DA:380,0
DA:384,0
DA:385,0
DA:389,0
DA:395,0
DA:396,0
DA:401,0
DA:402,0
DA:405,0
DA:406,0
DA:407,0
DA:410,0
DA:419,0
DA:421,0
DA:422,0
DA:423,0
DA:426,0
DA:427,0
DA:428,0
DA:429,0
DA:430,0
DA:432,0
DA:433,0
DA:435,0
DA:437,0
DA:438,0
DA:441,0
DA:442,0
DA:443,0
DA:446,0
DA:447,0
DA:448,0
DA:449,0
DA:454,0
DA:455,0
DA:459,0
DA:465,0
DA:468,0
DA:469,0
DA:473,0
DA:474,0
DA:479,0
DA:480,0
DA:481,0
DA:483,0
DA:487,0
DA:494,0
DA:496,0
DA:497,0
DA:498,0
DA:500,0
DA:503,0
DA:509,0
DA:514,0
DA:515,0
DA:516,0
DA:517,0
DA:519,0
DA:521,0
DA:532,0
DA:534,0
DA:535,0
DA:538,0
DA:539,0
DA:541,0
DA:542,0
DA:544,0
DA:545,0
DA:547,0
DA:555,0
DA:556,0
DA:562,0
DA:563,0
DA:567,0
DA:568,0
DA:572,0
DA:573,0
DA:577,0
DA:581,0
DA:586,0
DA:587,0
DA:590,0
DA:592,0
DA:593,0
DA:594,0
DA:595,0
DA:596,0
DA:597,0
DA:600,0
DA:603,0
DA:604,0
DA:609,0
DA:610,0
DA:611,0
DA:615,0
DA:616,0
DA:617,0
DA:618,0
DA:620,0
DA:622,0
DA:623,0
DA:633,0
DA:634,0
DA:636,0
DA:648,0
DA:652,0
DA:653,0
DA:654,0
DA:656,0
DA:660,0
DA:662,0
DA:663,0
DA:669,0
DA:672,0
DA:676,1
LF:267
LH:4
BRDA:5,1,0,0
BRDA:5,1,1,0
BRDA:18,2,0,0
BRDA:18,2,1,0
BRDA:37,3,0,0
BRDA:37,3,1,0
BRDA:44,4,0,0
BRDA:44,4,1,0
BRDA:61,5,0,0
BRDA:61,5,1,0
BRDA:68,6,0,0
BRDA:68,6,1,0
BRDA:73,7,0,0
BRDA:73,7,1,0
BRDA:75,8,0,0
BRDA:75,8,1,0
BRDA:95,9,0,0
BRDA:95,9,1,0
BRDA:95,10,0,0
BRDA:95,10,1,0
BRDA:127,11,0,0
BRDA:127,11,1,0
BRDA:127,12,0,0
BRDA:127,12,1,0
BRDA:127,12,2,0
BRDA:131,13,0,0
BRDA:131,13,1,0
BRDA:133,14,0,0
BRDA:133,14,1,0
BRDA:139,15,0,0
BRDA:139,15,1,0
BRDA:139,16,0,0
BRDA:139,16,1,0
BRDA:142,17,0,0
BRDA:142,17,1,0
BRDA:142,18,0,0
BRDA:142,18,1,0
BRDA:142,18,2,0
BRDA:145,19,0,0
BRDA:145,19,1,0
BRDA:145,20,0,0
BRDA:145,20,1,0
BRDA:158,21,0,0
BRDA:158,21,1,0
BRDA:158,22,0,0
BRDA:158,22,1,0
BRDA:158,22,2,0
BRDA:159,23,0,0
BRDA:159,23,1,0
BRDA:168,24,0,0
BRDA:168,24,1,0
BRDA:168,25,0,0
BRDA:168,25,1,0
BRDA:169,26,0,0
BRDA:169,26,1,0
BRDA:172,27,0,0
BRDA:172,27,1,0
BRDA:183,28,0,0
BRDA:183,28,1,0
BRDA:183,29,0,0
BRDA:183,29,1,0
BRDA:194,30,0,0
BRDA:194,30,1,0
BRDA:202,31,0,0
BRDA:202,31,1,0
BRDA:202,32,0,0
BRDA:202,32,1,0
BRDA:207,33,0,0
BRDA:207,33,1,0
BRDA:212,34,0,0
BRDA:212,34,1,0
BRDA:224,35,0,0
BRDA:224,35,1,0
BRDA:224,36,0,0
BRDA:224,36,1,0
BRDA:224,36,2,0
BRDA:224,36,3,0
BRDA:230,37,0,0
BRDA:230,37,1,0
BRDA:231,38,0,0
BRDA:231,38,1,0
BRDA:238,39,0,0
BRDA:238,39,1,0
BRDA:238,40,0,0
BRDA:238,40,1,0
BRDA:240,41,0,0
BRDA:240,41,1,0
BRDA:241,42,0,0
BRDA:241,42,1,0
BRDA:260,43,0,0
BRDA:260,43,1,0
BRDA:266,44,0,0
BRDA:266,44,1,0
BRDA:266,45,0,0
BRDA:266,45,1,0
BRDA:274,46,0,0
BRDA:274,46,1,0
BRDA:276,47,0,0
BRDA:276,47,1,0
BRDA:283,48,0,0
BRDA:283,48,1,0
BRDA:287,49,0,0
BRDA:287,49,1,0
BRDA:293,50,0,0
BRDA:293,50,1,0
BRDA:311,51,0,0
BRDA:311,51,1,0
BRDA:311,52,0,0
BRDA:311,52,1,0
BRDA:317,53,0,0
BRDA:317,53,1,0
BRDA:320,54,0,0
BRDA:320,54,1,0
BRDA:322,55,0,0
BRDA:322,55,1,0
BRDA:328,56,0,0
BRDA:328,56,1,0
BRDA:332,57,0,0
BRDA:332,57,1,0
BRDA:344,58,0,0
BRDA:344,58,1,0
BRDA:344,59,0,0
BRDA:344,59,1,0
BRDA:347,60,0,0
BRDA:347,60,1,0
BRDA:350,61,0,0
BRDA:350,61,1,0
BRDA:361,62,0,0
BRDA:361,62,1,0
BRDA:361,63,0,0
BRDA:361,63,1,0
BRDA:365,64,0,0
BRDA:365,64,1,0
BRDA:370,65,0,0
BRDA:370,65,1,0
BRDA:379,66,0,0
BRDA:379,66,1,0
BRDA:384,67,0,0
BRDA:384,67,1,0
BRDA:395,68,0,0
BRDA:395,68,1,0
BRDA:395,69,0,0
BRDA:395,69,1,0
BRDA:401,70,0,0
BRDA:401,70,1,0
BRDA:401,71,0,0
BRDA:401,71,1,0
BRDA:419,72,0,0
BRDA:419,72,1,0
BRDA:421,73,0,0
BRDA:421,73,1,0
BRDA:426,74,0,0
BRDA:426,74,1,0
BRDA:426,75,0,0
BRDA:426,75,1,0
BRDA:429,76,0,0
BRDA:429,76,1,0
BRDA:429,77,0,0
BRDA:429,77,1,0
BRDA:429,77,2,0
BRDA:432,78,0,0
BRDA:432,78,1,0
BRDA:432,79,0,0
BRDA:432,79,1,0
BRDA:432,79,2,0
BRDA:437,80,0,0
BRDA:437,80,1,0
BRDA:441,81,0,0
BRDA:441,81,1,0
BRDA:443,82,0,0
BRDA:443,82,1,0
BRDA:454,83,0,0
BRDA:454,83,1,0
BRDA:468,84,0,0
BRDA:468,84,1,0
BRDA:468,85,0,0
BRDA:468,85,1,0
BRDA:468,85,2,0
BRDA:473,86,0,0
BRDA:473,86,1,0
BRDA:480,87,0,0
BRDA:480,87,1,0
BRDA:481,88,0,0
BRDA:481,88,1,0
BRDA:481,89,0,0
BRDA:481,89,1,0
BRDA:481,89,2,0
BRDA:496,90,0,0
BRDA:496,90,1,0
BRDA:497,91,0,0
BRDA:497,91,1,0
BRDA:500,92,0,0
BRDA:500,92,1,0
BRDA:503,93,0,0
BRDA:503,93,1,0
BRDA:514,94,0,0
BRDA:514,94,1,0
BRDA:534,95,0,0
BRDA:534,95,1,0
BRDA:556,96,0,0
BRDA:556,96,1,0
BRDA:556,96,2,0
BRDA:562,97,0,0
BRDA:562,97,1,0
BRDA:567,98,0,0
BRDA:567,98,1,0
BRDA:567,99,0,0
BRDA:567,99,1,0
BRDA:572,100,0,0
BRDA:572,100,1,0
BRDA:586,101,0,0
BRDA:586,101,1,0
BRDA:586,102,0,0
BRDA:586,102,1,0
BRDA:586,102,2,0
BRDA:592,103,0,0
BRDA:592,103,1,0
BRDA:595,104,0,0
BRDA:595,104,1,0
BRDA:604,105,0,0
BRDA:604,105,1,0
BRDA:617,106,0,0
BRDA:617,106,1,0
BRDA:633,107,0,0
BRDA:633,107,1,0
BRDA:653,108,0,0
BRDA:653,108,1,0
BRDA:670,109,0,0
BRDA:670,109,1,0
BRDA:670,110,0,0
BRDA:670,110,1,0
BRF:231
BRH:0
end_of_record
TN:
SF:src/js/events.js
FN:1,(anonymous_1)
FN:4,isElementDescendantOfExtension
FN:9,(anonymous_3)
FN:22,(anonymous_4)
FN:28,(anonymous_5)
FN:42,(anonymous_6)
FN:48,(anonymous_7)
FN:54,(anonymous_8)
FN:62,(anonymous_9)
FN:72,(anonymous_10)
FN:83,(anonymous_11)
FN:91,(anonymous_12)
FN:92,(anonymous_13)
FN:103,(anonymous_14)
FN:109,(anonymous_15)
FN:115,(anonymous_16)
FN:121,(anonymous_17)
FN:126,(anonymous_18)
FN:134,(anonymous_19)
FN:142,(anonymous_20)
FN:150,(anonymous_21)
FN:155,(anonymous_22)
FN:157,(anonymous_23)
FN:165,(anonymous_24)
FN:171,(anonymous_25)
FN:180,(anonymous_26)
FN:188,(anonymous_27)
FN:200,(anonymous_28)
FN:219,(anonymous_29)
FN:228,(anonymous_30)
FN:230,(anonymous_31)
FN:246,(anonymous_32)
FN:273,(anonymous_33)
FN:284,(anonymous_34)
FN:307,(anonymous_35)
FN:385,(anonymous_36)
FN:391,(anonymous_37)
FN:398,(anonymous_38)
FN:408,(anonymous_39)
FN:413,(anonymous_40)
FN:428,(anonymous_41)
FN:465,(anonymous_42)
FN:481,(anonymous_43)
FN:491,(anonymous_44)
FN:506,(anonymous_45)
FN:516,(anonymous_46)
FN:520,(anonymous_47)
FN:524,(anonymous_48)
FN:528,(anonymous_49)
FN:532,(anonymous_50)
FN:536,(anonymous_51)
FN:540,(anonymous_52)
FN:550,(anonymous_53)
FN:556,(anonymous_54)
FN:560,(anonymous_55)
FN:564,(anonymous_56)
FN:568,(anonymous_57)
FN:572,(anonymous_58)
FN:576,(anonymous_59)
FNF:59
FNH:1
FNDA:1,(anonymous_1)
FNDA:0,isElementDescendantOfExtension
FNDA:0,(anonymous_3)
FNDA:0,(anonymous_4)
FNDA:0,(anonymous_5)
FNDA:0,(anonymous_6)
FNDA:0,(anonymous_7)
FNDA:0,(anonymous_8)
FNDA:0,(anonymous_9)
FNDA:0,(anonymous_10)
FNDA:0,(anonymous_11)
FNDA:0,(anonymous_12)
FNDA:0,(anonymous_13)
FNDA:0,(anonymous_14)
FNDA:0,(anonymous_15)
FNDA:0,(anonymous_16)
FNDA:0,(anonymous_17)
FNDA:0,(anonymous_18)
FNDA:0,(anonymous_19)
FNDA:0,(anonymous_20)
FNDA:0,(anonymous_21)
FNDA:0,(anonymous_22)
FNDA:0,(anonymous_23)
FNDA:0,(anonymous_24)
FNDA:0,(anonymous_25)
FNDA:0,(anonymous_26)
FNDA:0,(anonymous_27)
FNDA:0,(anonymous_28)
FNDA:0,(anonymous_29)
FNDA:0,(anonymous_30)
FNDA:0,(anonymous_31)
FNDA:0,(anonymous_32)
FNDA:0,(anonymous_33)
FNDA:0,(anonymous_34)
FNDA:0,(anonymous_35)
FNDA:0,(anonymous_36)
FNDA:0,(anonymous_37)
FNDA:0,(anonymous_38)
FNDA:0,(anonymous_39)
FNDA:0,(anonymous_40)
FNDA:0,(anonymous_41)
FNDA:0,(anonymous_42)
FNDA:0,(anonymous_43)
FNDA:0,(anonymous_44)
FNDA:0,(anonymous_45)
FNDA:0,(anonymous_46)
FNDA:0,(anonymous_47)
FNDA:0,(anonymous_48)
FNDA:0,(anonymous_49)
FNDA:0,(anonymous_50)
FNDA:0,(anonymous_51)
FNDA:0,(anonymous_52)
FNDA:0,(anonymous_53)
FNDA:0,(anonymous_54)
FNDA:0,(anonymous_55)
FNDA:0,(anonymous_56)
FNDA:0,(anonymous_57)
FNDA:0,(anonymous_58)
FNDA:0,(anonymous_59)
DA:1,1
DA:4,1
DA:5,0
DA:6,0
DA:9,0
DA:10,0
DA:11,0
DA:14,0
DA:15,0
DA:16,0
DA:19,0
DA:20,0
DA:22,0
DA:23,0
DA:28,1
DA:29,0
DA:30,0
DA:31,0
DA:32,0
DA:33,0
DA:34,0
DA:37,1
DA:43,0
DA:46,0
DA:48,0
DA:49,0
DA:50,0
DA:55,0
DA:59,0
DA:60,0
DA:62,0
DA:63,0
DA:64,0
DA:65,0
DA:66,0
DA:73,0
DA:74,0
DA:75,0
DA:76,0
DA:77,0
DA:80,0
DA:84,0
DA:85,0
DA:86,0
DA:87,0
DA:92,0
DA:93,0
DA:96,0
DA:97,0
DA:98,0
DA:104,0
DA:105,0
DA:108,0
DA:109,0
DA:110,0
DA:116,0
DA:117,0
DA:122,0
DA:127,0
DA:128,0
DA:129,0
DA:131,0
DA:135,0
DA:136,0
DA:137,0
DA:143,0
DA:144,0
DA:147,0
DA:151,0
DA:156,0
DA:157,0
DA:158,0
DA:166,0
DA:167,0
DA:168,0
DA:170,0
DA:171,0
DA:172,0
DA:181,0
DA:182,0
DA:188,0
DA:189,0
DA:193,0
DA:196,0
DA:201,0
DA:202,0
DA:203,0
DA:207,0
DA:208,0
DA:209,0
DA:213,0
DA:214,0
DA:220,0
DA:223,0
DA:224,0
DA:228,0
DA:229,0
DA:230,0
DA:231,0
DA:247,0
DA:249,0
DA:250,0
DA:253,0
DA:254,0
DA:256,0
DA:260,0
DA:263,0
DA:266,0
DA:269,0
DA:274,0
DA:275,0
DA:276,0
DA:280,0
DA:285,0
DA:286,0
DA:289,0
DA:292,0
DA:293,0
DA:294,0
DA:295,0
DA:298,0
DA:299,0
DA:302,0
DA:303,0
DA:306,0
DA:307,0
DA:308,0
DA:312,0
DA:313,0
DA:318,0
DA:319,0
DA:320,0
DA:321,0
DA:323,0
DA:325,0
DA:328,0
DA:329,0
DA:332,0
DA:333,0
DA:336,0
DA:337,0
DA:340,0
DA:341,0
DA:344,0
DA:345,0
DA:348,0
DA:349,0
DA:352,0
DA:353,0
DA:356,0
DA:357,0
DA:360,0
DA:361,0
DA:364,0
DA:365,0
DA:370,0
DA:382,0
DA:387,0
DA:388,0
DA:391,0
DA:392,0
DA:395,0
DA:399,0
DA:400,0
DA:401,0
DA:402,0
DA:403,0
DA:409,0
DA:410,0
DA:414,0
DA:419,0
DA:424,0
DA:427,0
DA:428,0
DA:430,0
DA:431,0
DA:435,0
DA:440,0
DA:443,0
DA:446,0
DA:448,0
DA:449,0
DA:453,0
DA:455,0
DA:456,0
DA:460,0
DA:461,0
DA:466,0
DA:467,0
DA:471,0
DA:474,0
DA:476,0
DA:478,0
DA:486,0
DA:487,0
DA:491,0
DA:492,0
DA:493,0
DA:494,0
DA:496,0
DA:500,0
DA:501,0
DA:510,0
DA:511,0
DA:512,0
DA:517,0
DA:521,0
DA:525,0
DA:529,0
DA:533,0
DA:537,0
DA:541,0
DA:545,0
DA:546,0
DA:550,0
DA:551,0
DA:557,0
DA:561,0
DA:565,0
DA:569,0
DA:573,0
DA:577,0
DA:579,0
DA:580,0
DA:583,0
DA:584,0
DA:587,0
DA:588,0
DA:591,0
DA:592,0
DA:597,0
LF:231
LH:4
BRDA:5,1,0,0
BRDA:5,1,1,0
BRDA:10,2,0,0
BRDA:10,2,1,0
BRDA:15,3,0,0
BRDA:15,3,1,0
BRDA:19,4,0,0
BRDA:19,4,1,0
BRDA:38,5,0,1
BRDA:38,5,1,0
BRDA:46,6,0,0
BRDA:46,6,1,0
BRDA:46,7,0,0
BRDA:46,7,1,0
BRDA:59,8,0,0
BRDA:59,8,1,0
BRDA:60,9,0,0
BRDA:60,9,1,0
BRDA:60,10,0,0
BRDA:60,10,1,0
BRDA:64,11,0,0
BRDA:64,11,1,0
BRDA:76,12,0,0
BRDA:76,12,1,0
BRDA:76,13,0,0
BRDA:76,13,1,0
BRDA:76,13,2,0
BRDA:76,13,3,0
BRDA:93,14,0,0
BRDA:93,14,1,0
BRDA:93,14,2,0
BRDA:104,15,0,0
BRDA:104,15,1,0
BRDA:108,16,0,0
BRDA:108,16,1,0
BRDA:116,17,0,0
BRDA:116,17,1,0
BRDA:128,18,0,0
BRDA:128,18,1,0
BRDA:136,19,0,0
BRDA:136,19,1,0
BRDA:143,20,0,0
BRDA:143,20,1,0
BRDA:143,21,0,0
BRDA:143,21,1,0
BRDA:156,22,0,0
BRDA:156,22,1,0
BRDA:156,23,0,0
BRDA:156,23,1,0
BRDA:170,24,0,0
BRDA:170,24,1,0
BRDA:181,25,0,0
BRDA:181,25,1,0
BRDA:202,26,0,0
BRDA:202,26,1,0
BRDA:202,27,0,0
BRDA:202,27,1,0
BRDA:208,28,0,0
BRDA:208,28,1,0
BRDA:213,29,0,0
BRDA:213,29,1,0
BRDA:223,30,0,0
BRDA:223,30,1,0
BRDA:229,31,0,0
BRDA:229,31,1,0
BRDA:249,32,0,0
BRDA:249,32,1,0
BRDA:275,33,0,0
BRDA:275,33,1,0
BRDA:285,34,0,0
BRDA:285,34,1,0
BRDA:289,35,0,0
BRDA:289,35,1,0
BRDA:289,35,2,0
BRDA:289,35,3,0
BRDA:289,35,4,0
BRDA:289,35,5,0
BRDA:289,35,6,0
BRDA:289,35,7,0
BRDA:289,35,8,0
BRDA:289,35,9,0
BRDA:289,35,10,0
BRDA:289,35,11,0
BRDA:289,35,12,0
BRDA:289,35,13,0
BRDA:289,35,14,0
BRDA:312,36,0,0
BRDA:312,36,1,0
BRDA:318,37,0,0
BRDA:318,37,1,0
BRDA:387,38,0,0
BRDA:387,38,1,0
BRDA:400,39,0,0
BRDA:400,39,1,0
BRDA:402,40,0,0
BRDA:402,40,1,0
BRDA:419,41,0,0
BRDA:419,41,1,0
BRDA:419,42,0,0
BRDA:419,42,1,0
BRDA:419,42,2,0
BRDA:419,42,3,0
BRDA:419,42,4,0
BRDA:427,43,0,0
BRDA:427,43,1,0
BRDA:430,44,0,0
BRDA:430,44,1,0
BRDA:430,45,0,0
BRDA:430,45,1,0
BRDA:440,46,0,0
BRDA:440,46,1,0
BRDA:443,47,0,0
BRDA:443,47,1,0
BRDA:446,48,0,0
BRDA:446,48,1,0
BRDA:446,49,0,0
BRDA:446,49,1,0
BRDA:453,50,0,0
BRDA:453,50,1,0
BRDA:460,51,0,0
BRDA:460,51,1,0
BRDA:466,52,0,0
BRDA:466,52,1,0
BRDA:474,53,0,0
BRDA:474,53,1,0
BRDA:486,54,0,0
BRDA:486,54,1,0
BRDA:486,55,0,0
BRDA:486,55,1,0
BRDA:492,56,0,0
BRDA:492,56,1,0
BRDA:500,57,0,0
BRDA:500,57,1,0
BRDA:511,58,0,0
BRDA:511,58,1,0
BRDA:545,59,0,0
BRDA:545,59,1,0
BRDA:579,60,0,0
BRDA:579,60,1,0
BRDA:583,61,0,0
BRDA:583,61,1,0
BRDA:583,62,0,0
BRDA:583,62,1,0
BRDA:583,62,2,0
BRDA:587,63,0,0
BRDA:587,63,1,0
BRDA:591,64,0,0
BRDA:591,64,1,0
BRF:148
BRH:1
end_of_record
TN:
SF:src/js/extensions/button.js
FN:1,(anonymous_1)
FN:92,(anonymous_2)
FN:100,(anonymous_3)
FN:114,(anonymous_4)
FN:118,(anonymous_5)
FN:122,(anonymous_6)
FN:126,(anonymous_7)
FN:130,(anonymous_8)
FN:139,(anonymous_9)
FN:151,(anonymous_10)
FN:163,(anonymous_11)
FN:174,(anonymous_12)
FN:178,(anonymous_13)
FN:183,(anonymous_14)
FN:188,(anonymous_15)
FN:196,(anonymous_16)
FN:213,(anonymous_17)
FN:230,(anonymous_18)
FNF:18
FNH:1
FNDA:1,(anonymous_1)
FNDA:0,(anonymous_2)
FNDA:0,(anonymous_3)
FNDA:0,(anonymous_4)
FNDA:0,(anonymous_5)
FNDA:0,(anonymous_6)
FNDA:0,(anonymous_7)
FNDA:0,(anonymous_8)
FNDA:0,(anonymous_9)
FNDA:0,(anonymous_10)
FNDA:0,(anonymous_11)
FNDA:0,(anonymous_12)
FNDA:0,(anonymous_13)
FNDA:0,(anonymous_14)
FNDA:0,(anonymous_15)
FNDA:0,(anonymous_16)
FNDA:0,(anonymous_17)
FNDA:0,(anonymous_18)
DA:1,1
DA:4,1
DA:93,0
DA:94,0
DA:96,0
DA:101,0
DA:103,0
DA:104,0
DA:115,0
DA:119,0
DA:123,0
DA:127,0
DA:131,0
DA:136,0
DA:137,0
DA:138,0
DA:139,0
DA:140,0
DA:145,0
DA:146,0
DA:147,0
DA:148,0
DA:150,0
DA:151,0
DA:152,0
DA:156,0
DA:157,0
DA:159,0
DA:160,0
DA:164,0
DA:165,0
DA:167,0
DA:169,0
DA:170,0
DA:175,0
DA:179,0
DA:180,0
DA:184,0
DA:185,0
DA:189,0
DA:190,0
DA:191,0
DA:193,0
DA:197,0
DA:202,0
DA:203,0
DA:206,0
DA:207,0
DA:210,0
DA:211,0
DA:212,0
DA:213,0
DA:214,0
DA:215,0
DA:219,0
DA:220,0
DA:226,0
DA:230,0
DA:231,0
DA:234,0
LF:60
LH:2
BRDA:93,1,0,0
BRDA:93,1,1,0
BRDA:119,2,0,0
BRDA:119,2,1,0
BRDA:123,3,0,0
BRDA:123,3,1,0
BRDA:127,4,0,0
BRDA:127,4,1,0
BRDA:138,5,0,0
BRDA:138,5,1,0
BRDA:146,6,0,0
BRDA:146,6,1,0
BRDA:150,7,0,0
BRDA:150,7,1,0
BRDA:156,8,0,0
BRDA:156,8,1,0
BRDA:156,9,0,0
BRDA:156,9,1,0
BRDA:169,10,0,0
BRDA:169,10,1,0
BRDA:190,11,0,0
BRDA:190,11,1,0
BRDA:202,12,0,0
BRDA:202,12,1,0
BRDA:202,13,0,0
BRDA:202,13,1,0
BRDA:206,14,0,0
BRDA:206,14,1,0
BRDA:206,15,0,0
BRDA:206,15,1,0
BRDA:210,16,0,0
BRDA:210,16,1,0
BRDA:210,17,0,0
BRDA:210,17,1,0
BRDA:214,18,0,0
BRDA:214,18,1,0
BRDA:219,19,0,0
BRDA:219,19,1,0
BRDA:219,20,0,0
BRDA:219,20,1,0
BRDA:231,21,0,0
BRDA:231,21,1,0
BRF:42
BRH:0
end_of_record
TN:
SF:src/js/defaults/buttons.js
FN:1,(anonymous_1)
FNF:1
FNH:1
FNDA:1,(anonymous_1)
DA:1,1
DA:7,1
LF:2
LH:2
BRF:0
BRH:0
end_of_record
TN:
SF:src/js/extensions/form.js
FN:1,(anonymous_1)
FN:9,(anonymous_2)
FN:37,(anonymous_3)
FN:44,(anonymous_4)
FN:56,(anonymous_5)
FN:67,(anonymous_6)
FN:85,(anonymous_7)
FN:98,(anonymous_8)
FN:111,(anonymous_9)
FNF:9
FNH:1
FNDA:1,(anonymous_1)
FNDA:0,(anonymous_2)
FNDA:0,(anonymous_3)
FNDA:0,(anonymous_4)
FNDA:0,(anonymous_5)
FNDA:0,(anonymous_6)
FNDA:0,(anonymous_7)
FNDA:0,(anonymous_8)
FNDA:0,(anonymous_9)
DA:1,1
DA:7,1
DA:10,0
DA:45,0
DA:46,0
DA:48,0
DA:57,0
DA:58,0
DA:68,0
DA:69,0
DA:86,0
DA:87,0
DA:88,0
DA:99,0
DA:100,0
DA:101,0
DA:112,0
DA:113,0
DA:114,0
DA:119,0
LF:20
LH:2
BRDA:45,1,0,0
BRDA:45,1,1,0
BRDA:57,2,0,0
BRDA:57,2,1,0
BRDA:68,3,0,0
BRDA:68,3,1,0
BRDA:87,4,0,0
BRDA:87,4,1,0
BRDA:100,5,0,0
BRDA:100,5,1,0
BRDA:113,6,0,0
BRDA:113,6,1,0
BRF:12
BRH:0
end_of_record
TN:
SF:src/js/extensions/anchor.js
FN:1,(anonymous_1)
FN:48,(anonymous_2)
FN:56,(anonymous_3)
FN:76,(anonymous_4)
FN:83,(anonymous_5)
FN:90,(anonymous_6)
FN:139,(anonymous_7)
FN:143,(anonymous_8)
FN:148,(anonymous_9)
FN:185,(anonymous_10)
FN:199,(anonymous_11)
FN:223,(anonymous_12)
FN:228,(anonymous_13)
FN:234,(anonymous_14)
FN:238,(anonymous_15)
FN:242,(anonymous_16)
FN:250,(anonymous_17)
FN:254,(anonymous_18)
FN:291,(anonymous_19)
FN:297,(anonymous_20)
FN:316,(anonymous_21)
FN:329,(anonymous_22)
FN:333,(anonymous_23)
FN:337,(anonymous_24)
FN:341,(anonymous_25)
FN:356,(anonymous_26)
FN:361,(anonymous_27)
FN:367,(anonymous_28)
FNF:28
FNH:1
FNDA:1,(anonymous_1)
FNDA:0,(anonymous_2)
FNDA:0,(anonymous_3)
FNDA:0,(anonymous_4)
FNDA:0,(anonymous_5)
FNDA:0,(anonymous_6)
FNDA:0,(anonymous_7)
FNDA:0,(anonymous_8)
FNDA:0,(anonymous_9)
FNDA:0,(anonymous_10)
FNDA:0,(anonymous_11)
FNDA:0,(anonymous_12)
FNDA:0,(anonymous_13)
FNDA:0,(anonymous_14)
FNDA:0,(anonymous_15)
FNDA:0,(anonymous_16)
FNDA:0,(anonymous_17)
FNDA:0,(anonymous_18)
FNDA:0,(anonymous_19)
FNDA:0,(anonymous_20)
FNDA:0,(anonymous_21)
FNDA:0,(anonymous_22)
FNDA:0,(anonymous_23)
FNDA:0,(anonymous_24)
FNDA:0,(anonymous_25)
FNDA:0,(anonymous_26)
FNDA:0,(anonymous_27)
FNDA:0,(anonymous_28)
DA:1,1
DA:4,1
DA:49,0
DA:51,0
DA:57,0
DA:58,0
DA:60,0
DA:62,0
DA:65,0
DA:68,0
DA:69,0
DA:72,0
DA:77,0
DA:78,0
DA:84,0
DA:85,0
DA:87,0
DA:91,0
DA:95,0
DA:101,0
DA:108,0
DA:111,0
DA:121,0
DA:124,0
DA:134,0
DA:140,0
DA:144,0
DA:145,0
DA:149,0
DA:153,0
DA:156,0
DA:157,0
DA:162,0
DA:163,0
DA:164,0
DA:165,0
DA:167,0
DA:168,0
DA:172,0
DA:173,0
DA:178,0
DA:179,0
DA:180,0
DA:186,0
DA:187,0
DA:190,0
DA:191,0
DA:194,0
DA:201,0
DA:207,0
DA:208,0
DA:211,0
DA:212,0
DA:213,0
DA:216,0
DA:217,0
DA:220,0
DA:224,0
DA:225,0
DA:229,0
DA:230,0
DA:231,0
DA:235,0
DA:239,0
DA:243,0
DA:247,0
DA:251,0
DA:259,0
DA:269,0
DA:270,0
DA:273,0
DA:274,0
DA:276,0
DA:277,0
DA:281,0
DA:292,0
DA:293,0
DA:298,0
DA:303,0
DA:306,0
DA:309,0
DA:312,0
DA:317,0
DA:321,0
DA:322,0
DA:323,0
DA:324,0
DA:326,0
DA:330,0
DA:334,0
DA:338,0
DA:343,0
DA:344,0
DA:345,0
DA:346,0
DA:350,0
DA:351,0
DA:352,0
DA:358,0
DA:363,0
DA:364,0
DA:369,0
DA:370,0
DA:374,0
LF:104
LH:2
BRDA:62,1,0,0
BRDA:62,1,1,0
BRDA:62,2,0,0
BRDA:62,2,1,0
BRDA:62,2,2,0
BRDA:68,3,0,0
BRDA:68,3,1,0
BRDA:77,4,0,0
BRDA:77,4,1,0
BRDA:77,5,0,0
BRDA:77,5,1,0
BRDA:77,5,2,0
BRDA:84,6,0,0
BRDA:84,6,1,0
BRDA:97,7,0,0
BRDA:97,7,1,0
BRDA:102,8,0,0
BRDA:102,8,1,0
BRDA:108,9,0,0
BRDA:108,9,1,0
BRDA:121,10,0,0
BRDA:121,10,1,0
BRDA:153,11,0,0
BRDA:153,11,1,0
BRDA:156,12,0,0
BRDA:156,12,1,0
BRDA:172,13,0,0
BRDA:172,13,1,0
BRDA:178,14,0,0
BRDA:178,14,1,0
BRDA:179,15,0,0
BRDA:179,15,1,0
BRDA:186,16,0,0
BRDA:186,16,1,0
BRDA:190,17,0,0
BRDA:190,17,1,0
BRDA:207,18,0,0
BRDA:207,18,1,0
BRDA:212,19,0,0
BRDA:212,19,1,0
BRDA:212,20,0,0
BRDA:212,20,1,0
BRDA:216,21,0,0
BRDA:216,21,1,0
BRDA:216,22,0,0
BRDA:216,22,1,0
BRDA:235,23,0,0
BRDA:235,23,1,0
BRDA:239,24,0,0
BRDA:239,24,1,0
BRDA:247,25,0,0
BRDA:247,25,1,0
BRDA:269,26,0,0
BRDA:269,26,1,0
BRDA:273,27,0,0
BRDA:273,27,1,0
BRDA:276,28,0,0
BRDA:276,28,1,0
BRDA:276,29,0,0
BRDA:276,29,1,0
BRDA:285,30,0,0
BRDA:285,30,1,0
BRDA:288,31,0,0
BRDA:288,31,1,0
BRDA:343,32,0,0
BRDA:343,32,1,0
BRDA:350,33,0,0
BRDA:350,33,1,0
BRF:68
BRH:0
end_of_record
TN:
SF:src/js/extensions/anchor-preview.js
FN:1,(anonymous_1)
FN:29,(anonymous_2)
FN:37,(anonymous_3)
FN:42,(anonymous_4)
FN:46,(anonymous_5)
FN:58,(anonymous_6)
FN:64,(anonymous_7)
FN:73,(anonymous_8)
FN:80,(anonymous_9)
FN:106,(anonymous_10)
FN:129,(anonymous_11)
FN:163,(anonymous_12)
FN:168,(anonymous_13)
FN:176,(anonymous_14)
FN:187,(anonymous_15)
FN:203,(anonymous_16)
FN:209,(anonymous_17)
FN:242,(anonymous_18)
FN:249,(anonymous_19)
FN:254,(anonymous_20)
FN:260,(anonymous_21)
FN:271,(anonymous_22)
FN:289,(anonymous_23)
FNF:23
FNH:1
FNDA:1,(anonymous_1)
FNDA:0,(anonymous_2)
FNDA:0,(anonymous_3)
FNDA:0,(anonymous_4)
FNDA:0,(anonymous_5)
FNDA:0,(anonymous_6)
FNDA:0,(anonymous_7)
FNDA:0,(anonymous_8)
FNDA:0,(anonymous_9)
FNDA:0,(anonymous_10)
FNDA:0,(anonymous_11)
FNDA:0,(anonymous_12)
FNDA:0,(anonymous_13)
FNDA:0,(anonymous_14)
FNDA:0,(anonymous_15)
FNDA:0,(anonymous_16)
FNDA:0,(anonymous_17)
FNDA:0,(anonymous_18)
FNDA:0,(anonymous_19)
FNDA:0,(anonymous_20)
FNDA:0,(anonymous_21)
FNDA:0,(anonymous_22)
FNDA:0,(anonymous_23)
DA:1,1
DA:4,1
DA:30,0
DA:32,0
DA:34,0
DA:38,0
DA:43,0
DA:47,0
DA:49,0
DA:50,0
DA:51,0
DA:53,0
DA:55,0
DA:59,0
DA:65,0
DA:66,0
DA:67,0
DA:69,0
DA:74,0
DA:75,0
DA:77,0
DA:81,0
DA:83,0
DA:86,0
DA:87,0
DA:88,0
DA:91,0
DA:92,0
DA:94,0
DA:95,0
DA:98,0
DA:100,0
DA:101,0
DA:103,0
DA:107,0
DA:108,0
DA:118,0
DA:119,0
DA:120,0
DA:121,0
DA:122,0
DA:124,0
DA:127,0
DA:128,0
DA:129,0
DA:130,0
DA:133,0
DA:134,0
DA:135,0
DA:137,0
DA:140,0
DA:143,0
DA:146,0
DA:147,0
DA:149,0
DA:150,0
DA:151,0
DA:152,0
DA:153,0
DA:154,0
DA:155,0
DA:156,0
DA:158,0
DA:159,0
DA:164,0
DA:165,0
DA:171,0
DA:172,0
DA:177,0
DA:180,0
DA:181,0
DA:183,0
DA:187,0
DA:188,0
DA:189,0
DA:194,0
DA:195,0
DA:200,0
DA:204,0
DA:205,0
DA:206,0
DA:210,0
DA:212,0
DA:213,0
DA:219,0
DA:221,0
DA:225,0
DA:226,0
DA:227,0
DA:231,0
DA:232,0
DA:235,0
DA:237,0
DA:238,0
DA:242,0
DA:243,0
DA:244,0
DA:250,0
DA:251,0
DA:255,0
DA:256,0
DA:261,0
DA:262,0
DA:264,0
DA:265,0
DA:267,0
DA:273,0
DA:274,0
DA:275,0
DA:276,0
DA:277,0
DA:278,0
DA:279,0
DA:283,0
DA:285,0
DA:290,0
DA:291,0
DA:293,0
DA:294,0
DA:296,0
DA:298,0
DA:299,0
DA:300,0
DA:301,0
DA:305,0
LF:125
LH:2
BRDA:65,1,0,0
BRDA:65,1,1,0
BRDA:66,2,0,0
BRDA:66,2,1,0
BRDA:74,3,0,0
BRDA:74,3,1,0
BRDA:81,4,0,0
BRDA:81,4,1,0
BRDA:81,5,0,0
BRDA:81,5,1,0
BRDA:86,6,0,0
BRDA:86,6,1,0
BRDA:94,7,0,0
BRDA:94,7,1,0
BRDA:107,8,0,0
BRDA:107,8,1,0
BRDA:120,9,0,0
BRDA:120,9,1,0
BRDA:127,10,0,0
BRDA:127,10,1,0
BRDA:151,11,0,0
BRDA:151,11,1,0
BRDA:154,12,0,0
BRDA:154,12,1,0
BRDA:171,13,0,0
BRDA:171,13,1,0
BRDA:180,14,0,0
BRDA:180,14,1,0
BRDA:180,15,0,0
BRDA:180,15,1,0
BRDA:188,16,0,0
BRDA:188,16,1,0
BRDA:212,17,0,0
BRDA:212,17,1,0
BRDA:219,18,0,0
BRDA:219,18,1,0
BRDA:219,19,0,0
BRDA:219,19,1,0
BRDA:219,19,2,0
BRDA:226,20,0,0
BRDA:226,20,1,0
BRDA:226,21,0,0
BRDA:226,21,1,0
BRDA:226,21,2,0
BRDA:226,21,3,0
BRDA:231,22,0,0
BRDA:231,22,1,0
BRDA:231,23,0,0
BRDA:231,23,1,0
BRDA:243,24,0,0
BRDA:243,24,1,0
BRDA:255,25,0,0
BRDA:255,25,1,0
BRDA:255,26,0,0
BRDA:255,26,1,0
BRDA:261,27,0,0
BRDA:261,27,1,0
BRDA:265,28,0,0
BRDA:265,28,1,0
BRDA:274,29,0,0
BRDA:274,29,1,0
BRDA:277,30,0,0
BRDA:277,30,1,0
BRF:63
BRH:0
end_of_record
TN:
SF:src/js/extensions/auto-link.js
FN:1,(anonymous_1)
FN:32,nodeIsNotInsideAnchorTag
FN:37,(anonymous_3)
FN:47,(anonymous_4)
FN:58,(anonymous_5)
FN:65,(anonymous_6)
FN:69,(anonymous_7)
FN:77,(anonymous_8)
FN:95,(anonymous_9)
FN:129,(anonymous_10)
FN:159,(anonymous_11)
FN:185,(anonymous_12)
FN:200,(anonymous_13)
FN:204,(anonymous_14)
FN:212,(anonymous_15)
FN:238,(anonymous_16)
FNF:16
FNH:1
FNDA:1,(anonymous_1)
FNDA:0,nodeIsNotInsideAnchorTag
FNDA:0,(anonymous_3)
FNDA:0,(anonymous_4)
FNDA:0,(anonymous_5)
FNDA:0,(anonymous_6)
FNDA:0,(anonymous_7)
FNDA:0,(anonymous_8)
FNDA:0,(anonymous_9)
FNDA:0,(anonymous_10)
FNDA:0,(anonymous_11)
FNDA:0,(anonymous_12)
FNDA:0,(anonymous_13)
FNDA:0,(anonymous_14)
FNDA:0,(anonymous_15)
FNDA:0,(anonymous_16)
DA:1,1
DA:4,1
DA:10,1
DA:12,1
DA:21,1
DA:28,1
DA:30,1
DA:32,1
DA:33,0
DA:36,1
DA:38,0
DA:40,0
DA:41,0
DA:42,0
DA:44,0
DA:48,0
DA:49,0
DA:50,0
DA:51,0
DA:52,0
DA:55,0
DA:60,0
DA:61,0
DA:66,0
DA:70,0
DA:71,0
DA:74,0
DA:75,0
DA:77,0
DA:78,0
DA:79,0
DA:80,0
DA:83,0
DA:86,0
DA:87,0
DA:89,0
DA:116,0
DA:118,0
DA:119,0
DA:121,0
DA:122,0
DA:123,0
DA:125,0
DA:126,0
DA:130,0
DA:131,0
DA:134,0
DA:137,0
DA:138,0
DA:139,0
DA:140,0
DA:142,0
DA:143,0
DA:144,0
DA:145,0
DA:146,0
DA:148,0
DA:152,0
DA:156,0
DA:160,0
DA:164,0
DA:165,0
DA:168,0
DA:171,0
DA:172,0
DA:173,0
DA:174,0
DA:175,0
DA:176,0
DA:178,0
DA:179,0
DA:182,0
DA:186,0
DA:189,0
DA:190,0
DA:192,0
DA:193,0
DA:195,0
DA:197,0
DA:201,0
DA:202,0
DA:204,0
DA:205,0
DA:209,0
DA:213,0
DA:217,0
DA:218,0
DA:221,0
DA:224,0
DA:227,0
DA:228,0
DA:235,0
DA:239,0
DA:240,0
DA:242,0
DA:243,0
DA:244,0
DA:245,0
DA:246,0
DA:252,0
LF:100
LH:9
BRDA:51,1,0,0
BRDA:51,1,1,0
BRDA:51,2,0,0
BRDA:51,2,1,0
BRDA:60,3,0,0
BRDA:60,3,1,0
BRDA:60,4,0,0
BRDA:60,4,1,0
BRDA:70,5,0,0
BRDA:70,5,1,0
BRDA:74,6,0,0
BRDA:74,6,1,0
BRDA:80,7,0,0
BRDA:80,7,1,0
BRDA:86,8,0,0
BRDA:86,8,1,0
BRDA:118,9,0,0
BRDA:118,9,1,0
BRDA:122,10,0,0
BRDA:122,10,1,0
BRDA:123,11,0,0
BRDA:123,11,1,0
BRDA:130,12,0,0
BRDA:130,12,1,0
BRDA:130,13,0,0
BRDA:130,13,1,0
BRDA:139,14,0,0
BRDA:139,14,1,0
BRDA:142,15,0,0
BRDA:142,15,1,0
BRDA:142,16,0,0
BRDA:142,16,1,0
BRDA:145,17,0,0
BRDA:145,17,1,0
BRDA:171,18,0,0
BRDA:171,18,1,0
BRDA:174,19,0,0
BRDA:174,19,1,0
BRDA:192,20,0,0
BRDA:192,20,1,0
BRDA:202,21,0,0
BRDA:202,21,1,0
BRDA:205,22,0,0
BRDA:205,22,1,0
BRDA:205,22,2,0
BRDA:221,23,0,0
BRDA:221,23,1,0
BRDA:221,23,2,0
BRDA:221,23,3,0
BRDA:224,24,0,0
BRDA:224,24,1,0
BRDA:224,24,2,0
BRDA:227,25,0,0
BRDA:227,25,1,0
BRDA:240,26,0,0
BRDA:240,26,1,0
BRF:56
BRH:0
end_of_record
TN:
SF:src/js/extensions/file-dragging.js
FN:1,(anonymous_1)
FN:5,clearClassNames
FN:9,(anonymous_3)
FN:19,(anonymous_4)
FN:26,(anonymous_5)
FN:40,(anonymous_6)
FN:53,(anonymous_7)
FN:66,(anonymous_8)
FN:67,(anonymous_9)
FN:72,(anonymous_10)
FN:80,(anonymous_11)
FNF:11
FNH:0
FNDA:0,(anonymous_1)
FNDA:0,clearClassNames
FNDA:0,(anonymous_3)
FNDA:0,(anonymous_4)
FNDA:0,(anonymous_5)
FNDA:0,(anonymous_6)
FNDA:0,(anonymous_7)
FNDA:0,(anonymous_8)
FNDA:0,(anonymous_9)
FNDA:0,(anonymous_10)
FNDA:0,(anonymous_11)
DA:1,1
DA:3,0
DA:5,1
DA:6,0
DA:9,0
DA:10,0
DA:14,0
DA:20,0
DA:22,0
DA:23,0
DA:27,0
DA:28,0
DA:30,0
DA:33,0
DA:35,0
DA:36,0
DA:42,0
DA:43,0
DA:46,0
DA:47,0
DA:48,0
DA:49,0
DA:52,0
DA:53,0
DA:54,0
DA:55,0
DA:56,0
DA:63,0
DA:67,0
DA:68,0
DA:73,0
DA:74,0
DA:76,0
DA:77,0
DA:80,0
DA:81,0
DA:82,0
DA:83,0
DA:88,0
LF:39
LH:2
BRDA:30,1,0,0
BRDA:30,1,1,0
BRDA:35,2,0,0
BRDA:35,2,1,0
BRDA:52,3,0,0
BRDA:52,3,1,0
BRDA:54,4,0,0
BRDA:54,4,1,0
BRDA:55,5,0,0
BRDA:55,5,1,0
BRDA:73,6,0,0
BRDA:73,6,1,0
BRF:12
BRH:0
end_of_record
TN:
SF:src/js/extensions/keyboard-commands.js
FN:1,(anonymous_1)
FN:42,(anonymous_2)
FN:47,(anonymous_3)
FN:56,(anonymous_4)
FN:66,(anonymous_5)
FNF:5
FNH:1
FNDA:1,(anonymous_1)
FNDA:0,(anonymous_2)
FNDA:0,(anonymous_3)
FNDA:0,(anonymous_4)
FNDA:0,(anonymous_5)
DA:1,1
DA:4,1
DA:43,0
DA:45,0
DA:46,0
DA:47,0
DA:48,0
DA:49,0
DA:50,0
DA:52,0
DA:57,0
DA:58,0
DA:59,0
DA:62,0
DA:66,0
DA:67,0
DA:71,0
DA:72,0
DA:75,0
DA:76,0
DA:79,0
DA:80,0
DA:87,0
LF:23
LH:2
BRDA:49,1,0,0
BRDA:49,1,1,0
BRDA:58,2,0,0
BRDA:58,2,1,0
BRDA:67,3,0,0
BRDA:67,3,1,0
BRDA:67,4,0,0
BRDA:67,4,1,0
BRDA:67,4,2,0
BRDA:67,4,3,0
BRDA:75,5,0,0
BRDA:75,5,1,0
BRDA:79,6,0,0
BRDA:79,6,1,0
BRF:14
BRH:0
end_of_record
TN:
SF:src/js/extensions/fontname.js
FN:1,(anonymous_1)
FN:14,(anonymous_2)
FN:20,(anonymous_3)
FN:34,(anonymous_4)
FN:42,(anonymous_5)
FN:46,(anonymous_6)
FN:51,(anonymous_7)
FN:64,(anonymous_8)
FN:78,(anonymous_9)
FN:83,(anonymous_10)
FN:90,(anonymous_11)
FN:144,(anonymous_12)
FN:148,(anonymous_13)
FN:149,(anonymous_14)
FN:156,(anonymous_15)
FN:165,(anonymous_16)
FN:170,(anonymous_17)
FN:176,(anonymous_18)
FNF:18
FNH:1
FNDA:1,(anonymous_1)
FNDA:0,(anonymous_2)
FNDA:0,(anonymous_3)
FNDA:0,(anonymous_4)
FNDA:0,(anonymous_5)
FNDA:0,(anonymous_6)
FNDA:0,(anonymous_7)
FNDA:0,(anonymous_8)
FNDA:0,(anonymous_9)
FNDA:0,(anonymous_10)
FNDA:0,(anonymous_11)
FNDA:0,(anonymous_12)
FNDA:0,(anonymous_13)
FNDA:0,(anonymous_14)
FNDA:0,(anonymous_15)
FNDA:0,(anonymous_16)
FNDA:0,(anonymous_17)
FNDA:0,(anonymous_18)
DA:1,1
DA:4,1
DA:15,0
DA:21,0
DA:22,0
DA:24,0
DA:26,0
DA:27,0
DA:30,0
DA:35,0
DA:36,0
DA:38,0
DA:43,0
DA:47,0
DA:48,0
DA:52,0
DA:54,0
DA:55,0
DA:56,0
DA:57,0
DA:59,0
DA:60,0
DA:65,0
DA:66,0
DA:69,0
DA:70,0
DA:73,0
DA:79,0
DA:80,0
DA:84,0
DA:85,0
DA:86,0
DA:91,0
DA:99,0
DA:100,0
DA:103,0
DA:106,0
DA:107,0
DA:108,0
DA:109,0
DA:110,0
DA:113,0
DA:114,0
DA:117,0
DA:120,0
DA:121,0
DA:122,0
DA:125,0
DA:128,0
DA:131,0
DA:132,0
DA:133,0
DA:136,0
DA:139,0
DA:141,0
DA:145,0
DA:149,0
DA:150,0
DA:151,0
DA:157,0
DA:158,0
DA:159,0
DA:161,0
DA:167,0
DA:172,0
DA:173,0
DA:178,0
DA:179,0
DA:183,0
LF:69
LH:2
BRDA:24,1,0,0
BRDA:24,1,1,0
BRDA:35,2,0,0
BRDA:35,2,1,0
BRDA:59,3,0,0
BRDA:59,3,1,0
BRDA:65,4,0,0
BRDA:65,4,1,0
BRDA:69,5,0,0
BRDA:69,5,1,0
BRDA:122,6,0,0
BRDA:122,6,1,0
BRDA:133,7,0,0
BRDA:133,7,1,0
BRDA:150,8,0,0
BRDA:150,8,1,0
BRDA:150,9,0,0
BRDA:150,9,1,0
BRDA:158,10,0,0
BRDA:158,10,1,0
BRF:20
BRH:0
end_of_record
TN:
SF:src/js/extensions/fontsize.js
FN:1,(anonymous_1)
FN:12,(anonymous_2)
FN:18,(anonymous_3)
FN:32,(anonymous_4)
FN:40,(anonymous_5)
FN:44,(anonymous_6)
FN:49,(anonymous_7)
FN:62,(anonymous_8)
FN:76,(anonymous_9)
FN:81,(anonymous_10)
FN:88,(anonymous_11)
FN:137,(anonymous_12)
FN:141,(anonymous_13)
FN:142,(anonymous_14)
FN:149,(anonymous_15)
FN:158,(anonymous_16)
FN:163,(anonymous_17)
FN:169,(anonymous_18)
FNF:18
FNH:1
FNDA:1,(anonymous_1)
FNDA:0,(anonymous_2)
FNDA:0,(anonymous_3)
FNDA:0,(anonymous_4)
FNDA:0,(anonymous_5)
FNDA:0,(anonymous_6)
FNDA:0,(anonymous_7)
FNDA:0,(anonymous_8)
FNDA:0,(anonymous_9)
FNDA:0,(anonymous_10)
FNDA:0,(anonymous_11)
FNDA:0,(anonymous_12)
FNDA:0,(anonymous_13)
FNDA:0,(anonymous_14)
FNDA:0,(anonymous_15)
FNDA:0,(anonymous_16)
FNDA:0,(anonymous_17)
FNDA:0,(anonymous_18)
DA:1,1
DA:4,1
DA:13,0
DA:19,0
DA:20,0
DA:22,0
DA:24,0
DA:25,0
DA:28,0
DA:33,0
DA:34,0
DA:36,0
DA:41,0
DA:45,0
DA:46,0
DA:50,0
DA:52,0
DA:53,0
DA:54,0
DA:55,0
DA:57,0
DA:58,0
DA:63,0
DA:64,0
DA:67,0
DA:68,0
DA:71,0
DA:77,0
DA:78,0
DA:82,0
DA:83,0
DA:84,0
DA:89,0
DA:96,0
DA:97,0
DA:100,0
DA:103,0
DA:104,0
DA:105,0
DA:106,0
DA:107,0
DA:110,0
DA:113,0
DA:114,0
DA:115,0
DA:118,0
DA:121,0
DA:124,0
DA:125,0
DA:126,0
DA:129,0
DA:132,0
DA:134,0
DA:138,0
DA:142,0
DA:143,0
DA:144,0
DA:150,0
DA:151,0
DA:152,0
DA:154,0
DA:160,0
DA:165,0
DA:166,0
DA:171,0
DA:172,0
DA:176,0
LF:67
LH:2
BRDA:22,1,0,0
BRDA:22,1,1,0
BRDA:33,2,0,0
BRDA:33,2,1,0
BRDA:57,3,0,0
BRDA:57,3,1,0
BRDA:63,4,0,0
BRDA:63,4,1,0
BRDA:67,5,0,0
BRDA:67,5,1,0
BRDA:115,6,0,0
BRDA:115,6,1,0
BRDA:126,7,0,0
BRDA:126,7,1,0
BRDA:143,8,0,0
BRDA:143,8,1,0
BRDA:143,9,0,0
BRDA:143,9,1,0
BRDA:151,10,0,0
BRDA:151,10,1,0
BRF:20
BRH:0
end_of_record
TN:
SF:src/js/extensions/paste.js
FN:1,(anonymous_1)
FN:9,(anonymous_2)
FN:20,createReplacements
FN:77,getClipboardContent
FN:149,(anonymous_5)
FN:156,(anonymous_6)
FN:163,(anonymous_7)
FN:167,(anonymous_8)
FN:174,(anonymous_9)
FN:199,(anonymous_10)
FN:230,(anonymous_11)
FN:258,(anonymous_12)
FN:279,(anonymous_13)
FN:291,(anonymous_14)
FN:337,(anonymous_15)
FN:361,(anonymous_16)
FN:365,(anonymous_17)
FN:389,(anonymous_18)
FN:435,(anonymous_19)
FN:468,(anonymous_20)
FN:473,(anonymous_21)
FN:480,(anonymous_22)
FN:495,(anonymous_23)
FN:506,(anonymous_24)
FN:511,(anonymous_25)
FNF:25
FNH:1
FNDA:1,(anonymous_1)
FNDA:0,(anonymous_2)
FNDA:0,createReplacements
FNDA:0,getClipboardContent
FNDA:0,(anonymous_5)
FNDA:0,(anonymous_6)
FNDA:0,(anonymous_7)
FNDA:0,(anonymous_8)
FNDA:0,(anonymous_9)
FNDA:0,(anonymous_10)
FNDA:0,(anonymous_11)
FNDA:0,(anonymous_12)
FNDA:0,(anonymous_13)
FNDA:0,(anonymous_14)
FNDA:0,(anonymous_15)
FNDA:0,(anonymous_16)
FNDA:0,(anonymous_17)
FNDA:0,(anonymous_18)
FNDA:0,(anonymous_19)
FNDA:0,(anonymous_20)
FNDA:0,(anonymous_21)
FNDA:0,(anonymous_22)
FNDA:0,(anonymous_23)
FNDA:0,(anonymous_24)
FNDA:0,(anonymous_25)
DA:1,1
DA:6,1
DA:10,0
DA:20,1
DA:21,0
DA:77,1
DA:78,0
DA:81,0
DA:82,0
DA:86,0
DA:87,0
DA:88,0
DA:89,0
DA:93,0
DA:94,0
DA:95,0
DA:96,0
DA:100,0
DA:103,1
DA:150,0
DA:152,0
DA:153,0
DA:156,0
DA:157,0
DA:159,0
DA:164,0
DA:169,0
DA:170,0
DA:175,0
DA:176,0
DA:179,0
DA:183,0
DA:189,0
DA:192,0
DA:193,0
DA:195,0
DA:200,0
DA:204,0
DA:205,0
DA:208,0
DA:209,0
DA:212,0
DA:213,0
DA:215,0
DA:216,0
DA:217,0
DA:218,0
DA:222,0
DA:225,0
DA:227,0
DA:231,0
DA:232,0
DA:233,0
DA:236,0
DA:243,0
DA:244,0
DA:245,0
DA:246,0
DA:252,0
DA:253,0
DA:258,0
DA:260,0
DA:262,0
DA:266,0
DA:269,0
DA:275,0
DA:281,0
DA:282,0
DA:285,0
DA:287,0
DA:288,0
DA:292,0
DA:296,0
DA:298,0
DA:299,0
DA:302,0
DA:303,0
DA:304,0
DA:305,0
DA:307,0
DA:311,0
DA:313,0
DA:314,0
DA:315,0
DA:316,0
DA:317,0
DA:319,0
DA:322,0
DA:323,0
DA:324,0
DA:326,0
DA:328,0
DA:330,0
DA:331,0
DA:334,0
DA:338,0
DA:339,0
DA:340,0
DA:343,0
DA:344,0
DA:347,0
DA:348,0
DA:349,0
DA:352,0
DA:353,0
DA:354,0
DA:355,0
DA:356,0
DA:357,0
DA:362,0
DA:366,0
DA:368,0
DA:369,0
DA:374,0
DA:375,0
DA:378,0
DA:382,0
DA:383,0
DA:386,0
DA:390,0
DA:397,0
DA:398,0
DA:401,0
DA:402,0
DA:406,0
DA:409,0
DA:412,0
DA:413,0
DA:414,0
DA:419,0
DA:421,0
DA:424,0
DA:425,0
DA:427,0
DA:428,0
DA:432,0
DA:436,0
DA:442,0
DA:444,0
DA:446,0
DA:447,0
DA:449,0
DA:451,0
DA:452,0
DA:453,0
DA:455,0
DA:456,0
DA:459,0
DA:460,0
DA:461,0
DA:464,0
DA:469,0
DA:474,0
DA:475,0
DA:481,0
DA:483,0
DA:484,0
DA:486,0
DA:487,0
DA:489,0
DA:496,0
DA:497,0
DA:498,0
DA:500,0
DA:507,0
DA:512,0
DA:515,0
DA:516,0
DA:517,0
DA:519,0
DA:521,0
DA:523,0
DA:525,0
DA:528,0
DA:529,0
DA:530,0
DA:533,0
DA:534,0
DA:538,0
DA:543,0
LF:180
LH:5
BRDA:78,1,0,0
BRDA:78,1,1,0
BRDA:78,1,2,0
BRDA:81,2,0,0
BRDA:81,2,1,0
BRDA:86,3,0,0
BRDA:86,3,1,0
BRDA:88,4,0,0
BRDA:88,4,1,0
BRDA:88,5,0,0
BRDA:88,5,1,0
BRDA:93,6,0,0
BRDA:93,6,1,0
BRDA:152,7,0,0
BRDA:152,7,1,0
BRDA:152,8,0,0
BRDA:152,8,1,0
BRDA:169,9,0,0
BRDA:169,9,1,0
BRDA:169,10,0,0
BRDA:169,10,1,0
BRDA:175,11,0,0
BRDA:175,11,1,0
BRDA:183,12,0,0
BRDA:183,12,1,0
BRDA:183,13,0,0
BRDA:183,13,1,0
BRDA:183,13,2,0
BRDA:192,14,0,0
BRDA:192,14,1,0
BRDA:192,15,0,0
BRDA:192,15,1,0
BRDA:204,16,0,0
BRDA:204,16,1,0
BRDA:204,17,0,0
BRDA:204,17,1,0
BRDA:208,18,0,0
BRDA:208,18,1,0
BRDA:212,19,0,0
BRDA:212,19,1,0
BRDA:212,20,0,0
BRDA:212,20,1,0
BRDA:212,20,2,0
BRDA:215,21,0,0
BRDA:215,21,1,0
BRDA:217,22,0,0
BRDA:217,22,1,0
BRDA:231,23,0,0
BRDA:231,23,1,0
BRDA:243,24,0,0
BRDA:243,24,1,0
BRDA:243,25,0,0
BRDA:243,25,1,0
BRDA:260,26,0,0
BRDA:260,26,1,0
BRDA:281,27,0,0
BRDA:281,27,1,0
BRDA:281,28,0,0
BRDA:281,28,1,0
BRDA:298,29,0,0
BRDA:298,29,1,0
BRDA:302,30,0,0
BRDA:302,30,1,0
BRDA:304,31,0,0
BRDA:304,31,1,0
BRDA:330,32,0,0
BRDA:330,32,1,0
BRDA:338,33,0,0
BRDA:338,33,1,0
BRDA:343,34,0,0
BRDA:343,34,1,0
BRDA:348,35,0,0
BRDA:348,35,1,0
BRDA:352,36,0,0
BRDA:352,36,1,0
BRDA:368,37,0,0
BRDA:368,37,1,0
BRDA:374,38,0,0
BRDA:374,38,1,0
BRDA:374,39,0,0
BRDA:374,39,1,0
BRDA:382,40,0,0
BRDA:382,40,1,0
BRDA:382,41,0,0
BRDA:382,41,1,0
BRDA:393,42,0,0
BRDA:393,42,1,0
BRDA:395,43,0,0
BRDA:395,43,1,0
BRDA:401,44,0,0
BRDA:401,44,1,0
BRDA:421,45,0,0
BRDA:421,45,1,0
BRDA:421,45,2,0
BRDA:455,46,0,0
BRDA:455,46,1,0
BRDA:455,47,0,0
BRDA:455,47,1,0
BRDA:469,48,0,0
BRDA:469,48,1,0
BRDA:469,48,2,0
BRDA:474,49,0,0
BRDA:474,49,1,0
BRDA:474,50,0,0
BRDA:474,50,1,0
BRDA:481,51,0,0
BRDA:481,51,1,0
BRDA:484,52,0,0
BRDA:484,52,1,0
BRDA:484,53,0,0
BRDA:484,53,1,0
BRDA:484,53,2,0
BRDA:487,54,0,0
BRDA:487,54,1,0
BRDA:487,55,0,0
BRDA:487,55,1,0
BRDA:487,55,2,0
BRDA:496,56,0,0
BRDA:496,56,1,0
BRDA:496,57,0,0
BRDA:496,57,1,0
BRDA:497,58,0,0
BRDA:497,58,1,0
BRDA:497,59,0,0
BRDA:497,59,1,0
BRDA:512,60,0,0
BRDA:512,60,1,0
BRDA:512,60,2,0
BRDA:517,61,0,0
BRDA:517,61,1,0
BRDA:519,62,0,0
BRDA:519,62,1,0
BRDA:519,63,0,0
BRDA:519,63,1,0
BRDA:533,64,0,0
BRDA:533,64,1,0
BRF:136
BRH:0
end_of_record
TN:
SF:src/js/extensions/placeholder.js
FN:1,(anonymous_1)
FN:19,(anonymous_2)
FN:26,(anonymous_3)
FN:30,(anonymous_4)
FN:34,(anonymous_5)
FN:41,(anonymous_6)
FN:45,(anonymous_7)
FN:49,(anonymous_8)
FN:55,(anonymous_9)
FN:72,(anonymous_10)
FN:79,(anonymous_11)
FN:90,(anonymous_12)
FN:107,(anonymous_13)
FN:116,(anonymous_14)
FN:121,(anonymous_15)
FNF:15
FNH:1
FNDA:1,(anonymous_1)
FNDA:0,(anonymous_2)
FNDA:0,(anonymous_3)
FNDA:0,(anonymous_4)
FNDA:0,(anonymous_5)
FNDA:0,(anonymous_6)
FNDA:0,(anonymous_7)
FNDA:0,(anonymous_8)
FNDA:0,(anonymous_9)
FNDA:0,(anonymous_10)
FNDA:0,(anonymous_11)
FNDA:0,(anonymous_12)
FNDA:0,(anonymous_13)
FNDA:0,(anonymous_14)
FNDA:0,(anonymous_15)
DA:1,1
DA:4,1
DA:20,0
DA:22,0
DA:23,0
DA:27,0
DA:31,0
DA:35,0
DA:36,0
DA:38,0
DA:42,0
DA:46,0
DA:50,0
DA:51,0
DA:56,0
DA:62,0
DA:63,0
DA:64,0
DA:66,0
DA:67,0
DA:73,0
DA:74,0
DA:75,0
DA:81,0
DA:82,0
DA:85,0
DA:86,0
DA:91,0
DA:93,0
DA:97,0
DA:100,0
DA:103,0
DA:104,0
DA:110,0
DA:113,0
DA:118,0
DA:123,0
DA:127,0
LF:38
LH:2
BRDA:35,1,0,0
BRDA:35,1,1,0
BRDA:50,2,0,0
BRDA:50,2,1,0
BRDA:56,3,0,0
BRDA:56,3,1,0
BRDA:62,4,0,0
BRDA:62,4,1,0
BRDA:62,5,0,0
BRDA:62,5,1,0
BRDA:73,6,0,0
BRDA:73,6,1,0
BRDA:81,7,0,0
BRDA:81,7,1,0
BRDA:81,8,0,0
BRDA:81,8,1,0
BRDA:85,9,0,0
BRDA:85,9,1,0
BRDA:91,10,0,0
BRDA:91,10,1,0
BRDA:110,11,0,0
BRDA:110,11,1,0
BRF:22
BRH:0
end_of_record
TN:
SF:src/js/extensions/toolbar.js
FN:1,(anonymous_1)
FN:82,(anonymous_2)
FN:95,(anonymous_3)
FN:96,(anonymous_4)
FN:106,(anonymous_5)
FN:123,(anonymous_6)
FN:134,(anonymous_7)
FN:147,(anonymous_8)
FN:181,(anonymous_9)
FN:192,(anonymous_10)
FN:196,(anonymous_11)
FN:204,(anonymous_12)
FN:210,(anonymous_13)
FN:214,(anonymous_14)
FN:221,(anonymous_15)
FN:243,(anonymous_16)
FN:247,(anonymous_17)
FN:251,(anonymous_18)
FN:261,(anonymous_19)
FN:264,(anonymous_20)
FN:269,(anonymous_21)
FN:273,(anonymous_22)
FN:282,(anonymous_23)
FN:287,(anonymous_24)
FN:293,(anonymous_25)
FN:297,(anonymous_26)
FN:305,(anonymous_27)
FN:312,(anonymous_28)
FN:316,(anonymous_29)
FN:322,(anonymous_30)
FN:331,(anonymous_31)
FN:336,(anonymous_32)
FN:338,(anonymous_33)
FN:348,(anonymous_34)
FN:357,(anonymous_35)
FN:392,(anonymous_36)
FN:432,(anonymous_37)
FN:440,(anonymous_38)
FN:441,(anonymous_39)
FN:451,(anonymous_40)
FN:456,(anonymous_41)
FN:473,(anonymous_42)
FN:493,(anonymous_43)
FN:513,(anonymous_44)
FN:519,(anonymous_45)
FN:544,(anonymous_46)
FN:601,(anonymous_47)
FN:635,(anonymous_48)
FN:676,(anonymous_49)
FNF:49
FNH:1
FNDA:1,(anonymous_1)
FNDA:0,(anonymous_2)
FNDA:0,(anonymous_3)
FNDA:0,(anonymous_4)
FNDA:0,(anonymous_5)
FNDA:0,(anonymous_6)
FNDA:0,(anonymous_7)
FNDA:0,(anonymous_8)
FNDA:0,(anonymous_9)
FNDA:0,(anonymous_10)
FNDA:0,(anonymous_11)
FNDA:0,(anonymous_12)
FNDA:0,(anonymous_13)
FNDA:0,(anonymous_14)
FNDA:0,(anonymous_15)
FNDA:0,(anonymous_16)
FNDA:0,(anonymous_17)
FNDA:0,(anonymous_18)
FNDA:0,(anonymous_19)
FNDA:0,(anonymous_20)
FNDA:0,(anonymous_21)
FNDA:0,(anonymous_22)
FNDA:0,(anonymous_23)
FNDA:0,(anonymous_24)
FNDA:0,(anonymous_25)
FNDA:0,(anonymous_26)
FNDA:0,(anonymous_27)
FNDA:0,(anonymous_28)
FNDA:0,(anonymous_29)
FNDA:0,(anonymous_30)
FNDA:0,(anonymous_31)
FNDA:0,(anonymous_32)
FNDA:0,(anonymous_33)
FNDA:0,(anonymous_34)
FNDA:0,(anonymous_35)
FNDA:0,(anonymous_36)
FNDA:0,(anonymous_37)
FNDA:0,(anonymous_38)
FNDA:0,(anonymous_39)
FNDA:0,(anonymous_40)
FNDA:0,(anonymous_41)
FNDA:0,(anonymous_42)
FNDA:0,(anonymous_43)
FNDA:0,(anonymous_44)
FNDA:0,(anonymous_45)
FNDA:0,(anonymous_46)
FNDA:0,(anonymous_47)
FNDA:0,(anonymous_48)
FNDA:0,(anonymous_49)
DA:1,1
DA:4,1
DA:83,0
DA:85,0
DA:87,0
DA:88,0
DA:90,0
DA:96,0
DA:97,0
DA:98,0
DA:100,0
DA:107,0
DA:109,0
DA:110,0
DA:112,0
DA:113,0
DA:114,0
DA:115,0
DA:117,0
DA:120,0
DA:123,0
DA:124,0
DA:125,0
DA:129,0
DA:131,0
DA:135,0
DA:143,0
DA:144,0
DA:145,0
DA:147,0
DA:148,0
DA:149,0
DA:150,0
DA:152,0
DA:153,0
DA:158,0
DA:160,0
DA:161,0
DA:162,0
DA:163,0
DA:164,0
DA:166,0
DA:168,0
DA:172,0
DA:173,0
DA:174,0
DA:175,0
DA:178,0
DA:182,0
DA:183,0
DA:184,0
DA:186,0
DA:193,0
DA:197,0
DA:198,0
DA:201,0
DA:205,0
DA:214,0
DA:215,0
DA:216,0
DA:223,0
DA:224,0
DA:227,0
DA:228,0
DA:231,0
DA:234,0
DA:236,0
DA:240,0
DA:244,0
DA:248,0
DA:253,0
DA:256,0
DA:258,0
DA:264,0
DA:265,0
DA:270,0
DA:275,0
DA:279,0
DA:282,0
DA:283,0
DA:288,0
DA:294,0
DA:298,0
DA:299,0
DA:300,0
DA:301,0
DA:306,0
DA:307,0
DA:308,0
DA:313,0
DA:317,0
DA:318,0
DA:323,0
DA:325,0
DA:326,0
DA:331,0
DA:332,0
DA:338,0
DA:339,0
DA:340,0
DA:349,0
DA:354,0
DA:358,0
DA:377,0
DA:380,0
DA:381,0
DA:382,0
DA:383,0
DA:384,0
DA:386,0
DA:393,0
DA:394,0
DA:399,0
DA:401,0
DA:407,0
DA:408,0
DA:411,0
DA:417,0
DA:418,0
DA:422,0
DA:424,0
DA:427,0
DA:433,0
DA:434,0
DA:435,0
DA:436,0
DA:437,0
DA:441,0
DA:442,0
DA:444,0
DA:448,0
DA:452,0
DA:457,0
DA:458,0
DA:459,0
DA:462,0
DA:463,0
DA:468,0
DA:469,0
DA:473,0
DA:475,0
DA:476,0
DA:479,0
DA:480,0
DA:481,0
DA:483,0
DA:487,0
DA:490,0
DA:493,0
DA:494,0
DA:496,0
DA:500,0
DA:501,0
DA:504,0
DA:505,0
DA:507,0
DA:514,0
DA:515,0
DA:520,0
DA:524,0
DA:525,0
DA:528,0
DA:529,0
DA:532,0
DA:533,0
DA:534,0
DA:536,0
DA:540,0
DA:546,0
DA:549,0
DA:560,0
DA:562,0
DA:563,0
DA:564,0
DA:566,0
DA:567,0
DA:568,0
DA:571,0
DA:572,0
DA:575,0
DA:578,0
DA:580,0
DA:581,0
DA:584,0
DA:585,0
DA:588,0
DA:589,0
DA:592,0
DA:593,0
DA:594,0
DA:595,0
DA:598,0
DA:603,0
DA:604,0
DA:606,0
DA:610,0
DA:612,0
DA:613,0
DA:615,0
DA:619,0
DA:633,0
DA:634,0
DA:635,0
DA:636,0
DA:639,0
DA:640,0
DA:641,0
DA:643,0
DA:646,0
DA:649,0
DA:652,0
DA:653,0
DA:655,0
DA:656,0
DA:657,0
DA:658,0
DA:660,0
DA:661,0
DA:662,0
DA:665,0
DA:666,0
DA:667,0
DA:668,0
DA:669,0
DA:670,0
DA:672,0
DA:673,0
DA:676,0
DA:677,0
DA:682,0
LF:230
LH:2
BRDA:87,1,0,0
BRDA:87,1,1,0
BRDA:97,2,0,0
BRDA:97,2,1,0
BRDA:100,3,0,0
BRDA:100,3,1,0
BRDA:112,4,0,0
BRDA:112,4,1,0
BRDA:114,5,0,0
BRDA:114,5,1,0
BRDA:124,6,0,0
BRDA:124,6,1,0
BRDA:148,7,0,0
BRDA:148,7,1,0
BRDA:160,8,0,0
BRDA:160,8,1,0
BRDA:160,9,0,0
BRDA:160,9,1,0
BRDA:163,10,0,0
BRDA:163,10,1,0
BRDA:173,11,0,0
BRDA:173,11,1,0
BRDA:182,12,0,0
BRDA:182,12,1,0
BRDA:183,13,0,0
BRDA:183,13,1,0
BRDA:197,14,0,0
BRDA:197,14,1,0
BRDA:215,15,0,0
BRDA:215,15,1,0
BRDA:234,16,0,0
BRDA:234,16,1,0
BRDA:234,17,0,0
BRDA:234,17,1,0
BRDA:253,18,0,0
BRDA:253,18,1,0
BRDA:253,19,0,0
BRDA:253,19,1,0
BRDA:253,19,2,0
BRDA:299,20,0,0
BRDA:299,20,1,0
BRDA:306,21,0,0
BRDA:306,21,1,0
BRDA:317,22,0,0
BRDA:317,22,1,0
BRDA:325,23,0,0
BRDA:325,23,1,0
BRDA:339,24,0,0
BRDA:339,24,1,0
BRDA:339,25,0,0
BRDA:339,25,1,0
BRDA:354,26,0,0
BRDA:354,26,1,0
BRDA:377,27,0,0
BRDA:377,27,1,0
BRDA:377,28,0,0
BRDA:377,28,1,0
BRDA:377,28,2,0
BRDA:381,29,0,0
BRDA:381,29,1,0
BRDA:393,30,0,0
BRDA:393,30,1,0
BRDA:399,31,0,0
BRDA:399,31,1,0
BRDA:399,32,0,0
BRDA:399,32,1,0
BRDA:408,33,0,0
BRDA:408,33,1,0
BRDA:408,34,0,0
BRDA:408,34,1,0
BRDA:408,34,2,0
BRDA:417,35,0,0
BRDA:417,35,1,0
BRDA:417,36,0,0
BRDA:417,36,1,0
BRDA:422,37,0,0
BRDA:422,37,1,0
BRDA:422,38,0,0
BRDA:422,38,1,0
BRDA:422,38,2,0
BRDA:442,39,0,0
BRDA:442,39,1,0
BRDA:442,40,0,0
BRDA:442,40,1,0
BRDA:457,41,0,0
BRDA:457,41,1,0
BRDA:459,42,0,0
BRDA:459,42,1,0
BRDA:459,43,0,0
BRDA:459,43,1,0
BRDA:459,43,2,0
BRDA:462,44,0,0
BRDA:462,44,1,0
BRDA:462,45,0,0
BRDA:462,45,1,0
BRDA:468,46,0,0
BRDA:468,46,1,0
BRDA:475,47,0,0
BRDA:475,47,1,0
BRDA:479,48,0,0
BRDA:479,48,1,0
BRDA:480,49,0,0
BRDA:480,49,1,0
BRDA:480,50,0,0
BRDA:480,50,1,0
BRDA:493,51,0,0
BRDA:493,51,1,0
BRDA:504,52,0,0
BRDA:504,52,1,0
BRDA:514,53,0,0
BRDA:514,53,1,0
BRDA:524,54,0,0
BRDA:524,54,1,0
BRDA:528,55,0,0
BRDA:528,55,1,0
BRDA:528,56,0,0
BRDA:528,56,1,0
BRDA:532,57,0,0
BRDA:532,57,1,0
BRDA:533,58,0,0
BRDA:533,58,1,0
BRDA:549,59,0,0
BRDA:549,59,1,0
BRDA:549,59,2,0
BRDA:560,60,0,0
BRDA:560,60,1,0
BRDA:562,61,0,0
BRDA:562,61,1,0
BRDA:566,62,0,0
BRDA:566,62,1,0
BRDA:578,63,0,0
BRDA:578,63,1,0
BRDA:578,63,2,0
BRDA:592,64,0,0
BRDA:592,64,1,0
BRDA:594,65,0,0
BRDA:594,65,1,0
BRDA:610,66,0,0
BRDA:610,66,1,0
BRDA:610,67,0,0
BRDA:610,67,1,0
BRDA:610,67,2,0
BRDA:610,67,3,0
BRDA:612,68,0,0
BRDA:612,68,1,0
BRDA:612,69,0,0
BRDA:612,69,1,0
BRDA:633,70,0,0
BRDA:633,70,1,0
BRDA:655,71,0,0
BRDA:655,71,1,0
BRDA:665,72,0,0
BRDA:665,72,1,0
BRDA:668,73,0,0
BRDA:668,73,1,0
BRDA:677,74,0,0
BRDA:677,74,1,0
BRF:157
BRH:0
end_of_record
TN:
SF:src/js/version.js
FN:1,(anonymous_1)
FN:10,(anonymous_2)
FNF:2
FNH:1
FNDA:1,(anonymous_1)
FNDA:0,(anonymous_2)
DA:1,1
DA:2,1
DA:5,1
DA:11,0
DA:16,1
LF:5
LH:4
BRDA:4,1,0,0
BRDA:4,1,1,1
BRDA:11,2,0,0
BRDA:11,2,1,0
BRF:4
BRH:1
end_of_record
TN:
SF:src/js/core.js
FN:1,(anonymous_1)
FN:6,handleDisableExtraSpaces
FN:16,handleDisabledEnterKeydown
FN:31,handleTabKeydown
FN:54,handleBlockDeleteKeydowns
FN:169,handleKeyup
FN:200,handleEditableInput
FN:209,addToEditors
FN:225,removeFromEditors
FN:240,createElementsArray
FN:274,cleanupTextareaElement
FN:286,setExtensionDefaults
FN:287,(anonymous_13)
FN:295,initExtension
FN:317,isToolbarEnabled
FN:320,(anonymous_16)
FN:329,isAnchorPreviewEnabled
FN:338,isPlaceholderEnabled
FN:342,isAutoLinkEnabled
FN:346,isImageDraggingEnabled
FN:350,isKeyboardCommandsEnabled
FN:354,shouldUseFileDraggingExtension
FN:361,createContentEditable
FN:391,(anonymous_24)
FN:407,initElement
FN:457,attachHandlers
FN:480,initExtensions
FN:485,(anonymous_28)
FN:524,(anonymous_29)
FN:549,mergeOptions
FN:555,(anonymous_31)
FN:565,execActionInternal
FN:632,cleanupJustifyDivFragments
FN:638,(anonymous_34)
FN:656,(anonymous_35)
FN:677,(anonymous_36)
FN:688,(anonymous_37)
FN:710,(anonymous_38)
FN:717,(anonymous_39)
FN:725,(anonymous_40)
FN:753,(anonymous_41)
FN:759,(anonymous_42)
FN:765,(anonymous_43)
FN:771,(anonymous_44)
FN:777,(anonymous_45)
FN:783,(anonymous_46)
FN:785,(anonymous_47)
FN:792,(anonymous_48)
FN:807,(anonymous_49)
FN:810,(anonymous_50)
FN:824,(anonymous_51)
FN:880,(anonymous_52)
FN:884,(anonymous_53)
FN:888,(anonymous_54)
FN:898,(anonymous_55)
FN:918,(anonymous_56)
FN:949,(anonymous_57)
FN:956,(anonymous_58)
FN:969,(anonymous_59)
FN:978,(anonymous_60)
FN:980,(anonymous_61)
FN:995,(anonymous_62)
FN:1011,(anonymous_63)
FN:1017,(anonymous_64)
FN:1026,(anonymous_65)
FN:1030,(anonymous_66)
FN:1180,(anonymous_67)
FN:1184,(anonymous_68)
FN:1188,(anonymous_69)
FN:1198,(anonymous_70)
FN:1207,(anonymous_71)
FN:1212,(anonymous_72)
FN:1225,(anonymous_73)
FN:1230,(anonymous_74)
FN:1239,(anonymous_75)
FN:1251,(anonymous_76)
FN:1254,(anonymous_77)
FN:1263,(anonymous_78)
FN:1279,(anonymous_79)
FNF:79
FNH:1
FNDA:1,(anonymous_1)
FNDA:0,handleDisableExtraSpaces
FNDA:0,handleDisabledEnterKeydown
FNDA:0,handleTabKeydown
FNDA:0,handleBlockDeleteKeydowns
FNDA:0,handleKeyup
FNDA:0,handleEditableInput
FNDA:0,addToEditors
FNDA:0,removeFromEditors
FNDA:0,createElementsArray
FNDA:0,cleanupTextareaElement
FNDA:0,setExtensionDefaults
FNDA:0,(anonymous_13)
FNDA:0,initExtension
FNDA:0,isToolbarEnabled
FNDA:0,(anonymous_16)
FNDA:0,isAnchorPreviewEnabled
FNDA:0,isPlaceholderEnabled
FNDA:0,isAutoLinkEnabled
FNDA:0,isImageDraggingEnabled
FNDA:0,isKeyboardCommandsEnabled
FNDA:0,shouldUseFileDraggingExtension
FNDA:0,createContentEditable
FNDA:0,(anonymous_24)
FNDA:0,initElement
FNDA:0,attachHandlers
FNDA:0,initExtensions
FNDA:0,(anonymous_28)
FNDA:0,(anonymous_29)
FNDA:0,mergeOptions
FNDA:0,(anonymous_31)
FNDA:0,execActionInternal
FNDA:0,cleanupJustifyDivFragments
FNDA:0,(anonymous_34)
FNDA:0,(anonymous_35)
FNDA:0,(anonymous_36)
FNDA:0,(anonymous_37)
FNDA:0,(anonymous_38)
FNDA:0,(anonymous_39)
FNDA:0,(anonymous_40)
FNDA:0,(anonymous_41)
FNDA:0,(anonymous_42)
FNDA:0,(anonymous_43)
FNDA:0,(anonymous_44)
FNDA:0,(anonymous_45)
FNDA:0,(anonymous_46)
FNDA:0,(anonymous_47)
FNDA:0,(anonymous_48)
FNDA:0,(anonymous_49)
FNDA:0,(anonymous_50)
FNDA:0,(anonymous_51)
FNDA:0,(anonymous_52)
FNDA:0,(anonymous_53)
FNDA:0,(anonymous_54)
FNDA:0,(anonymous_55)
FNDA:0,(anonymous_56)
FNDA:0,(anonymous_57)
FNDA:0,(anonymous_58)
FNDA:0,(anonymous_59)
FNDA:0,(anonymous_60)
FNDA:0,(anonymous_61)
FNDA:0,(anonymous_62)
FNDA:0,(anonymous_63)
FNDA:0,(anonymous_64)
FNDA:0,(anonymous_65)
FNDA:0,(anonymous_66)
FNDA:0,(anonymous_67)
FNDA:0,(anonymous_68)
FNDA:0,(anonymous_69)
FNDA:0,(anonymous_70)
FNDA:0,(anonymous_71)
FNDA:0,(anonymous_72)
FNDA:0,(anonymous_73)
FNDA:0,(anonymous_74)
FNDA:0,(anonymous_75)
FNDA:0,(anonymous_76)
FNDA:0,(anonymous_77)
FNDA:0,(anonymous_78)
FNDA:0,(anonymous_79)
DA:1,1
DA:6,1
DA:7,0
DA:11,0
DA:12,0
DA:16,1
DA:17,0
DA:18,0
DA:19,0
DA:20,0
DA:23,0
DA:26,0
DA:31,1
DA:33,0
DA:36,0
DA:37,0
DA:38,0
DA:42,0
DA:43,0
DA:46,0
DA:47,0
DA:49,0
DA:54,1
DA:55,0
DA:60,0
DA:67,0
DA:71,0
DA:72,0
DA:73,0
DA:76,0
DA:77,0
DA:78,0
DA:79,0
DA:81,0
DA:97,0
DA:99,0
DA:101,0
DA:102,0
DA:122,0
DA:123,0
DA:124,0
DA:127,0
DA:130,0
DA:132,0
DA:133,0
DA:139,0
DA:140,0
DA:141,0
DA:147,0
DA:148,0
DA:149,0
DA:152,0
DA:154,0
DA:155,0
DA:163,0
DA:164,0
DA:165,0
DA:169,1
DA:170,0
DA:173,0
DA:174,0
DA:179,0
DA:180,0
DA:186,0
DA:190,0
DA:192,0
DA:193,0
DA:194,0
DA:195,0
DA:200,1
DA:201,0
DA:202,0
DA:203,0
DA:209,1
DA:210,0
DA:214,0
DA:218,0
DA:219,0
DA:222,0
DA:225,1
DA:226,0
DA:227,0
DA:237,0
DA:240,1
DA:241,0
DA:243,0
DA:244,0
DA:247,0
DA:248,0
DA:251,0
DA:252,0
DA:255,0
DA:258,0
DA:259,0
DA:260,0
DA:263,0
DA:268,0
DA:271,0
DA:274,1
DA:275,0
DA:276,0
DA:278,0
DA:279,0
DA:281,0
DA:282,0
DA:286,1
DA:287,0
DA:288,0
DA:289,0
DA:292,0
DA:295,1
DA:296,0
DA:303,0
DA:306,0
DA:307,0
DA:311,0
DA:312,0
DA:314,0
DA:317,1
DA:320,0
DA:321,0
DA:323,0
DA:326,0
DA:329,1
DA:331,0
DA:332,0
DA:335,0
DA:338,1
DA:339,0
DA:342,1
DA:343,0
DA:346,1
DA:347,0
DA:350,1
DA:351,0
DA:354,1
DA:358,0
DA:361,1
DA:362,0
DA:369,0
DA:370,0
DA:371,0
DA:374,0
DA:375,0
DA:376,0
DA:378,0
DA:381,0
DA:383,0
DA:384,0
DA:390,0
DA:391,0
DA:392,0
DA:393,0
DA:398,0
DA:399,0
DA:404,0
DA:407,1
DA:408,0
DA:409,0
DA:410,0
DA:413,0
DA:414,0
DA:415,0
DA:419,0
DA:420,0
DA:421,0
DA:425,0
DA:426,0
DA:427,0
DA:428,0
DA:434,0
DA:435,0
DA:438,0
DA:440,0
DA:441,0
DA:442,0
DA:443,0
DA:444,0
DA:448,0
DA:449,0
DA:451,0
DA:454,0
DA:457,1
DA:459,0
DA:462,0
DA:463,0
DA:466,0
DA:467,0
DA:471,0
DA:473,0
DA:474,0
DA:475,0
DA:480,1
DA:482,0
DA:485,0
DA:487,0
DA:488,0
DA:502,0
DA:503,0
DA:504,0
DA:505,0
DA:509,0
DA:510,0
DA:513,0
DA:517,0
DA:524,0
DA:525,0
DA:526,0
DA:533,0
DA:534,0
DA:536,0
DA:539,0
DA:544,0
DA:545,0
DA:549,1
DA:550,0
DA:554,0
DA:555,0
DA:556,0
DA:557,0
DA:562,0
DA:565,1
DA:567,0
DA:575,0
DA:576,0
DA:577,0
DA:580,0
DA:582,0
DA:583,0
DA:585,0
DA:586,0
DA:589,0
DA:591,0
DA:592,0
DA:594,0
DA:595,0
DA:598,0
DA:599,0
DA:602,0
DA:603,0
DA:604,0
DA:607,0
DA:608,0
DA:609,0
DA:614,0
DA:615,0
DA:617,0
DA:618,0
DA:621,0
DA:624,0
DA:625,0
DA:632,1
DA:633,0
DA:634,0
DA:637,0
DA:639,0
DA:640,0
DA:641,0
DA:643,0
DA:653,0
DA:655,0
DA:656,0
DA:657,0
DA:658,0
DA:659,0
DA:661,0
DA:662,0
DA:663,0
DA:667,0
DA:669,0
DA:673,1
DA:675,1
DA:678,0
DA:679,0
DA:681,0
DA:682,0
DA:685,0
DA:689,0
DA:690,0
DA:693,0
DA:694,0
DA:695,0
DA:697,0
DA:699,0
DA:700,0
DA:703,0
DA:706,0
DA:707,0
DA:711,0
DA:712,0
DA:715,0
DA:717,0
DA:718,0
DA:719,0
DA:723,0
DA:725,0
DA:727,0
DA:728,0
DA:732,0
DA:733,0
DA:734,0
DA:735,0
DA:736,0
DA:737,0
DA:738,0
DA:739,0
DA:742,0
DA:743,0
DA:746,0
DA:747,0
DA:748,0
DA:750,0
DA:754,0
DA:756,0
DA:760,0
DA:762,0
DA:766,0
DA:768,0
DA:772,0
DA:774,0
DA:778,0
DA:780,0
DA:784,0
DA:785,0
DA:786,0
DA:787,0
DA:793,0
DA:798,0
DA:799,0
DA:800,0
DA:804,0
DA:808,0
DA:809,0
DA:810,0
DA:811,0
DA:812,0
DA:813,0
DA:815,0
DA:818,0
DA:825,0
DA:827,0
DA:828,0
DA:831,0
DA:833,0
DA:834,0
DA:835,0
DA:837,0
DA:838,0
DA:840,0
DA:841,0
DA:843,0
DA:844,0
DA:846,0
DA:847,0
DA:849,0
DA:850,0
DA:852,0
DA:853,0
DA:855,0
DA:856,0
DA:858,0
DA:859,0
DA:863,0
DA:864,0
DA:865,0
DA:866,0
DA:868,0
DA:873,0
DA:874,0
DA:877,0
DA:881,0
DA:885,0
DA:889,0
DA:890,0
DA:891,0
DA:893,0
DA:899,0
DA:904,0
DA:905,0
DA:906,0
DA:909,0
DA:910,0
DA:912,0
DA:915,0
DA:920,0
DA:927,0
DA:928,0
DA:930,0
DA:932,0
DA:933,0
DA:935,0
DA:937,0
DA:941,0
DA:942,0
DA:945,0
DA:946,0
DA:950,0
DA:951,0
DA:953,0
DA:957,0
DA:959,0
DA:961,0
DA:962,0
DA:965,0
DA:970,0
DA:972,0
DA:973,0
DA:974,0
DA:979,0
DA:980,0
DA:982,0
DA:983,0
DA:987,0
DA:990,0
DA:996,0
DA:1000,0
DA:1001,0
DA:1004,0
DA:1005,0
DA:1008,0
DA:1012,0
DA:1018,0
DA:1019,0
DA:1022,0
DA:1023,0
DA:1027,0
DA:1031,0
DA:1036,0
DA:1037,0
DA:1040,0
DA:1041,0
DA:1043,0
DA:1044,0
DA:1046,0
DA:1047,0
DA:1048,0
DA:1049,0
DA:1050,0
DA:1063,0
DA:1067,0
DA:1070,0
DA:1071,0
DA:1077,0
DA:1078,0
DA:1084,0
DA:1086,0
DA:1087,0
DA:1089,0
DA:1100,0
DA:1109,0
DA:1118,0
DA:1120,0
DA:1132,0
DA:1133,0
DA:1134,0
DA:1135,0
DA:1139,0
DA:1142,0
DA:1145,0
DA:1146,0
DA:1147,0
DA:1149,0
DA:1151,0
DA:1154,0
DA:1155,0
DA:1157,0
DA:1160,0
DA:1161,0
DA:1166,0
DA:1167,0
DA:1168,0
DA:1169,0
DA:1170,0
DA:1174,0
DA:1177,0
DA:1181,0
DA:1185,0
DA:1189,0
DA:1191,0
DA:1192,0
DA:1193,0
DA:1194,0
DA:1199,0
DA:1201,0
DA:1202,0
DA:1204,0
DA:1208,0
DA:1209,0
DA:1217,0
DA:1218,0
DA:1219,0
DA:1220,0
DA:1222,0
DA:1225,0
DA:1226,0
DA:1232,0
DA:1235,0
DA:1236,0
DA:1239,0
DA:1241,0
DA:1244,0
DA:1247,0
DA:1253,0
DA:1256,0
DA:1257,0
DA:1259,0
DA:1263,0
DA:1265,0
DA:1266,0
DA:1267,0
DA:1268,0
DA:1271,0
DA:1272,0
DA:1274,0
DA:1279,1
DA:1280,0
DA:1282,0
DA:1283,0
DA:1285,0
LF:519
LH:30
BRDA:11,1,0,0
BRDA:11,1,1,0
BRDA:11,2,0,0
BRDA:11,2,1,0
BRDA:11,2,2,0
BRDA:11,2,3,0
BRDA:17,3,0,0
BRDA:17,3,1,0
BRDA:17,4,0,0
BRDA:17,4,1,0
BRDA:19,5,0,0
BRDA:19,5,1,0
BRDA:19,6,0,0
BRDA:19,6,1,0
BRDA:23,7,0,0
BRDA:23,7,1,0
BRDA:23,8,0,0
BRDA:23,8,1,0
BRDA:23,8,2,0
BRDA:23,8,3,0
BRDA:23,8,4,0
BRDA:23,8,5,0
BRDA:34,9,0,0
BRDA:34,9,1,0
BRDA:36,10,0,0
BRDA:36,10,1,0
BRDA:42,11,0,0
BRDA:42,11,1,0
BRDA:46,12,0,0
BRDA:46,12,1,0
BRDA:60,13,0,0
BRDA:60,13,1,0
BRDA:60,14,0,0
BRDA:60,14,1,0
BRDA:60,14,2,0
BRDA:60,14,3,0
BRDA:67,15,0,0
BRDA:67,15,1,0
BRDA:67,16,0,0
BRDA:67,16,1,0
BRDA:73,17,0,0
BRDA:73,17,1,0
BRDA:73,18,0,0
BRDA:73,18,1,0
BRDA:81,19,0,0
BRDA:81,19,1,0
BRDA:81,20,0,0
BRDA:81,20,1,0
BRDA:81,20,2,0
BRDA:81,20,3,0
BRDA:81,20,4,0
BRDA:81,20,5,0
BRDA:102,21,0,0
BRDA:102,21,1,0
BRDA:102,22,0,0
BRDA:102,22,1,0
BRDA:102,22,2,0
BRDA:102,22,3,0
BRDA:102,22,4,0
BRDA:102,22,5,0
BRDA:102,22,6,0
BRDA:133,23,0,0
BRDA:133,23,1,0
BRDA:133,24,0,0
BRDA:133,24,1,0
BRDA:133,24,2,0
BRDA:141,25,0,0
BRDA:141,25,1,0
BRDA:141,26,0,0
BRDA:141,26,1,0
BRDA:141,26,2,0
BRDA:155,27,0,0
BRDA:155,27,1,0
BRDA:155,28,0,0
BRDA:155,28,1,0
BRDA:155,28,2,0
BRDA:155,28,3,0
BRDA:155,28,4,0
BRDA:173,29,0,0
BRDA:173,29,1,0
BRDA:179,30,0,0
BRDA:179,30,1,0
BRDA:179,31,0,0
BRDA:179,31,1,0
BRDA:179,31,2,0
BRDA:186,32,0,0
BRDA:186,32,1,0
BRDA:186,33,0,0
BRDA:186,33,1,0
BRDA:186,33,2,0
BRDA:192,34,0,0
BRDA:192,34,1,0
BRDA:194,35,0,0
BRDA:194,35,1,0
BRDA:194,36,0,0
BRDA:194,36,1,0
BRDA:202,37,0,0
BRDA:202,37,1,0
BRDA:210,38,0,0
BRDA:210,38,1,0
BRDA:218,39,0,0
BRDA:218,39,1,0
BRDA:226,40,0,0
BRDA:226,40,1,0
BRDA:226,41,0,0
BRDA:226,41,1,0
BRDA:243,42,0,0
BRDA:243,42,1,0
BRDA:247,43,0,0
BRDA:247,43,1,0
BRDA:251,44,0,0
BRDA:251,44,1,0
BRDA:255,45,0,0
BRDA:255,45,1,0
BRDA:260,46,0,0
BRDA:260,46,1,0
BRDA:260,47,0,0
BRDA:260,47,1,0
BRDA:260,47,2,0
BRDA:276,48,0,0
BRDA:276,48,1,0
BRDA:281,49,0,0
BRDA:281,49,1,0
BRDA:288,50,0,0
BRDA:288,50,1,0
BRDA:306,51,0,0
BRDA:306,51,1,0
BRDA:311,52,0,0
BRDA:311,52,1,0
BRDA:320,53,0,0
BRDA:320,53,1,0
BRDA:331,54,0,0
BRDA:331,54,1,0
BRDA:383,55,0,0
BRDA:383,55,1,0
BRDA:390,56,0,0
BRDA:390,56,1,0
BRDA:392,57,0,0
BRDA:392,57,1,0
BRDA:408,58,0,0
BRDA:408,58,1,0
BRDA:409,59,0,0
BRDA:409,59,1,0
BRDA:413,60,0,0
BRDA:413,60,1,0
BRDA:419,61,0,0
BRDA:419,61,1,0
BRDA:419,62,0,0
BRDA:419,62,1,0
BRDA:425,63,0,0
BRDA:425,63,1,0
BRDA:426,64,0,0
BRDA:426,64,1,0
BRDA:426,65,0,0
BRDA:426,65,1,0
BRDA:434,66,0,0
BRDA:434,66,1,0
BRDA:434,67,0,0
BRDA:434,67,1,0
BRDA:466,68,0,0
BRDA:466,68,1,0
BRDA:471,69,0,0
BRDA:471,69,1,0
BRDA:473,70,0,0
BRDA:473,70,1,0
BRDA:473,71,0,0
BRDA:473,71,1,0
BRDA:487,72,0,0
BRDA:487,72,1,0
BRDA:487,73,0,0
BRDA:487,73,1,0
BRDA:502,74,0,0
BRDA:502,74,1,0
BRDA:504,75,0,0
BRDA:504,75,1,0
BRDA:509,76,0,0
BRDA:509,76,1,0
BRDA:525,77,0,0
BRDA:525,77,1,0
BRDA:534,78,0,0
BRDA:534,78,1,0
BRDA:534,79,0,0
BRDA:534,79,1,0
BRDA:544,80,0,0
BRDA:544,80,1,0
BRDA:554,81,0,0
BRDA:554,81,1,0
BRDA:556,82,0,0
BRDA:556,82,1,0
BRDA:556,83,0,0
BRDA:556,83,1,0
BRDA:576,84,0,0
BRDA:576,84,1,0
BRDA:580,85,0,0
BRDA:580,85,1,0
BRDA:582,86,0,0
BRDA:582,86,1,0
BRDA:585,87,0,0
BRDA:585,87,1,0
BRDA:589,88,0,0
BRDA:589,88,1,0
BRDA:591,89,0,0
BRDA:591,89,1,0
BRDA:594,90,0,0
BRDA:594,90,1,0
BRDA:598,91,0,0
BRDA:598,91,1,0
BRDA:602,92,0,0
BRDA:602,92,1,0
BRDA:607,93,0,0
BRDA:607,93,1,0
BRDA:614,94,0,0
BRDA:614,94,1,0
BRDA:617,95,0,0
BRDA:617,95,1,0
BRDA:624,96,0,0
BRDA:624,96,1,0
BRDA:633,97,0,0
BRDA:633,97,1,0
BRDA:640,98,0,0
BRDA:640,98,1,0
BRDA:640,99,0,0
BRDA:640,99,1,0
BRDA:653,100,0,0
BRDA:653,100,1,0
BRDA:657,101,0,0
BRDA:657,101,1,0
BRDA:659,102,0,0
BRDA:659,102,1,0
BRDA:681,103,0,0
BRDA:681,103,1,0
BRDA:689,104,0,0
BRDA:689,104,1,0
BRDA:699,105,0,0
BRDA:699,105,1,0
BRDA:711,106,0,0
BRDA:711,106,1,0
BRDA:718,107,0,0
BRDA:718,107,1,0
BRDA:727,108,0,0
BRDA:727,108,1,0
BRDA:742,109,0,0
BRDA:742,109,1,0
BRDA:786,110,0,0
BRDA:786,110,1,0
BRDA:799,111,0,0
BRDA:799,111,1,0
BRDA:809,112,0,0
BRDA:809,112,1,0
BRDA:809,113,0,0
BRDA:809,113,1,0
BRDA:811,114,0,0
BRDA:811,114,1,0
BRDA:827,115,0,0
BRDA:827,115,1,0
BRDA:831,116,0,0
BRDA:831,116,1,0
BRDA:831,116,2,0
BRDA:831,116,3,0
BRDA:831,116,4,0
BRDA:831,116,5,0
BRDA:831,116,6,0
BRDA:831,116,7,0
BRDA:831,116,8,0
BRDA:831,116,9,0
BRDA:863,117,0,0
BRDA:863,117,1,0
BRDA:864,118,0,0
BRDA:864,118,1,0
BRDA:873,119,0,0
BRDA:873,119,1,0
BRDA:890,120,0,0
BRDA:890,120,1,0
BRDA:905,121,0,0
BRDA:905,121,1,0
BRDA:928,122,0,0
BRDA:928,122,1,0
BRDA:941,123,0,0
BRDA:941,123,1,0
BRDA:941,124,0,0
BRDA:941,124,1,0
BRDA:950,125,0,0
BRDA:950,125,1,0
BRDA:959,126,0,0
BRDA:959,126,1,0
BRDA:973,127,0,0
BRDA:973,127,1,0
BRDA:982,128,0,0
BRDA:982,128,1,0
BRDA:982,129,0,0
BRDA:982,129,1,0
BRDA:1000,130,0,0
BRDA:1000,130,1,0
BRDA:1004,131,0,0
BRDA:1004,131,1,0
BRDA:1004,132,0,0
BRDA:1004,132,1,0
BRDA:1018,133,0,0
BRDA:1018,133,1,0
BRDA:1022,134,0,0
BRDA:1022,134,1,0
BRDA:1036,135,0,0
BRDA:1036,135,1,0
BRDA:1043,136,0,0
BRDA:1043,136,1,0
BRDA:1046,137,0,0
BRDA:1046,137,1,0
BRDA:1047,138,0,0
BRDA:1047,138,1,0
BRDA:1047,139,0,0
BRDA:1047,139,1,0
BRDA:1049,140,0,0
BRDA:1049,140,1,0
BRDA:1063,141,0,0
BRDA:1063,141,1,0
BRDA:1063,142,0,0
BRDA:1063,142,1,0
BRDA:1063,142,2,0
BRDA:1063,142,3,0
BRDA:1077,143,0,0
BRDA:1077,143,1,0
BRDA:1077,144,0,0
BRDA:1077,144,1,0
BRDA:1077,144,2,0
BRDA:1078,145,0,0
BRDA:1078,145,1,0
BRDA:1089,146,0,0
BRDA:1089,146,1,0
BRDA:1105,147,0,0
BRDA:1105,147,1,0
BRDA:1132,148,0,0
BRDA:1132,148,1,0
BRDA:1142,149,0,0
BRDA:1142,149,1,0
BRDA:1154,150,0,0
BRDA:1154,150,1,0
BRDA:1154,151,0,0
BRDA:1154,151,1,0
BRDA:1160,152,0,0
BRDA:1160,152,1,0
BRDA:1166,153,0,0
BRDA:1166,153,1,0
BRDA:1166,154,0,0
BRDA:1166,154,1,0
BRDA:1166,154,2,0
BRDA:1189,155,0,0
BRDA:1189,155,1,0
BRDA:1191,156,0,0
BRDA:1191,156,1,0
BRDA:1199,157,0,0
BRDA:1199,157,1,0
BRDA:1201,158,0,0
BRDA:1201,158,1,0
BRDA:1208,159,0,0
BRDA:1208,159,1,0
BRDA:1217,160,0,0
BRDA:1217,160,1,0
BRDA:1219,161,0,0
BRDA:1219,161,1,0
BRDA:1235,162,0,0
BRDA:1235,162,1,0
BRDA:1256,163,0,0
BRDA:1256,163,1,0
BRDA:1256,164,0,0
BRDA:1256,164,1,0
BRDA:1265,165,0,0
BRDA:1265,165,1,0
BRDA:1267,166,0,0
BRDA:1267,166,1,0
BRDA:1281,167,0,0
BRDA:1281,167,1,0
BRDA:1281,167,2,0
BRDA:1281,167,3,0
BRDA:1282,168,0,0
BRDA:1282,168,1,0
BRDA:1282,169,0,0
BRDA:1282,169,1,0
BRDA:1282,169,2,0
BRF:378
BRH:0
end_of_record
TN:
SF:src/js/defaults/options.js
FN:1,(anonymous_1)
FNF:1
FNH:1
FNDA:1,(anonymous_1)
DA:1,1
DA:4,1
LF:2
LH:2
BRF:0
BRH:0
end_of_record
TN:
SF:assests/js/lib/file-upload/jquery.ui.widget.js
FN:6,(anonymous_1)
FN:22,(anonymous_2)
FN:38,(anonymous_3)
FN:39,(anonymous_4)
FN:57,(anonymous_5)
FN:73,(anonymous_6)
FN:79,(anonymous_7)
FN:107,(anonymous_8)
FN:112,(anonymous_9)
FN:113,(anonymous_10)
FN:116,(anonymous_11)
FN:119,(anonymous_12)
FN:153,(anonymous_13)
FN:172,(anonymous_14)
FN:198,(anonymous_15)
FN:200,(anonymous_16)
FN:206,(anonymous_17)
FN:235,(anonymous_18)
FN:252,(anonymous_19)
FN:265,(anonymous_20)
FN:278,(anonymous_21)
FN:306,(anonymous_22)
FN:330,(anonymous_23)
FN:334,(anonymous_24)
FN:373,(anonymous_25)
FN:382,(anonymous_26)
FN:399,(anonymous_27)
FN:402,(anonymous_28)
FN:406,(anonymous_29)
FN:427,(anonymous_30)
FN:428,handlerProxy
FN:458,(anonymous_32)
FN:469,(anonymous_33)
FN:470,handlerProxy
FN:478,(anonymous_35)
FN:481,(anonymous_36)
FN:484,(anonymous_37)
FN:490,(anonymous_38)
FN:493,(anonymous_39)
FN:496,(anonymous_40)
FN:502,(anonymous_41)
FN:532,(anonymous_42)
FN:533,(anonymous_43)
FN:557,(anonymous_44)
FNF:44
FNH:1
FNDA:1,(anonymous_1)
FNDA:0,(anonymous_2)
FNDA:0,(anonymous_3)
FNDA:0,(anonymous_4)
FNDA:0,(anonymous_5)
FNDA:0,(anonymous_6)
FNDA:0,(anonymous_7)
FNDA:0,(anonymous_8)
FNDA:0,(anonymous_9)
FNDA:0,(anonymous_10)
FNDA:0,(anonymous_11)
FNDA:0,(anonymous_12)
FNDA:0,(anonymous_13)
FNDA:0,(anonymous_14)
FNDA:0,(anonymous_15)
FNDA:0,(anonymous_16)
FNDA:0,(anonymous_17)
FNDA:0,(anonymous_18)
FNDA:0,(anonymous_19)
FNDA:0,(anonymous_20)
FNDA:0,(anonymous_21)
FNDA:0,(anonymous_22)
FNDA:0,(anonymous_23)
FNDA:0,(anonymous_24)
FNDA:0,(anonymous_25)
FNDA:0,(anonymous_26)
FNDA:0,(anonymous_27)
FNDA:0,(anonymous_28)
FNDA:0,(anonymous_29)
FNDA:0,(anonymous_30)
FNDA:0,handlerProxy
FNDA:0,(anonymous_32)
FNDA:0,(anonymous_33)
FNDA:0,handlerProxy
FNDA:0,(anonymous_35)
FNDA:0,(anonymous_36)
FNDA:0,(anonymous_37)
FNDA:0,(anonymous_38)
FNDA:0,(anonymous_39)
FNDA:0,(anonymous_40)
FNDA:0,(anonymous_41)
FNDA:0,(anonymous_42)
FNDA:0,(anonymous_43)
FNDA:0,(anonymous_44)
DA:6,1
DA:7,1
DA:10,0
DA:12,1
DA:15,0
DA:20,1
DA:35,0
DA:38,0
DA:39,0
DA:40,0
DA:41,0
DA:42,0
DA:45,0
DA:46,0
DA:47,0
DA:53,0
DA:57,0
DA:58,0
DA:64,0
DA:65,0
DA:67,0
DA:68,0
DA:69,0
DA:73,0
DA:74,0
DA:77,0
DA:78,0
DA:79,0
DA:81,0
DA:82,0
DA:87,0
DA:88,0
DA:92,0
DA:102,0
DA:106,0
DA:107,0
DA:108,0
DA:109,0
DA:110,0
DA:112,0
DA:113,0
DA:114,0
DA:117,0
DA:119,0
DA:120,0
DA:124,0
DA:125,0
DA:127,0
DA:129,0
DA:130,0
DA:132,0
DA:136,0
DA:152,0
DA:153,0
DA:154,0
DA:158,0
DA:162,0
DA:164,0
DA:167,0
DA:169,0
DA:172,0
DA:173,0
DA:178,0
DA:179,0
DA:180,0
DA:181,0
DA:183,0
DA:184,0
DA:190,0
DA:195,0
DA:198,0
DA:199,0
DA:200,0
DA:201,0
DA:205,0
DA:206,0
DA:207,0
DA:209,0
DA:210,0
DA:211,0
DA:213,0
DA:214,0
DA:217,0
DA:218,0
DA:220,0
DA:221,0
DA:222,0
DA:225,0
DA:231,0
DA:232,0
DA:235,0
DA:236,0
DA:237,0
DA:238,0
DA:239,0
DA:240,0
DA:243,0
DA:248,0
DA:252,0
DA:253,0
DA:255,0
DA:266,0
DA:267,0
DA:268,0
DA:269,0
DA:271,0
DA:272,0
DA:273,0
DA:275,0
DA:276,0
DA:277,0
DA:279,0
DA:280,0
DA:284,0
DA:289,0
DA:292,0
DA:297,0
DA:298,0
DA:299,0
DA:307,0
DA:310,0
DA:316,0
DA:324,0
DA:325,0
DA:326,0
DA:331,0
DA:335,0
DA:340,0
DA:342,0
DA:345,0
DA:347,0
DA:348,0
DA:349,0
DA:350,0
DA:351,0
DA:352,0
DA:353,0
DA:354,0
DA:356,0
DA:357,0
DA:358,0
DA:360,0
DA:362,0
DA:363,0
DA:365,0
DA:369,0
DA:371,0
DA:374,0
DA:376,0
DA:377,0
DA:380,0
DA:383,0
DA:385,0
DA:386,0
DA:390,0
DA:391,0
DA:392,0
DA:396,0
DA:400,0
DA:403,0
DA:407,0
DA:411,0
DA:412,0
DA:413,0
DA:414,0
DA:418,0
DA:419,0
DA:420,0
DA:421,0
DA:423,0
DA:424,0
DA:427,0
DA:428,1
DA:432,0
DA:435,0
DA:437,0
DA:442,0
DA:443,0
DA:447,0
DA:450,0
DA:451,0
DA:453,0
DA:459,0
DA:461,0
DA:464,0
DA:465,0
DA:466,0
DA:470,1
DA:471,0
DA:474,0
DA:475,0
DA:479,0
DA:480,0
DA:482,0
DA:485,0
DA:491,0
DA:492,0
DA:494,0
DA:497,0
DA:503,0
DA:506,0
DA:507,0
DA:508,0
DA:513,0
DA:516,0
DA:517,0
DA:518,0
DA:519,0
DA:520,0
DA:525,0
DA:526,0
DA:532,0
DA:533,0
DA:534,0
DA:535,0
DA:537,0
DA:543,0
DA:544,0
DA:545,0
DA:547,0
DA:548,0
DA:549,0
DA:550,0
DA:552,0
DA:553,0
DA:554,0
DA:555,0
DA:557,0
DA:558,0
DA:559,0
DA:560,0
DA:562,0
DA:568,0
LF:233
LH:6
BRDA:7,1,0,0
BRDA:7,1,1,1
BRDA:7,2,0,1
BRDA:7,2,1,0
BRDA:12,3,0,0
BRDA:12,3,1,1
BRDA:46,4,0,0
BRDA:46,4,1,0
BRDA:46,5,0,0
BRDA:46,5,1,0
BRDA:67,6,0,0
BRDA:67,6,1,0
BRDA:77,7,0,0
BRDA:77,7,1,0
BRDA:81,8,0,0
BRDA:81,8,1,0
BRDA:87,9,0,0
BRDA:87,9,1,0
BRDA:108,10,0,0
BRDA:108,10,1,0
BRDA:140,11,0,0
BRDA:140,11,1,0
BRDA:140,12,0,0
BRDA:140,12,1,0
BRDA:152,13,0,0
BRDA:152,13,1,0
BRDA:181,14,0,0
BRDA:181,14,1,0
BRDA:181,15,0,0
BRDA:181,15,1,0
BRDA:183,16,0,0
BRDA:183,16,1,0
BRDA:184,17,0,0
BRDA:184,17,1,0
BRDA:199,18,0,0
BRDA:199,18,1,0
BRDA:205,19,0,0
BRDA:205,19,1,0
BRDA:209,20,0,0
BRDA:209,20,1,0
BRDA:213,21,0,0
BRDA:213,21,1,0
BRDA:217,22,0,0
BRDA:217,22,1,0
BRDA:217,23,0,0
BRDA:217,23,1,0
BRDA:221,24,0,0
BRDA:221,24,1,0
BRDA:221,25,0,0
BRDA:221,25,1,0
BRDA:222,26,0,0
BRDA:222,26,1,0
BRDA:222,27,0,0
BRDA:222,27,1,0
BRDA:231,28,0,0
BRDA:231,28,1,0
BRDA:237,29,0,0
BRDA:237,29,1,0
BRDA:238,30,0,0
BRDA:238,30,1,0
BRDA:239,31,0,0
BRDA:239,31,1,0
BRDA:266,32,0,0
BRDA:266,32,1,0
BRDA:266,32,2,0
BRDA:275,33,0,0
BRDA:275,33,1,0
BRDA:279,34,0,0
BRDA:279,34,1,0
BRDA:284,35,0,0
BRDA:284,35,1,0
BRDA:288,36,0,0
BRDA:288,36,1,0
BRDA:289,37,0,0
BRDA:289,37,1,0
BRDA:340,38,0,0
BRDA:340,38,1,0
BRDA:345,39,0,0
BRDA:345,39,1,0
BRDA:350,40,0,0
BRDA:350,40,1,0
BRDA:353,41,0,0
BRDA:353,41,1,0
BRDA:357,42,0,0
BRDA:357,42,1,0
BRDA:358,43,0,0
BRDA:358,43,1,0
BRDA:362,44,0,0
BRDA:362,44,1,0
BRDA:363,45,0,0
BRDA:363,45,1,0
BRDA:385,46,0,0
BRDA:385,46,1,0
BRDA:390,47,0,0
BRDA:390,47,1,0
BRDA:411,48,0,0
BRDA:411,48,1,0
BRDA:418,49,0,0
BRDA:418,49,1,0
BRDA:432,50,0,0
BRDA:432,50,1,0
BRDA:432,51,0,0
BRDA:432,51,1,0
BRDA:432,51,2,0
BRDA:437,52,0,0
BRDA:437,52,1,0
BRDA:442,53,0,0
BRDA:442,53,1,0
BRDA:444,54,0,0
BRDA:444,54,1,0
BRDA:444,54,2,0
BRDA:450,55,0,0
BRDA:450,55,1,0
BRDA:459,56,0,0
BRDA:459,56,1,0
BRDA:471,57,0,0
BRDA:471,57,1,0
BRDA:475,58,0,0
BRDA:475,58,1,0
BRDA:506,59,0,0
BRDA:506,59,1,0
BRDA:508,60,0,0
BRDA:508,60,1,0
BRDA:517,61,0,0
BRDA:517,61,1,0
BRDA:519,62,0,0
BRDA:519,62,1,0
BRDA:526,63,0,0
BRDA:526,63,1,0
BRDA:526,63,2,0
BRDA:534,64,0,0
BRDA:534,64,1,0
BRDA:538,65,0,0
BRDA:538,65,1,0
BRDA:540,66,0,0
BRDA:540,66,1,0
BRDA:540,67,0,0
BRDA:540,67,1,0
BRDA:542,68,0,0
BRDA:542,68,1,0
BRDA:543,69,0,0
BRDA:543,69,1,0
BRDA:544,70,0,0
BRDA:544,70,1,0
BRDA:549,71,0,0
BRDA:549,71,1,0
BRDA:552,72,0,0
BRDA:552,72,1,0
BRDA:552,73,0,0
BRDA:552,73,1,0
BRDA:552,73,2,0
BRDA:554,74,0,0
BRDA:554,74,1,0
BRDA:554,75,0,0
BRDA:554,75,1,0
BRDA:559,76,0,0
BRDA:559,76,1,0
BRF:157
BRH:3
end_of_record
TN:
SF:assests/js/lib/file-upload/jquery.fileupload.js
FN:15,(anonymous_1)
FN:33,(anonymous_2)
FN:61,getDragHandler
FN:63,(anonymous_4)
FN:176,(anonymous_5)
FN:179,(anonymous_6)
FN:191,(anonymous_7)
FN:211,(anonymous_8)
FN:217,(anonymous_9)
FN:294,(anonymous_10)
FN:299,(anonymous_11)
FN:303,(anonymous_12)
FN:314,(anonymous_13)
FN:320,(anonymous_14)
FN:330,(anonymous_15)
FN:338,(anonymous_16)
FN:340,(anonymous_17)
FN:346,(anonymous_18)
FN:359,(anonymous_19)
FN:372,(anonymous_20)
FN:417,(anonymous_21)
FN:423,(anonymous_22)
FN:431,(anonymous_23)
FN:437,(anonymous_24)
FN:442,(anonymous_25)
FN:474,(anonymous_26)
FN:487,(anonymous_27)
FN:494,(anonymous_28)
FN:515,(anonymous_29)
FN:530,(anonymous_30)
FN:548,(anonymous_31)
FN:553,(anonymous_32)
FN:571,(anonymous_33)
FN:600,(anonymous_34)
FN:609,(anonymous_35)
FN:624,(anonymous_36)
FN:633,(anonymous_37)
FN:647,(anonymous_38)
FN:649,(anonymous_39)
FN:652,(anonymous_40)
FN:656,(anonymous_41)
FN:667,(anonymous_42)
FN:678,(anonymous_43)
FN:686,(anonymous_44)
FN:694,(anonymous_45)
FN:698,(anonymous_46)
FN:701,(anonymous_47)
FN:708,(anonymous_48)
FN:721,(anonymous_49)
FN:749,(anonymous_50)
FN:771,(anonymous_51)
FN:801,(anonymous_52)
FN:814,(anonymous_53)
FN:821,(anonymous_54)
FN:847,(anonymous_55)
FN:865,(anonymous_56)
FN:879,(anonymous_57)
FN:885,(anonymous_58)
FN:895,(anonymous_59)
FN:907,(anonymous_60)
FN:909,(anonymous_61)
FN:911,(anonymous_62)
FN:956,(anonymous_63)
FN:971,(anonymous_64)
FN:1030,(anonymous_65)
FN:1047,(anonymous_66)
FN:1067,(anonymous_67)
FN:1080,(anonymous_68)
FN:1085,(anonymous_69)
FN:1095,(anonymous_70)
FN:1099,(anonymous_71)
FN:1103,(anonymous_72)
FN:1104,(anonymous_73)
FN:1120,(anonymous_74)
FN:1136,(anonymous_75)
FN:1140,(anonymous_76)
FN:1143,(anonymous_77)
FN:1151,(anonymous_78)
FN:1157,(anonymous_79)
FN:1176,(anonymous_80)
FN:1197,(anonymous_81)
FN:1205,(anonymous_82)
FN:1212,(anonymous_83)
FN:1220,(anonymous_84)
FN:1226,(anonymous_85)
FN:1241,(anonymous_86)
FN:1246,(anonymous_87)
FN:1262,(anonymous_88)
FN:1269,(anonymous_89)
FN:1288,(anonymous_90)
FN:1309,(anonymous_91)
FN:1315,(anonymous_92)
FN:1319,(anonymous_93)
FN:1331,(anonymous_94)
FN:1347,(anonymous_95)
FN:1354,(anonymous_96)
FN:1359,(anonymous_97)
FN:1366,(anonymous_98)
FN:1371,(anonymous_99)
FN:1384,(anonymous_100)
FN:1396,(anonymous_101)
FN:1404,(anonymous_102)
FN:1412,(anonymous_103)
FN:1418,(anonymous_104)
FN:1433,(anonymous_105)
FN:1441,(anonymous_106)
FN:1450,(anonymous_107)
FN:1461,(anonymous_108)
FN:1464,(anonymous_109)
FNF:109
FNH:2
FNDA:1,(anonymous_1)
FNDA:1,(anonymous_2)
FNDA:0,getDragHandler
FNDA:0,(anonymous_4)
FNDA:0,(anonymous_5)
FNDA:0,(anonymous_6)
FNDA:0,(anonymous_7)
FNDA:0,(anonymous_8)
FNDA:0,(anonymous_9)
FNDA:0,(anonymous_10)
FNDA:0,(anonymous_11)
FNDA:0,(anonymous_12)
FNDA:0,(anonymous_13)
FNDA:0,(anonymous_14)
FNDA:0,(anonymous_15)
FNDA:0,(anonymous_16)
FNDA:0,(anonymous_17)
FNDA:0,(anonymous_18)
FNDA:0,(anonymous_19)
FNDA:0,(anonymous_20)
FNDA:0,(anonymous_21)
FNDA:0,(anonymous_22)
FNDA:0,(anonymous_23)
FNDA:0,(anonymous_24)
FNDA:0,(anonymous_25)
FNDA:0,(anonymous_26)
FNDA:0,(anonymous_27)
FNDA:0,(anonymous_28)
FNDA:0,(anonymous_29)
FNDA:0,(anonymous_30)
FNDA:0,(anonymous_31)
FNDA:0,(anonymous_32)
FNDA:0,(anonymous_33)
FNDA:0,(anonymous_34)
FNDA:0,(anonymous_35)
FNDA:0,(anonymous_36)
FNDA:0,(anonymous_37)
FNDA:0,(anonymous_38)
FNDA:0,(anonymous_39)
FNDA:0,(anonymous_40)
FNDA:0,(anonymous_41)
FNDA:0,(anonymous_42)
FNDA:0,(anonymous_43)
FNDA:0,(anonymous_44)
FNDA:0,(anonymous_45)
FNDA:0,(anonymous_46)
FNDA:0,(anonymous_47)
FNDA:0,(anonymous_48)
FNDA:0,(anonymous_49)
FNDA:0,(anonymous_50)
FNDA:0,(anonymous_51)
FNDA:0,(anonymous_52)
FNDA:0,(anonymous_53)
FNDA:0,(anonymous_54)
FNDA:0,(anonymous_55)
FNDA:0,(anonymous_56)
FNDA:0,(anonymous_57)
FNDA:0,(anonymous_58)
FNDA:0,(anonymous_59)
FNDA:0,(anonymous_60)
FNDA:0,(anonymous_61)
FNDA:0,(anonymous_62)
FNDA:0,(anonymous_63)
FNDA:0,(anonymous_64)
FNDA:0,(anonymous_65)
FNDA:0,(anonymous_66)
FNDA:0,(anonymous_67)
FNDA:0,(anonymous_68)
FNDA:0,(anonymous_69)
FNDA:0,(anonymous_70)
FNDA:0,(anonymous_71)
FNDA:0,(anonymous_72)
FNDA:0,(anonymous_73)
FNDA:0,(anonymous_74)
FNDA:0,(anonymous_75)
FNDA:0,(anonymous_76)
FNDA:0,(anonymous_77)
FNDA:0,(anonymous_78)
FNDA:0,(anonymous_79)
FNDA:0,(anonymous_80)
FNDA:0,(anonymous_81)
FNDA:0,(anonymous_82)
FNDA:0,(anonymous_83)
FNDA:0,(anonymous_84)
FNDA:0,(anonymous_85)
FNDA:0,(anonymous_86)
FNDA:0,(anonymous_87)
FNDA:0,(anonymous_88)
FNDA:0,(anonymous_89)
FNDA:0,(anonymous_90)
FNDA:0,(anonymous_91)
FNDA:0,(anonymous_92)
FNDA:0,(anonymous_93)
FNDA:0,(anonymous_94)
FNDA:0,(anonymous_95)
FNDA:0,(anonymous_96)
FNDA:0,(anonymous_97)
FNDA:0,(anonymous_98)
FNDA:0,(anonymous_99)
FNDA:0,(anonymous_100)
FNDA:0,(anonymous_101)
FNDA:0,(anonymous_102)
FNDA:0,(anonymous_103)
FNDA:0,(anonymous_104)
FNDA:0,(anonymous_105)
FNDA:0,(anonymous_106)
FNDA:0,(anonymous_107)
FNDA:0,(anonymous_108)
FNDA:0,(anonymous_109)
DA:15,1
DA:17,1
DA:19,0
DA:23,1
DA:25,0
DA:31,1
DA:38,1
DA:53,0
DA:54,0
DA:57,0
DA:61,1
DA:62,0
DA:63,0
DA:64,0
DA:65,0
DA:66,0
DA:71,0
DA:72,0
DA:73,0
DA:87,0
DA:177,0
DA:178,0
DA:179,0
DA:180,0
DA:183,0
DA:192,0
DA:212,0
DA:213,0
DA:215,0
DA:217,0
DA:218,0
DA:295,0
DA:296,0
DA:300,0
DA:301,0
DA:302,0
DA:303,0
DA:304,0
DA:305,0
DA:306,0
DA:307,0
DA:308,0
DA:310,0
DA:315,0
DA:321,0
DA:322,0
DA:323,0
DA:325,0
DA:326,0
DA:328,0
DA:329,0
DA:330,0
DA:331,0
DA:333,0
DA:335,0
DA:339,0
DA:340,0
DA:341,0
DA:343,0
DA:347,0
DA:352,0
DA:353,0
DA:355,0
DA:360,0
DA:361,0
DA:362,0
DA:363,0
DA:364,0
DA:368,0
DA:373,0
DA:374,0
DA:376,0
DA:379,0
DA:381,0
DA:382,0
DA:387,0
DA:388,0
DA:393,0
DA:394,0
DA:402,0
DA:409,0
DA:418,0
DA:422,0
DA:423,0
DA:424,0
DA:426,0
DA:427,0
DA:428,0
DA:429,0
DA:431,0
DA:432,0
DA:439,0
DA:443,0
DA:450,0
DA:451,0
DA:452,0
DA:454,0
DA:455,0
DA:458,0
DA:459,0
DA:460,0
DA:461,0
DA:462,0
DA:467,0
DA:468,0
DA:469,0
DA:474,0
DA:475,0
DA:483,0
DA:484,0
DA:486,0
DA:487,0
DA:488,0
DA:491,0
DA:492,0
DA:494,0
DA:497,0
DA:499,0
DA:509,0
DA:512,0
DA:516,0
DA:518,0
DA:520,0
DA:522,0
DA:523,0
DA:531,0
DA:532,0
DA:533,0
DA:534,0
DA:536,0
DA:538,0
DA:541,0
DA:544,0
DA:549,0
DA:551,0
DA:552,0
DA:553,0
DA:554,0
DA:557,0
DA:558,0
DA:559,0
DA:562,0
DA:563,0
DA:565,0
DA:566,0
DA:568,0
DA:574,0
DA:575,0
DA:578,0
DA:579,0
DA:582,0
DA:583,0
DA:584,0
DA:587,0
DA:591,0
DA:593,0
DA:595,0
DA:596,0
DA:601,0
DA:602,0
DA:603,0
DA:604,0
DA:610,0
DA:611,0
DA:613,0
DA:614,0
DA:616,0
DA:617,0
DA:619,0
DA:625,0
DA:626,0
DA:627,0
DA:628,0
DA:634,0
DA:636,0
DA:637,0
DA:638,0
DA:639,0
DA:640,0
DA:642,0
DA:643,0
DA:648,0
DA:650,0
DA:652,0
DA:653,0
DA:654,0
DA:657,0
DA:658,0
DA:661,0
DA:665,0
DA:667,0
DA:668,0
DA:669,0
DA:676,0
DA:678,0
DA:679,0
DA:680,0
DA:682,0
DA:683,0
DA:684,0
DA:686,0
DA:687,0
DA:688,0
DA:690,0
DA:691,0
DA:694,0
DA:695,0
DA:698,0
DA:699,0
DA:701,0
DA:702,0
DA:709,0
DA:713,0
DA:722,0
DA:723,0
DA:733,0
DA:735,0
DA:737,0
DA:738,0
DA:740,0
DA:741,0
DA:742,0
DA:749,0
DA:751,0
DA:753,0
DA:761,0
DA:763,0
DA:766,0
DA:768,0
DA:769,0
DA:772,0
DA:777,0
DA:778,0
DA:784,0
DA:785,0
DA:786,0
DA:787,0
DA:788,0
DA:789,0
DA:790,0
DA:793,0
DA:795,0
DA:802,0
DA:803,0
DA:804,0
DA:805,0
DA:806,0
DA:807,0
DA:813,0
DA:814,0
DA:815,0
DA:817,0
DA:818,0
DA:822,0
DA:826,0
DA:828,0
DA:830,0
DA:831,0
DA:836,0
DA:837,0
DA:838,0
DA:839,0
DA:840,0
DA:841,0
DA:843,0
DA:844,0
DA:848,0
DA:850,0
DA:853,0
DA:859,0
DA:860,0
DA:861,0
DA:862,0
DA:866,0
DA:867,0
DA:870,0
DA:871,0
DA:873,0
DA:874,0
DA:875,0
DA:876,0
DA:882,0
DA:886,0
DA:887,0
DA:889,0
DA:896,0
DA:898,0
DA:899,0
DA:908,0
DA:910,0
DA:912,0
DA:918,0
DA:919,0
DA:920,0
DA:924,0
DA:925,0
DA:926,0
DA:927,0
DA:928,0
DA:930,0
DA:933,0
DA:936,0
DA:939,0
DA:941,0
DA:942,0
DA:945,0
DA:946,0
DA:947,0
DA:948,0
DA:950,0
DA:951,0
DA:956,0
DA:957,0
DA:958,0
DA:959,0
DA:960,0
DA:962,0
DA:964,0
DA:966,0
DA:968,0
DA:972,0
DA:987,0
DA:988,0
DA:990,0
DA:991,0
DA:993,0
DA:995,0
DA:996,0
DA:997,0
DA:998,0
DA:999,0
DA:1000,0
DA:1001,0
DA:1002,0
DA:1003,0
DA:1004,0
DA:1006,0
DA:1008,0
DA:1009,0
DA:1010,0
DA:1011,0
DA:1012,0
DA:1013,0
DA:1016,0
DA:1017,0
DA:1018,0
DA:1019,0
DA:1021,0
DA:1022,0
DA:1023,0
DA:1027,0
DA:1029,0
DA:1030,0
DA:1031,0
DA:1032,0
DA:1033,0
DA:1034,0
DA:1035,0
DA:1036,0
DA:1037,0
DA:1042,0
DA:1044,0
DA:1048,0
DA:1052,0
DA:1053,0
DA:1056,0
DA:1059,0
DA:1060,0
DA:1063,0
DA:1067,0
DA:1068,0
DA:1069,0
DA:1071,0
DA:1075,0
DA:1076,0
DA:1081,0
DA:1086,0
DA:1087,0
DA:1093,0
DA:1096,0
DA:1100,0
DA:1104,0
DA:1105,0
DA:1106,0
DA:1108,0
DA:1109,0
DA:1113,0
DA:1114,0
DA:1115,0
DA:1117,0
DA:1118,0
DA:1120,0
DA:1121,0
DA:1122,0
DA:1125,0
DA:1126,0
DA:1127,0
DA:1131,0
DA:1133,0
DA:1137,0
DA:1138,0
DA:1141,0
DA:1144,0
DA:1152,0
DA:1153,0
DA:1154,0
DA:1156,0
DA:1158,0
DA:1159,0
DA:1160,0
DA:1161,0
DA:1163,0
DA:1165,0
DA:1167,0
DA:1171,0
DA:1177,0
DA:1178,0
DA:1182,0
DA:1183,0
DA:1185,0
DA:1186,0
DA:1187,0
DA:1188,0
DA:1189,0
DA:1194,0
DA:1195,0
DA:1197,0
DA:1198,0
DA:1199,0
DA:1202,0
DA:1206,0
DA:1207,0
DA:1209,0
DA:1213,0
DA:1221,0
DA:1226,0
DA:1227,0
DA:1228,0
DA:1229,0
DA:1231,0
DA:1236,0
DA:1242,0
DA:1245,0
DA:1246,0
DA:1247,0
DA:1248,0
DA:1249,0
DA:1252,0
DA:1257,0
DA:1263,0
DA:1264,0
DA:1267,0
DA:1268,0
DA:1269,0
DA:1270,0
DA:1271,0
DA:1276,0
DA:1289,0
DA:1290,0
DA:1298,0
DA:1302,0
DA:1303,0
DA:1310,0
DA:1311,0
DA:1312,0
DA:1316,0
DA:1320,0
DA:1321,0
DA:1322,0
DA:1324,0
DA:1325,0
DA:1326,0
DA:1327,0
DA:1332,0
DA:1333,0
DA:1334,0
DA:1336,0
DA:1337,0
DA:1339,0
DA:1340,0
DA:1342,0
DA:1343,0
DA:1348,0
DA:1350,0
DA:1351,0
DA:1355,0
DA:1360,0
DA:1364,0
DA:1367,0
DA:1369,0
DA:1371,0
DA:1372,0
DA:1374,0
DA:1375,0
DA:1376,0
DA:1378,0
DA:1385,0
DA:1386,0
DA:1387,0
DA:1388,0
DA:1389,0
DA:1390,0
DA:1391,0
DA:1397,0
DA:1405,0
DA:1413,0
DA:1414,0
DA:1415,0
DA:1417,0
DA:1418,0
DA:1419,0
DA:1420,0
DA:1423,0
DA:1424,0
DA:1434,0
DA:1435,0
DA:1436,0
DA:1441,0
DA:1442,0
DA:1443,0
DA:1444,0
DA:1446,0
DA:1447,0
DA:1449,0
DA:1451,0
DA:1452,0
DA:1454,0
DA:1455,0
DA:1456,0
DA:1458,0
DA:1459,0
DA:1460,0
DA:1462,0
DA:1465,0
DA:1470,0
DA:1472,0
DA:1473,0
DA:1474,0
DA:1477,0
LF:539
LH:6
BRDA:17,1,0,0
BRDA:17,1,1,1
BRDA:17,2,0,1
BRDA:17,2,1,0
BRDA:23,3,0,0
BRDA:23,3,1,1
BRDA:38,4,0,0
BRDA:38,4,1,0
BRDA:53,5,0,0
BRDA:53,5,1,0
BRDA:57,6,0,0
BRDA:57,6,1,0
BRDA:57,6,2,0
BRDA:57,6,3,0
BRDA:64,7,0,0
BRDA:64,7,1,0
BRDA:66,8,0,0
BRDA:66,8,1,0
BRDA:66,9,0,0
BRDA:66,9,1,0
BRDA:66,9,2,0
BRDA:72,10,0,0
BRDA:72,10,1,0
BRDA:177,11,0,0
BRDA:177,11,1,0
BRDA:178,12,0,0
BRDA:178,12,1,0
BRDA:212,13,0,0
BRDA:212,13,1,0
BRDA:215,14,0,0
BRDA:215,14,1,0
BRDA:215,15,0,0
BRDA:215,15,1,0
BRDA:215,15,2,0
BRDA:294,16,0,0
BRDA:294,16,1,0
BRDA:295,17,0,0
BRDA:295,17,1,0
BRDA:295,17,2,0
BRDA:300,18,0,0
BRDA:300,18,1,0
BRDA:305,19,0,0
BRDA:305,19,1,0
BRDA:305,20,0,0
BRDA:305,20,1,0
BRDA:305,20,2,0
BRDA:315,21,0,0
BRDA:315,21,1,0
BRDA:315,21,2,0
BRDA:315,21,3,0
BRDA:322,22,0,0
BRDA:322,22,1,0
BRDA:325,23,0,0
BRDA:325,23,1,0
BRDA:328,24,0,0
BRDA:328,24,1,0
BRDA:341,25,0,0
BRDA:341,25,1,0
BRDA:352,26,0,0
BRDA:352,26,1,0
BRDA:361,27,0,0
BRDA:361,27,1,0
BRDA:363,28,0,0
BRDA:363,28,1,0
BRDA:373,29,0,0
BRDA:373,29,1,0
BRDA:374,30,0,0
BRDA:374,30,1,0
BRDA:376,31,0,0
BRDA:376,31,1,0
BRDA:376,32,0,0
BRDA:376,32,1,0
BRDA:376,32,2,0
BRDA:376,32,3,0
BRDA:383,33,0,0
BRDA:383,33,1,0
BRDA:384,34,0,0
BRDA:384,34,1,0
BRDA:419,35,0,0
BRDA:419,35,1,0
BRDA:422,36,0,0
BRDA:422,36,1,0
BRDA:447,37,0,0
BRDA:447,37,1,0
BRDA:448,38,0,0
BRDA:448,38,1,0
BRDA:451,39,0,0
BRDA:451,39,1,0
BRDA:454,40,0,0
BRDA:454,40,1,0
BRDA:454,41,0,0
BRDA:454,41,1,0
BRDA:454,41,2,0
BRDA:458,42,0,0
BRDA:458,42,1,0
BRDA:459,43,0,0
BRDA:459,43,1,0
BRDA:460,44,0,0
BRDA:460,44,1,0
BRDA:461,45,0,0
BRDA:461,45,1,0
BRDA:462,46,0,0
BRDA:462,46,1,0
BRDA:468,47,0,0
BRDA:468,47,1,0
BRDA:476,48,0,0
BRDA:476,48,1,0
BRDA:476,48,2,0
BRDA:483,49,0,0
BRDA:483,49,1,0
BRDA:491,50,0,0
BRDA:491,50,1,0
BRDA:497,51,0,0
BRDA:497,51,1,0
BRDA:497,52,0,0
BRDA:497,52,1,0
BRDA:500,53,0,0
BRDA:500,53,1,0
BRDA:500,53,2,0
BRDA:503,54,0,0
BRDA:503,54,1,0
BRDA:518,55,0,0
BRDA:518,55,1,0
BRDA:522,56,0,0
BRDA:522,56,1,0
BRDA:522,57,0,0
BRDA:522,57,1,0
BRDA:522,57,2,0
BRDA:524,58,0,0
BRDA:524,58,1,0
BRDA:531,59,0,0
BRDA:531,59,1,0
BRDA:532,60,0,0
BRDA:532,60,1,0
BRDA:533,61,0,0
BRDA:533,61,1,0
BRDA:538,62,0,0
BRDA:538,62,1,0
BRDA:541,63,0,0
BRDA:541,63,1,0
BRDA:551,64,0,0
BRDA:551,64,1,0
BRDA:555,65,0,0
BRDA:555,65,1,0
BRDA:556,66,0,0
BRDA:556,66,1,0
BRDA:562,67,0,0
BRDA:562,67,1,0
BRDA:563,68,0,0
BRDA:563,68,1,0
BRDA:565,69,0,0
BRDA:565,69,1,0
BRDA:574,70,0,0
BRDA:574,70,1,0
BRDA:574,71,0,0
BRDA:574,71,1,0
BRDA:578,72,0,0
BRDA:578,72,1,0
BRDA:583,73,0,0
BRDA:583,73,1,0
BRDA:584,74,0,0
BRDA:584,74,1,0
BRDA:587,75,0,0
BRDA:587,75,1,0
BRDA:587,75,2,0
BRDA:587,75,3,0
BRDA:591,76,0,0
BRDA:591,76,1,0
BRDA:591,77,0,0
BRDA:591,77,1,0
BRDA:591,77,2,0
BRDA:595,78,0,0
BRDA:595,78,1,0
BRDA:610,79,0,0
BRDA:610,79,1,0
BRDA:613,80,0,0
BRDA:613,80,1,0
BRDA:616,81,0,0
BRDA:616,81,1,0
BRDA:636,82,0,0
BRDA:636,82,1,0
BRDA:636,82,2,0
BRDA:637,83,0,0
BRDA:637,83,1,0
[...]
FN:27,(anonymous_36)
FN:27,(anonymous_37)
FN:27,(anonymous_38)
FN:27,d
FN:27,(anonymous_40)
FN:27,(anonymous_41)
FN:27,(anonymous_42)
FN:27,(anonymous_43)
FN:27,(anonymous_44)
FN:27,(anonymous_45)
FN:27,c
FN:27,(anonymous_47)
FN:27,(anonymous_48)
FN:27,(anonymous_49)
FN:27,(anonymous_50)
FN:27,(anonymous_51)
FN:27,(anonymous_52)
FN:27,(anonymous_53)
FN:27,(anonymous_54)
FN:27,(anonymous_55)
FN:27,(anonymous_56)
FN:27,(anonymous_57)
FN:27,(anonymous_58)
FN:27,(anonymous_59)
FN:27,(anonymous_60)
FN:27,(anonymous_61)
FN:27,(anonymous_62)
FN:27,(anonymous_63)
FN:27,d
FN:27,(anonymous_65)
FN:27,(anonymous_66)
FN:27,(anonymous_67)
FN:27,(anonymous_68)
FN:27,(anonymous_69)
FN:27,(anonymous_70)
FN:27,(anonymous_71)
FN:27,(anonymous_72)
FN:27,c
FN:27,(anonymous_74)
FN:27,(anonymous_75)
FN:27,d
FN:27,e
FN:27,c
FN:27,d
FN:27,c
FN:27,(anonymous_81)
FN:27,(anonymous_82)
FN:27,(anonymous_83)
FN:27,(anonymous_84)
FN:27,(anonymous_85)
FN:27,(anonymous_86)
FN:27,(anonymous_87)
FN:27,(anonymous_88)
FN:27,(anonymous_89)
FN:27,f
FN:27,h
FN:27,g
FN:27,h
FN:27,(anonymous_94)
FN:27,(anonymous_95)
FN:27,i
FN:27,j
FN:27,k
FN:27,(anonymous_99)
FN:27,(anonymous_100)
FN:27,(anonymous_101)
FN:27,(anonymous_102)
FN:27,(anonymous_103)
FN:27,(anonymous_104)
FN:27,(anonymous_105)
FN:27,(anonymous_106)
FN:27,(anonymous_107)
FN:27,(anonymous_108)
FN:27,(anonymous_109)
FN:27,(anonymous_110)
FN:27,(anonymous_111)
FN:27,(anonymous_112)
FN:27,(anonymous_113)
FN:27,(anonymous_114)
FN:27,(anonymous_115)
FN:27,(anonymous_116)
FN:27,(anonymous_117)
FN:27,(anonymous_118)
FN:27,(anonymous_119)
FN:27,(anonymous_120)
FN:27,(anonymous_121)
FN:27,(anonymous_122)
FN:27,(anonymous_123)
FN:27,(anonymous_124)
FN:27,(anonymous_125)
FN:27,(anonymous_126)
FN:27,(anonymous_127)
FN:27,(anonymous_128)
FN:27,(anonymous_129)
FNF:129
FNH:69
FNDA:1,(anonymous_1)
FNDA:1,(anonymous_2)
FNDA:1,(anonymous_3)
FNDA:56,b
FNDA:1,(anonymous_5)
FNDA:1,d
FNDA:9,(anonymous_7)
FNDA:1,(anonymous_8)
FNDA:4,(anonymous_9)
FNDA:1,(anonymous_10)
FNDA:16,(anonymous_11)
FNDA:1,(anonymous_12)
FNDA:1,d
FNDA:8,(anonymous_14)
FNDA:0,(anonymous_15)
FNDA:0,(anonymous_16)
FNDA:0,(anonymous_17)
FNDA:1,(anonymous_18)
FNDA:0,(anonymous_19)
FNDA:1,(anonymous_20)
FNDA:0,c
FNDA:1,d
FNDA:0,e
FNDA:0,f
FNDA:0,g
FNDA:0,h
FNDA:0,i
FNDA:0,j
FNDA:1,(anonymous_29)
FNDA:0,(anonymous_30)
FNDA:0,(anonymous_31)
FNDA:1,(anonymous_32)
FNDA:0,d
FNDA:1,(anonymous_34)
FNDA:1,(anonymous_35)
FNDA:0,(anonymous_36)
FNDA:1,(anonymous_37)
FNDA:1,(anonymous_38)
FNDA:1,d
FNDA:1,(anonymous_40)
FNDA:1,(anonymous_41)
FNDA:0,(anonymous_42)
FNDA:1,(anonymous_43)
FNDA:1,(anonymous_44)
FNDA:0,(anonymous_45)
FNDA:0,c
FNDA:1,(anonymous_47)
FNDA:1,(anonymous_48)
FNDA:0,(anonymous_49)
FNDA:1,(anonymous_50)
FNDA:1,(anonymous_51)
FNDA:0,(anonymous_52)
FNDA:0,(anonymous_53)
FNDA:1,(anonymous_54)
FNDA:1,(anonymous_55)
FNDA:0,(anonymous_56)
FNDA:1,(anonymous_57)
FNDA:1,(anonymous_58)
FNDA:0,(anonymous_59)
FNDA:1,(anonymous_60)
FNDA:1,(anonymous_61)
FNDA:0,(anonymous_62)
FNDA:1,(anonymous_63)
FNDA:1,d
FNDA:1,(anonymous_65)
FNDA:1,(anonymous_66)
FNDA:0,(anonymous_67)
FNDA:0,(anonymous_68)
FNDA:1,(anonymous_69)
FNDA:0,(anonymous_70)
FNDA:0,(anonymous_71)
FNDA:1,(anonymous_72)
FNDA:0,c
FNDA:0,(anonymous_74)
FNDA:1,(anonymous_75)
FNDA:9,d
FNDA:9,e
FNDA:0,c
FNDA:0,d
FNDA:0,c
FNDA:0,(anonymous_81)
FNDA:0,(anonymous_82)
FNDA:0,(anonymous_83)
FNDA:0,(anonymous_84)
FNDA:0,(anonymous_85)
FNDA:0,(anonymous_86)
FNDA:0,(anonymous_87)
FNDA:0,(anonymous_88)
FNDA:0,(anonymous_89)
FNDA:0,f
FNDA:0,h
FNDA:0,g
FNDA:0,h
FNDA:0,(anonymous_94)
FNDA:0,(anonymous_95)
FNDA:0,i
FNDA:0,j
FNDA:0,k
FNDA:1,(anonymous_99)
FNDA:1,(anonymous_100)
FNDA:1,(anonymous_101)
FNDA:1,(anonymous_102)
FNDA:9,(anonymous_103)
FNDA:1,(anonymous_104)
FNDA:9,(anonymous_105)
FNDA:1,(anonymous_106)
FNDA:1,(anonymous_107)
FNDA:1,(anonymous_108)
FNDA:1,(anonymous_109)
FNDA:1,(anonymous_110)
FNDA:0,(anonymous_111)
FNDA:0,(anonymous_112)
FNDA:1,(anonymous_113)
FNDA:1,(anonymous_114)
FNDA:1,(anonymous_115)
FNDA:0,(anonymous_116)
FNDA:0,(anonymous_117)
FNDA:0,(anonymous_118)
FNDA:0,(anonymous_119)
FNDA:0,(anonymous_120)
FNDA:1,(anonymous_121)
FNDA:0,(anonymous_122)
FNDA:1,(anonymous_123)
FNDA:1,(anonymous_124)
FNDA:1,(anonymous_125)
FNDA:1,(anonymous_126)
FNDA:1,(anonymous_127)
FNDA:0,(anonymous_128)
FNDA:1,(anonymous_129)
DA:27,56
LF:1
LH:1
BRDA:27,1,0,0
BRDA:27,1,1,1
BRDA:27,2,0,1
BRDA:27,2,1,0
BRDA:27,3,0,0
BRDA:27,3,1,1
BRDA:27,4,0,1
BRDA:27,4,1,0
BRDA:27,5,0,0
BRDA:27,5,1,1
BRDA:27,6,0,22
BRDA:27,6,1,34
BRDA:27,7,0,4
BRDA:27,7,1,0
BRDA:27,8,0,4
BRDA:27,8,1,4
BRDA:27,9,0,0
BRDA:27,9,1,0
BRDA:27,10,0,0
BRDA:27,10,1,0
BRDA:27,11,0,0
BRDA:27,11,1,16
BRDA:27,12,0,16
BRDA:27,12,1,16
BRDA:27,13,0,1
BRDA:27,13,1,1
BRDA:27,14,0,1
BRDA:27,14,1,1
BRDA:27,15,0,1
BRDA:27,15,1,1
BRDA:27,16,0,0
BRDA:27,16,1,8
BRDA:27,17,0,0
BRDA:27,17,1,0
BRDA:27,18,0,0
BRDA:27,18,1,0
BRDA:27,19,0,0
BRDA:27,19,1,0
BRDA:27,20,0,0
BRDA:27,20,1,1
BRDA:27,21,0,0
BRDA:27,21,1,0
BRDA:27,22,0,8
BRDA:27,22,1,8
BRDA:27,23,0,0
BRDA:27,23,1,0
BRDA:27,24,0,0
BRDA:27,24,1,0
BRDA:27,25,0,0
BRDA:27,25,1,0
BRDA:27,26,0,0
BRDA:27,26,1,0
BRDA:27,27,0,0
BRDA:27,27,1,0
BRDA:27,28,0,0
BRDA:27,28,1,0
BRDA:27,29,0,0
BRDA:27,29,1,0
BRDA:27,30,0,0
BRDA:27,30,1,0
BRDA:27,30,2,0
BRDA:27,31,0,0
BRDA:27,31,1,0
BRDA:27,32,0,0
BRDA:27,32,1,0
BRDA:27,33,0,1
BRDA:27,33,1,0
BRDA:27,34,0,0
BRDA:27,34,1,0
BRDA:27,35,0,1
BRDA:27,35,1,0
BRDA:27,36,0,0
BRDA:27,36,1,0
BRDA:27,37,0,0
BRDA:27,37,1,0
BRDA:27,38,0,0
BRDA:27,38,1,0
BRDA:27,39,0,0
BRDA:27,39,1,0
BRDA:27,40,0,0
BRDA:27,40,1,0
BRDA:27,41,0,0
BRDA:27,41,1,0
BRDA:27,42,0,0
BRDA:27,42,1,0
BRDA:27,43,0,0
BRDA:27,43,1,0
BRDA:27,44,0,0
BRDA:27,44,1,0
BRDA:27,45,0,0
BRDA:27,45,1,0
BRDA:27,46,0,0
BRDA:27,46,1,0
BRDA:27,47,0,0
BRDA:27,47,1,0
BRDA:27,48,0,0
BRDA:27,48,1,0
BRDA:27,49,0,0
BRDA:27,49,1,0
BRDA:27,50,0,0
BRDA:27,50,1,0
BRDA:27,51,0,0
BRDA:27,51,1,0
BRDA:27,52,0,0
BRDA:27,52,1,0
BRDA:27,53,0,0
BRDA:27,53,1,0
BRDA:27,54,0,0
BRDA:27,54,1,0
BRDA:27,55,0,0
BRDA:27,55,1,0
BRDA:27,55,2,0
BRDA:27,56,0,0
BRDA:27,56,1,0
BRDA:27,57,0,0
BRDA:27,57,1,0
BRDA:27,58,0,0
BRDA:27,58,1,0
BRDA:27,59,0,0
BRDA:27,59,1,0
BRDA:27,60,0,0
BRDA:27,60,1,0
BRDA:27,61,0,0
BRDA:27,61,1,0
BRDA:27,62,0,0
BRDA:27,62,1,0
BRDA:27,63,0,0
BRDA:27,63,1,0
BRDA:27,64,0,0
BRDA:27,64,1,0
BRDA:27,65,0,0
BRDA:27,65,1,0
BRDA:27,66,0,0
BRDA:27,66,1,0
BRDA:27,67,0,0
BRDA:27,67,1,0
BRDA:27,68,0,0
BRDA:27,68,1,0
BRDA:27,68,2,0
BRDA:27,69,0,0
BRDA:27,69,1,0
BRDA:27,70,0,0
BRDA:27,70,1,0
BRDA:27,70,2,0
BRDA:27,71,0,0
BRDA:27,71,1,0
BRDA:27,72,0,0
BRDA:27,72,1,0
BRDA:27,73,0,0
BRDA:27,73,1,0
BRDA:27,74,0,0
BRDA:27,74,1,0
BRDA:27,74,2,0
BRDA:27,75,0,0
BRDA:27,75,1,0
BRDA:27,76,0,0
BRDA:27,76,1,0
BRDA:27,77,0,0
BRDA:27,77,1,0
BRDA:27,78,0,0
BRDA:27,78,1,0
BRDA:27,79,0,0
BRDA:27,79,1,0
BRDA:27,80,0,0
BRDA:27,80,1,0
BRDA:27,81,0,0
BRDA:27,81,1,0
BRDA:27,82,0,9
BRDA:27,82,1,9
BRDA:27,82,2,0
BRDA:27,83,0,0
BRDA:27,83,1,9
BRDA:27,84,0,0
BRDA:27,84,1,0
BRDA:27,85,0,0
BRDA:27,85,1,0
BRDA:27,86,0,0
BRDA:27,86,1,0
BRDA:27,87,0,0
BRDA:27,87,1,0
BRDA:27,88,0,0
BRDA:27,88,1,0
BRDA:27,88,2,0
BRDA:27,89,0,0
BRDA:27,89,1,0
BRDA:27,90,0,0
BRDA:27,90,1,0
BRDA:27,90,2,0
BRDA:27,91,0,0
BRDA:27,91,1,0
BRDA:27,92,0,0
BRDA:27,92,1,0
BRDA:27,93,0,0
BRDA:27,93,1,0
BRDA:27,93,2,0
BRDA:27,94,0,0
BRDA:27,94,1,0
BRDA:27,95,0,0
BRDA:27,95,1,0
BRDA:27,96,0,0
BRDA:27,96,1,0
BRDA:27,97,0,0
BRDA:27,97,1,0
BRDA:27,98,0,0
BRDA:27,98,1,0
BRDA:27,99,0,0
BRDA:27,99,1,9
BRDA:27,100,0,0
BRDA:27,100,1,9
BRDA:27,101,0,9
BRDA:27,101,1,9
BRDA:27,102,0,0
BRDA:27,102,1,0
BRDA:27,103,0,0
BRDA:27,103,1,0
BRDA:27,104,0,0
BRDA:27,104,1,0
BRDA:27,105,0,0
BRDA:27,105,1,0
BRDA:27,106,0,0
BRDA:27,106,1,0
BRDA:27,107,0,0
BRDA:27,107,1,0
BRDA:27,107,2,0
BRDA:27,107,3,0
BRDA:27,108,0,0
BRDA:27,108,1,0
BRDA:27,109,0,0
BRDA:27,109,1,0
BRDA:27,110,0,0
BRDA:27,110,1,0
BRDA:27,111,0,0
BRDA:27,111,1,0
BRDA:27,111,2,0
BRDA:27,111,3,0
BRDA:27,112,0,0
BRDA:27,112,1,0
BRDA:27,113,0,0
BRDA:27,113,1,0
BRDA:27,114,0,0
BRDA:27,114,1,0
BRDA:27,114,2,0
BRDA:27,115,0,0
BRDA:27,115,1,0
BRDA:27,116,0,0
BRDA:27,116,1,0
BRDA:27,117,0,0
BRDA:27,117,1,0
BRDA:27,118,0,0
BRDA:27,118,1,0
BRDA:27,119,0,0
BRDA:27,119,1,0
BRDA:27,120,0,0
BRDA:27,120,1,0
BRDA:27,121,0,0
BRDA:27,121,1,0
BRDA:27,121,2,0
BRDA:27,121,3,0
BRDA:27,121,4,0
BRDA:27,122,0,0
BRDA:27,122,1,0
BRDA:27,123,0,0
BRDA:27,123,1,0
BRDA:27,124,0,0
BRDA:27,124,1,0
BRDA:27,125,0,0
BRDA:27,125,1,0
BRDA:27,126,0,0
BRDA:27,126,1,0
BRDA:27,127,0,0
BRDA:27,127,1,0
BRDA:27,127,2,0
BRDA:27,128,0,0
BRDA:27,128,1,0
BRDA:27,129,0,0
BRDA:27,129,1,0
BRDA:27,130,0,0
BRDA:27,130,1,0
BRDA:27,131,0,0
BRDA:27,131,1,0
BRDA:27,132,0,0
BRDA:27,132,1,0
BRDA:27,133,0,0
BRDA:27,133,1,0
BRDA:27,133,2,0
BRDA:27,134,0,0
BRDA:27,134,1,0
BRDA:27,135,0,0
BRDA:27,135,1,0
BRDA:27,136,0,0
BRDA:27,136,1,0
BRDA:27,137,0,0
BRDA:27,137,1,0
BRDA:27,137,2,0
BRDA:27,138,0,0
BRDA:27,138,1,0
BRDA:27,139,0,0
BRDA:27,139,1,0
BRDA:27,139,2,0
BRDA:27,140,0,0
BRDA:27,140,1,0
BRDA:27,141,0,0
BRDA:27,141,1,0
BRDA:27,142,0,0
BRDA:27,142,1,0
BRDA:27,143,0,9
BRDA:27,143,1,0
BRDA:27,144,0,9
BRDA:27,144,1,9
BRDA:27,145,0,9
BRDA:27,145,1,0
BRDA:27,146,0,1
BRDA:27,146,1,1
BRDA:27,147,0,1
BRDA:27,147,1,1
BRDA:27,148,0,0
BRDA:27,148,1,1
BRDA:27,149,0,1
BRDA:27,149,1,1
BRDA:27,150,0,0
BRDA:27,150,1,1
BRDA:27,151,0,1
BRDA:27,151,1,0
BRDA:27,152,0,0
BRDA:27,152,1,0
BRDA:27,153,0,1
BRDA:27,153,1,0
BRDA:27,154,0,1
BRDA:27,154,1,0
BRDA:27,154,2,0
BRDA:27,155,0,1
BRDA:27,155,1,0
BRDA:27,155,2,1
BRDA:27,156,0,0
BRDA:27,156,1,1
BRDA:27,157,0,0
BRDA:27,157,1,1
BRDA:27,158,0,1
BRDA:27,158,1,0
BRDA:27,159,0,0
BRDA:27,159,1,1
BRDA:27,160,0,1
BRDA:27,160,1,0
BRDA:27,161,0,0
BRDA:27,161,1,1
BRDA:27,162,0,1
BRDA:27,162,1,0
BRDA:27,163,0,0
BRDA:27,163,1,0
BRDA:27,164,0,0
BRDA:27,164,1,1
BRDA:27,165,0,1
BRDA:27,165,1,0
BRDA:27,166,0,1
BRDA:27,166,1,0
BRDA:27,167,0,0
BRDA:27,167,1,0
BRDA:27,168,0,1
BRDA:27,168,1,0
BRDA:27,169,0,1
BRDA:27,169,1,1
BRDA:27,170,0,0
BRDA:27,170,1,0
BRDA:27,171,0,0
BRDA:27,171,1,0
BRDA:27,172,0,1
BRDA:27,172,1,0
BRDA:27,173,0,1
BRDA:27,173,1,0
BRDA:27,174,0,0
BRDA:27,174,1,0
BRDA:27,175,0,0
BRDA:27,175,1,0
BRDA:27,175,2,0
BRDA:27,176,0,0
BRDA:27,176,1,0
BRDA:27,177,0,1
BRDA:27,177,1,0
BRDA:27,178,0,0
BRDA:27,178,1,0
BRF:380
BRH:65
end_of_record
TN:
SF:assests/js/lib/jquery-sortable-min.js
FN:1,(anonymous_1)
FN:1,v
FN:1,w
FN:1,p
FN:1,x
FN:2,(anonymous_6)
FN:2,q
FN:2,t
FN:3,(anonymous_9)
FN:4,(anonymous_10)
FN:4,(anonymous_11)
FN:4,(anonymous_12)
FN:4,(anonymous_13)
FN:4,(anonymous_14)
FN:5,(anonymous_15)
FN:5,(anonymous_16)
FN:6,(anonymous_17)
FN:6,(anonymous_18)
FN:7,(anonymous_19)
FN:8,(anonymous_20)
FN:8,(anonymous_21)
FN:9,(anonymous_22)
FN:10,(anonymous_23)
FN:10,(anonymous_24)
FN:10,(anonymous_25)
FN:11,(anonymous_26)
FN:11,(anonymous_27)
FN:11,(anonymous_28)
FN:12,(anonymous_29)
FN:12,(anonymous_30)
FN:12,(anonymous_31)
FN:12,(anonymous_32)
FN:12,(anonymous_33)
FN:13,(anonymous_34)
FN:13,(anonymous_35)
FN:13,(anonymous_36)
FN:13,(anonymous_37)
FN:13,(anonymous_38)
FN:13,(anonymous_39)
FN:13,(anonymous_40)
FN:13,(anonymous_41)
FN:14,(anonymous_42)
FN:14,(anonymous_43)
FN:15,(anonymous_44)
FN:16,(anonymous_45)
FN:16,(anonymous_46)
FN:16,(anonymous_47)
FN:17,(anonymous_48)
FN:17,(anonymous_49)
FN:17,(anonymous_50)
FN:18,(anonymous_51)
FN:18,(anonymous_52)
FN:18,(anonymous_53)
FN:18,(anonymous_54)
FN:18,(anonymous_55)
FN:18,(anonymous_56)
FN:18,(anonymous_57)
FN:18,(anonymous_58)
FN:18,(anonymous_59)
FN:18,(anonymous_60)
FN:19,(anonymous_61)
FN:19,(anonymous_62)
FN:19,(anonymous_63)
FN:19,(anonymous_64)
FN:19,(anonymous_65)
FN:19,(anonymous_66)
FN:19,(anonymous_67)
FNF:67
FNH:0
FNDA:0,(anonymous_1)
FNDA:0,v
FNDA:0,w
FNDA:0,p
FNDA:0,x
FNDA:0,(anonymous_6)
FNDA:0,q
FNDA:0,t
FNDA:0,(anonymous_9)
FNDA:0,(anonymous_10)
FNDA:0,(anonymous_11)
FNDA:0,(anonymous_12)
FNDA:0,(anonymous_13)
FNDA:0,(anonymous_14)
FNDA:0,(anonymous_15)
FNDA:0,(anonymous_16)
FNDA:0,(anonymous_17)
FNDA:0,(anonymous_18)
FNDA:0,(anonymous_19)
FNDA:0,(anonymous_20)
FNDA:0,(anonymous_21)
FNDA:0,(anonymous_22)
FNDA:0,(anonymous_23)
FNDA:0,(anonymous_24)
FNDA:0,(anonymous_25)
FNDA:0,(anonymous_26)
FNDA:0,(anonymous_27)
FNDA:0,(anonymous_28)
FNDA:0,(anonymous_29)
FNDA:0,(anonymous_30)
FNDA:0,(anonymous_31)
FNDA:0,(anonymous_32)
FNDA:0,(anonymous_33)
FNDA:0,(anonymous_34)
FNDA:0,(anonymous_35)
FNDA:0,(anonymous_36)
FNDA:0,(anonymous_37)
FNDA:0,(anonymous_38)
FNDA:0,(anonymous_39)
FNDA:0,(anonymous_40)
FNDA:0,(anonymous_41)
FNDA:0,(anonymous_42)
FNDA:0,(anonymous_43)
FNDA:0,(anonymous_44)
FNDA:0,(anonymous_45)
FNDA:0,(anonymous_46)
FNDA:0,(anonymous_47)
FNDA:0,(anonymous_48)
FNDA:0,(anonymous_49)
FNDA:0,(anonymous_50)
FNDA:0,(anonymous_51)
FNDA:0,(anonymous_52)
FNDA:0,(anonymous_53)
FNDA:0,(anonymous_54)
FNDA:0,(anonymous_55)
FNDA:0,(anonymous_56)
FNDA:0,(anonymous_57)
FNDA:0,(anonymous_58)
FNDA:0,(anonymous_59)
FNDA:0,(anonymous_60)
FNDA:0,(anonymous_61)
FNDA:0,(anonymous_62)
FNDA:0,(anonymous_63)
FNDA:0,(anonymous_64)
FNDA:0,(anonymous_65)
FNDA:0,(anonymous_66)
FNDA:0,(anonymous_67)
DA:1,1
DA:2,1
DA:3,0
DA:4,0
DA:5,0
DA:6,0
DA:7,0
DA:8,0
DA:9,0
DA:10,0
DA:11,0
DA:12,0
DA:13,0
DA:14,0
DA:15,0
DA:16,0
DA:17,0
DA:18,0
DA:19,0
LF:19
LH:2
BRDA:1,1,0,0
BRDA:1,1,1,0
BRDA:1,2,0,0
BRDA:1,2,1,0
BRDA:2,3,0,0
BRDA:2,3,1,0
BRDA:2,4,0,0
BRDA:2,4,1,0
BRDA:2,5,0,0
BRDA:2,5,1,0
BRDA:2,5,2,0
BRDA:2,6,0,0
BRDA:2,6,1,0
BRDA:2,7,0,0
BRDA:2,7,1,0
BRDA:3,8,0,0
BRDA:3,8,1,0
BRDA:3,9,0,0
BRDA:3,9,1,0
BRDA:3,10,0,0
BRDA:3,10,1,0
BRDA:3,11,0,0
BRDA:3,11,1,0
BRDA:5,12,0,0
BRDA:5,12,1,0
BRDA:5,13,0,0
BRDA:5,13,1,0
BRDA:5,14,0,0
BRDA:5,14,1,0
BRDA:6,15,0,0
BRDA:6,15,1,0
BRDA:6,16,0,0
BRDA:6,16,1,0
BRDA:6,17,0,0
BRDA:6,17,1,0
BRDA:6,18,0,0
BRDA:6,18,1,0
BRDA:6,18,2,0
BRDA:7,19,0,0
BRDA:7,19,1,0
BRDA:7,20,0,0
BRDA:7,20,1,0
BRDA:7,21,0,0
BRDA:7,21,1,0
BRDA:7,22,0,0
BRDA:7,22,1,0
BRDA:7,22,2,0
BRDA:7,22,3,0
BRDA:7,22,4,0
BRDA:7,22,5,0
BRDA:7,22,6,0
BRDA:8,23,0,0
BRDA:8,23,1,0
BRDA:8,24,0,0
BRDA:8,24,1,0
BRDA:8,25,0,0
BRDA:8,25,1,0
BRDA:9,26,0,0
BRDA:9,26,1,0
BRDA:9,27,0,0
BRDA:9,27,1,0
BRDA:9,28,0,0
BRDA:9,28,1,0
BRDA:9,29,0,0
BRDA:9,29,1,0
BRDA:9,30,0,0
BRDA:9,30,1,0
BRDA:9,31,0,0
BRDA:9,31,1,0
BRDA:9,32,0,0
BRDA:9,32,1,0
BRDA:9,33,0,0
BRDA:9,33,1,0
BRDA:9,34,0,0
BRDA:9,34,1,0
BRDA:9,35,0,0
BRDA:9,35,1,0
BRDA:9,35,2,0
BRDA:10,36,0,0
BRDA:10,36,1,0
BRDA:10,37,0,0
BRDA:10,37,1,0
BRDA:10,38,0,0
BRDA:10,38,1,0
BRDA:10,39,0,0
BRDA:10,39,1,0
BRDA:11,40,0,0
BRDA:11,40,1,0
BRDA:12,41,0,0
BRDA:12,41,1,0
BRDA:12,41,2,0
BRDA:12,42,0,0
BRDA:12,42,1,0
BRDA:12,43,0,0
BRDA:12,43,1,0
BRDA:12,44,0,0
BRDA:12,44,1,0
BRDA:13,45,0,0
BRDA:13,45,1,0
BRDA:13,45,2,0
BRDA:13,45,3,0
BRDA:13,45,4,0
BRDA:13,46,0,0
BRDA:13,46,1,0
BRDA:13,46,2,0
BRDA:14,47,0,0
BRDA:14,47,1,0
BRDA:14,48,0,0
BRDA:14,48,1,0
BRDA:14,49,0,0
BRDA:14,49,1,0
BRDA:14,50,0,0
BRDA:14,50,1,0
BRDA:14,51,0,0
BRDA:14,51,1,0
BRDA:14,52,0,0
BRDA:14,52,1,0
BRDA:14,53,0,0
BRDA:14,53,1,0
BRDA:15,54,0,0
BRDA:15,54,1,0
BRDA:15,55,0,0
BRDA:15,55,1,0
BRDA:15,56,0,0
BRDA:15,56,1,0
BRDA:15,57,0,0
BRDA:15,57,1,0
BRDA:15,58,0,0
BRDA:15,58,1,0
BRDA:16,59,0,0
BRDA:16,59,1,0
BRDA:16,60,0,0
BRDA:16,60,1,0
BRDA:16,60,2,0
BRDA:16,61,0,0
BRDA:16,61,1,0
BRDA:16,62,0,0
BRDA:16,62,1,0
BRDA:17,63,0,0
BRDA:17,63,1,0
BRDA:17,64,0,0
BRDA:17,64,1,0
BRDA:17,65,0,0
BRDA:17,65,1,0
BRDA:18,66,0,0
BRDA:18,66,1,0
BRDA:18,67,0,0
BRDA:18,67,1,0
BRDA:18,68,0,0
BRDA:18,68,1,0
BRDA:18,69,0,0
BRDA:18,69,1,0
BRDA:19,70,0,0
BRDA:19,70,1,0
BRDA:19,71,0,0
BRDA:19,71,1,0
BRDA:19,72,0,0
BRDA:19,72,1,0
BRDA:19,73,0,0
BRDA:19,73,1,0
BRDA:19,73,2,0
BRDA:19,73,3,0
BRF:162
BRH:0
end_of_record
TN:
SF:assests/js/lib/embed/templates.js
FN:4,(anonymous_1)
FN:12,(anonymous_2)
FN:20,(anonymous_3)
FN:28,(anonymous_4)
FN:32,(anonymous_5)
FN:38,(anonymous_6)
FN:42,(anonymous_7)
FN:50,(anonymous_8)
FN:56,(anonymous_9)
FN:64,(anonymous_10)
FN:72,(anonymous_11)
FN:76,(anonymous_12)
FN:78,(anonymous_13)
FN:88,(anonymous_14)
FN:92,(anonymous_15)
FN:96,(anonymous_16)
FN:104,(anonymous_17)
FN:110,(anonymous_18)
FN:114,(anonymous_19)
FN:122,(anonymous_20)
FNF:20
FNH:0
FNDA:0,(anonymous_1)
FNDA:0,(anonymous_2)
FNDA:0,(anonymous_3)
FNDA:0,(anonymous_4)
FNDA:0,(anonymous_5)
FNDA:0,(anonymous_6)
FNDA:0,(anonymous_7)
FNDA:0,(anonymous_8)
FNDA:0,(anonymous_9)
FNDA:0,(anonymous_10)
FNDA:0,(anonymous_11)
FNDA:0,(anonymous_12)
FNDA:0,(anonymous_13)
FNDA:0,(anonymous_14)
FNDA:0,(anonymous_15)
FNDA:0,(anonymous_16)
FNDA:0,(anonymous_17)
FNDA:0,(anonymous_18)
FNDA:0,(anonymous_19)
FNDA:0,(anonymous_20)
DA:1,1
DA:2,1
DA:4,1
DA:5,0
DA:7,0
DA:13,0
DA:15,0
DA:20,1
DA:21,0
DA:23,0
DA:28,1
DA:29,0
DA:32,1
DA:33,0
DA:35,0
DA:39,0
DA:41,0
DA:43,0
DA:45,0
DA:51,0
DA:53,0
DA:57,0
DA:59,0
DA:64,1
DA:65,0
DA:67,0
DA:72,1
DA:73,0
DA:76,1
DA:79,0
DA:81,0
DA:88,1
DA:89,0
DA:92,1
DA:93,0
DA:95,0
DA:97,0
DA:99,0
DA:105,0
DA:107,0
DA:111,0
DA:113,0
DA:115,0
DA:117,0
DA:123,0
DA:125,0
LF:46
LH:11
BRDA:1,1,0,1
BRDA:1,1,1,1
BRDA:2,2,0,1
BRDA:2,2,1,1
BRDA:5,3,0,0
BRDA:5,3,1,0
BRDA:5,4,0,0
BRDA:5,4,1,0
BRDA:8,5,0,0
BRDA:8,5,1,0
BRDA:8,6,0,0
BRDA:8,6,1,0
BRDA:8,6,2,0
BRDA:8,7,0,0
BRDA:8,7,1,0
BRDA:10,8,0,0
BRDA:10,8,1,0
BRDA:10,9,0,0
BRDA:10,9,1,0
BRDA:10,10,0,0
BRDA:10,10,1,0
BRDA:10,11,0,0
BRDA:10,11,1,0
BRDA:10,12,0,0
BRDA:10,12,1,0
BRDA:16,13,0,0
BRDA:16,13,1,0
BRDA:16,14,0,0
BRDA:16,14,1,0
BRDA:16,15,0,0
BRDA:16,15,1,0
BRDA:16,16,0,0
BRDA:16,16,1,0
BRDA:24,17,0,0
BRDA:24,17,1,0
BRDA:24,18,0,0
BRDA:24,18,1,0
BRDA:24,19,0,0
BRDA:24,19,1,0
BRDA:24,20,0,0
BRDA:24,20,1,0
BRDA:24,21,0,0
BRDA:24,21,1,0
BRDA:24,22,0,0
BRDA:24,22,1,0
BRDA:36,23,0,0
BRDA:36,23,1,0
BRDA:36,24,0,0
BRDA:36,24,1,0
BRDA:36,25,0,0
BRDA:36,25,1,0
BRDA:36,26,0,0
BRDA:36,26,1,0
BRDA:41,27,0,0
BRDA:41,27,1,0
BRDA:41,28,0,0
BRDA:41,28,1,0
BRDA:41,29,0,0
BRDA:41,29,1,0
BRDA:41,30,0,0
BRDA:41,30,1,0
BRDA:43,31,0,0
BRDA:43,31,1,0
BRDA:43,32,0,0
BRDA:43,32,1,0
BRDA:46,33,0,0
BRDA:46,33,1,0
BRDA:46,34,0,0
BRDA:46,34,1,0
BRDA:46,34,2,0
BRDA:46,35,0,0
BRDA:46,35,1,0
BRDA:48,36,0,0
BRDA:48,36,1,0
BRDA:48,37,0,0
BRDA:48,37,1,0
BRDA:48,38,0,0
BRDA:48,38,1,0
BRDA:48,39,0,0
BRDA:48,39,1,0
BRDA:48,40,0,0
BRDA:48,40,1,0
BRDA:54,41,0,0
BRDA:54,41,1,0
BRDA:54,42,0,0
BRDA:54,42,1,0
BRDA:54,43,0,0
BRDA:54,43,1,0
BRDA:54,44,0,0
BRDA:54,44,1,0
BRDA:57,45,0,0
BRDA:57,45,1,0
BRDA:57,46,0,0
BRDA:57,46,1,0
BRDA:59,47,0,0
BRDA:59,47,1,0
BRDA:59,48,0,0
BRDA:59,48,1,0
BRDA:61,49,0,0
BRDA:61,49,1,0
BRDA:61,50,0,0
BRDA:61,50,1,0
BRDA:68,51,0,0
BRDA:68,51,1,0
BRDA:68,52,0,0
BRDA:68,52,1,0
BRDA:68,53,0,0
BRDA:68,53,1,0
BRDA:68,54,0,0
BRDA:68,54,1,0
BRDA:68,55,0,0
BRDA:68,55,1,0
BRDA:68,56,0,0
BRDA:68,56,1,0
BRDA:68,57,0,0
BRDA:68,57,1,0
BRDA:79,58,0,0
BRDA:79,58,1,0
BRDA:79,59,0,0
BRDA:79,59,1,0
BRDA:82,60,0,0
BRDA:82,60,1,0
BRDA:82,61,0,0
BRDA:82,61,1,0
BRDA:82,62,0,0
BRDA:82,62,1,0
BRDA:82,63,0,0
BRDA:82,63,1,0
BRDA:84,64,0,0
BRDA:84,64,1,0
BRDA:84,65,0,0
BRDA:84,65,1,0
BRDA:95,66,0,0
BRDA:95,66,1,0
BRDA:95,67,0,0
BRDA:95,67,1,0
BRDA:95,68,0,0
BRDA:95,68,1,0
BRDA:95,69,0,0
BRDA:95,69,1,0
BRDA:97,70,0,0
BRDA:97,70,1,0
BRDA:97,71,0,0
BRDA:97,71,1,0
BRDA:100,72,0,0
BRDA:100,72,1,0
BRDA:100,73,0,0
BRDA:100,73,1,0
BRDA:100,73,2,0
BRDA:100,74,0,0
BRDA:100,74,1,0
BRDA:102,75,0,0
BRDA:102,75,1,0
BRDA:102,76,0,0
BRDA:102,76,1,0
BRDA:102,77,0,0
BRDA:102,77,1,0
BRDA:102,78,0,0
BRDA:102,78,1,0
BRDA:102,79,0,0
BRDA:102,79,1,0
BRDA:108,80,0,0
BRDA:108,80,1,0
BRDA:108,81,0,0
BRDA:108,81,1,0
BRDA:108,82,0,0
BRDA:108,82,1,0
BRDA:108,83,0,0
BRDA:108,83,1,0
BRDA:113,84,0,0
BRDA:113,84,1,0
BRDA:113,85,0,0
BRDA:113,85,1,0
BRDA:113,86,0,0
BRDA:113,86,1,0
BRDA:113,87,0,0
BRDA:113,87,1,0
BRDA:115,88,0,0
BRDA:115,88,1,0
BRDA:115,89,0,0
BRDA:115,89,1,0
BRDA:118,90,0,0
BRDA:118,90,1,0
BRDA:118,91,0,0
BRDA:118,91,1,0
BRDA:118,91,2,0
BRDA:118,92,0,0
BRDA:118,92,1,0
BRDA:120,93,0,0
BRDA:120,93,1,0
BRDA:120,94,0,0
BRDA:120,94,1,0
BRDA:120,95,0,0
BRDA:120,95,1,0
BRDA:120,96,0,0
BRDA:120,96,1,0
BRDA:120,97,0,0
BRDA:120,97,1,0
BRDA:123,98,0,0
BRDA:123,98,1,0
BRDA:123,99,0,0
BRDA:123,99,1,0
BRDA:126,100,0,0
BRDA:126,100,1,0
BRDA:126,101,0,0
BRDA:126,101,1,0
BRDA:128,102,0,0
BRDA:128,102,1,0
BRDA:128,103,0,0
BRDA:128,103,1,0
BRF:210
BRH:4
end_of_record
