{"src/js/globals.js":{"path":"src/js/globals.js","s":{"1":1,"2":0,"3":1},"b":{},"f":{"1":0},"fnMap":{"1":{"name":"MediumEditor","line":2,"loc":{"start":{"line":2,"column":0},"end":{"line":2,"column":41}}}},"statementMap":{"1":{"start":{"line":2,"column":0},"end":{"line":5,"column":1}},"2":{"start":{"line":4,"column":4},"end":{"line":4,"column":40}},"3":{"start":{"line":7,"column":0},"end":{"line":7,"column":29}}},"branchMap":{}},"src/js/extension.js":{"path":"src/js/extension.js","s":{"1":1,"2":1,"3":0,"4":1,"5":8,"6":8,"7":1,"8":7,"9":0,"10":8,"11":0,"12":0,"13":0,"14":0,"15":0,"16":0,"17":0,"18":1,"19":0,"20":0,"21":0,"22":1,"23":5,"24":0,"25":1},"b":{"1":[1,7],"2":[8,8],"3":[0,0]},"f":{"1":1,"2":0,"3":8,"4":0,"5":0,"6":0,"7":0,"8":0,"9":0,"10":5,"11":0},"fnMap":{"1":{"name":"(anonymous_1)","line":1,"loc":{"start":{"line":1,"column":1},"end":{"line":1,"column":13}}},"2":{"name":"(anonymous_2)","line":4,"loc":{"start":{"line":4,"column":20},"end":{"line":4,"column":39}}},"3":{"name":"(anonymous_3)","line":8,"loc":{"start":{"line":8,"column":23},"end":{"line":8,"column":45}}},"4":{"name":"(anonymous_4)","line":43,"loc":{"start":{"line":43,"column":20},"end":{"line":43,"column":32}}},"5":{"name":"(anonymous_5)","line":53,"loc":{"start":{"line":53,"column":24},"end":{"line":53,"column":36}}},"6":{"name":"(anonymous_6)","line":76,"loc":{"start":{"line":76,"column":14},"end":{"line":76,"column":26}}},"7":{"name":"(anonymous_7)","line":223,"loc":{"start":{"line":223,"column":27},"end":{"line":223,"column":39}}},"8":{"name":"(anonymous_8)","line":232,"loc":{"start":{"line":232,"column":21},"end":{"line":232,"column":33}}},"9":{"name":"(anonymous_9)","line":241,"loc":{"start":{"line":241,"column":25},"end":{"line":241,"column":43}}},"10":{"name":"(anonymous_10)","line":265,"loc":{"start":{"line":265,"column":14},"end":{"line":265,"column":32}}},"11":{"name":"(anonymous_11)","line":266,"loc":{"start":{"line":266,"column":38},"end":{"line":266,"column":50}}}},"statementMap":{"1":{"start":{"line":1,"column":0},"end":{"line":272,"column":5}},"2":{"start":{"line":4,"column":4},"end":{"line":6,"column":6}},"3":{"start":{"line":5,"column":8},"end":{"line":5,"column":48}},"4":{"start":{"line":8,"column":4},"end":{"line":66,"column":6}},"5":{"start":{"line":33,"column":8},"end":{"line":34,"column":18}},"6":{"start":{"line":40,"column":8},"end":{"line":46,"column":9}},"7":{"start":{"line":41,"column":12},"end":{"line":41,"column":43}},"8":{"start":{"line":43,"column":12},"end":{"line":45,"column":14}},"9":{"start":{"line":44,"column":16},"end":{"line":44,"column":53}},"10":{"start":{"line":49,"column":8},"end":{"line":49,"column":48}},"11":{"start":{"line":53,"column":8},"end":{"line":55,"column":10}},"12":{"start":{"line":54,"column":12},"end":{"line":54,"column":37}},"13":{"start":{"line":56,"column":8},"end":{"line":56,"column":47}},"14":{"start":{"line":57,"column":8},"end":{"line":57,"column":42}},"15":{"start":{"line":59,"column":8},"end":{"line":61,"column":9}},"16":{"start":{"line":60,"column":12},"end":{"line":60,"column":66}},"17":{"start":{"line":65,"column":8},"end":{"line":65,"column":21}},"18":{"start":{"line":68,"column":4},"end":{"line":244,"column":6}},"19":{"start":{"line":224,"column":12},"end":{"line":224,"column":38}},"20":{"start":{"line":233,"column":12},"end":{"line":233,"column":32}},"21":{"start":{"line":242,"column":12},"end":{"line":242,"column":45}},"22":{"start":{"line":255,"column":4},"end":{"line":269,"column":7}},"23":{"start":{"line":266,"column":8},"end":{"line":268,"column":10}},"24":{"start":{"line":267,"column":12},"end":{"line":267,"column":65}},"25":{"start":{"line":271,"column":4},"end":{"line":271,"column":39}}},"branchMap":{"1":{"line":40,"type":"if","locations":[{"start":{"line":40,"column":8},"end":{"line":40,"column":8}},{"start":{"line":40,"column":8},"end":{"line":40,"column":8}}]},"2":{"line":40,"type":"binary-expr","locations":[{"start":{"line":40,"column":12},"end":{"line":40,"column":22}},{"start":{"line":40,"column":26},"end":{"line":40,"column":66}}]},"3":{"line":59,"type":"if","locations":[{"start":{"line":59,"column":8},"end":{"line":59,"column":8}},{"start":{"line":59,"column":8},"end":{"line":59,"column":8}}]}}},"src/js/selection.js":{"path":"src/js/selection.js","s":{"1":1,"2":1,"3":0,"4":0,"5":0,"6":1,"7":0,"8":0,"9":0,"10":0,"11":0,"12":0,"13":0,"14":0,"15":0,"16":0,"17":0,"18":0,"19":0,"20":0,"21":0,"22":0,"23":0,"24":0,"25":0,"26":0,"27":0,"28":0,"29":0,"30":0,"31":0,"32":0,"33":0,"34":0,"35":0,"36":0,"37":0,"38":0,"39":0,"40":0,"41":0,"42":0,"43":0,"44":0,"45":0,"46":0,"47":0,"48":0,"49":0,"50":0,"51":0,"52":0,"53":0,"54":0,"55":0,"56":0,"57":0,"58":0,"59":0,"60":0,"61":0,"62":0,"63":0,"64":0,"65":0,"66":0,"67":0,"68":0,"69":0,"70":0,"71":0,"72":0,"73":0,"74":0,"75":0,"76":0,"77":0,"78":0,"79":0,"80":0,"81":0,"82":0,"83":0,"84":0,"85":0,"86":0,"87":0,"88":0,"89":0,"90":0,"91":0,"92":0,"93":0,"94":0,"95":0,"96":0,"97":0,"98":0,"99":0,"100":0,"101":0,"102":0,"103":0,"104":0,"105":0,"106":0,"107":0,"108":0,"109":0,"110":0,"111":0,"112":0,"113":0,"114":0,"115":0,"116":0,"117":0,"118":0,"119":0,"120":0,"121":0,"122":0,"123":0,"124":0,"125":0,"126":0,"127":0,"128":0,"129":0,"130":0,"131":0,"132":0,"133":0,"134":0,"135":0,"136":0,"137":0,"138":0,"139":0,"140":0,"141":0,"142":0,"143":0,"144":0,"145":0,"146":0,"147":0,"148":0,"149":0,"150":0,"151":0,"152":0,"153":0,"154":0,"155":0,"156":0,"157":0,"158":0,"159":0,"160":0,"161":0,"162":0,"163":0,"164":0,"165":0,"166":0,"167":0,"168":0,"169":0,"170":0,"171":0,"172":0,"173":0,"174":0,"175":0,"176":0,"177":0,"178":0,"179":0,"180":0,"181":0,"182":0,"183":0,"184":0,"185":0,"186":0,"187":0,"188":0,"189":0,"190":0,"191":0,"192":0,"193":0,"194":0,"195":0,"196":0,"197":0,"198":0,"199":0,"200":0,"201":0,"202":0,"203":0,"204":0,"205":0,"206":0,"207":0,"208":0,"209":0,"210":0,"211":0,"212":0,"213":0,"214":0,"215":0,"216":0,"217":0,"218":0,"219":0,"220":0,"221":0,"222":0,"223":0,"224":0,"225":0,"226":0,"227":0,"228":0,"229":0,"230":0,"231":0,"232":0,"233":0,"234":0,"235":0,"236":0,"237":0,"238":0,"239":0,"240":0,"241":0,"242":0,"243":0,"244":0,"245":0,"246":0,"247":0,"248":0,"249":0,"250":0,"251":0,"252":0,"253":0,"254":0,"255":0,"256":0,"257":0,"258":0,"259":0,"260":0,"261":0,"262":0,"263":0,"264":0,"265":0,"266":0,"267":1},"b":{"1":[0,0],"2":[0,0],"3":[0,0],"4":[0,0],"5":[0,0],"6":[0,0],"7":[0,0],"8":[0,0],"9":[0,0],"10":[0,0],"11":[0,0],"12":[0,0,0],"13":[0,0],"14":[0,0],"15":[0,0],"16":[0,0],"17":[0,0],"18":[0,0,0],"19":[0,0],"20":[0,0],"21":[0,0],"22":[0,0,0],"23":[0,0],"24":[0,0],"25":[0,0],"26":[0,0],"27":[0,0],"28":[0,0],"29":[0,0],"30":[0,0],"31":[0,0],"32":[0,0],"33":[0,0],"34":[0,0],"35":[0,0],"36":[0,0,0,0],"37":[0,0],"38":[0,0],"39":[0,0],"40":[0,0],"41":[0,0],"42":[0,0],"43":[0,0],"44":[0,0],"45":[0,0],"46":[0,0],"47":[0,0],"48":[0,0],"49":[0,0],"50":[0,0],"51":[0,0],"52":[0,0],"53":[0,0],"54":[0,0],"55":[0,0],"56":[0,0],"57":[0,0],"58":[0,0],"59":[0,0],"60":[0,0],"61":[0,0],"62":[0,0],"63":[0,0],"64":[0,0],"65":[0,0],"66":[0,0],"67":[0,0],"68":[0,0],"69":[0,0],"70":[0,0],"71":[0,0],"72":[0,0],"73":[0,0],"74":[0,0],"75":[0,0],"76":[0,0],"77":[0,0,0],"78":[0,0],"79":[0,0,0],"80":[0,0],"81":[0,0],"82":[0,0],"83":[0,0],"84":[0,0],"85":[0,0,0],"86":[0,0],"87":[0,0],"88":[0,0],"89":[0,0,0],"90":[0,0],"91":[0,0],"92":[0,0],"93":[0,0],"94":[0,0],"95":[0,0],"96":[0,0,0],"97":[0,0],"98":[0,0],"99":[0,0],"100":[0,0],"101":[0,0],"102":[0,0,0],"103":[0,0],"104":[0,0],"105":[0,0],"106":[0,0],"107":[0,0],"108":[0,0],"109":[0,0],"110":[0,0]},"f":{"1":1,"2":0,"3":0,"4":0,"5":0,"6":0,"7":0,"8":0,"9":0,"10":0,"11":0,"12":0,"13":0,"14":0,"15":0,"16":0,"17":0,"18":0,"19":0,"20":0,"21":0,"22":0,"23":0,"24":0,"25":0,"26":0,"27":0,"28":0,"29":0},"fnMap":{"1":{"name":"(anonymous_1)","line":1,"loc":{"start":{"line":1,"column":1},"end":{"line":1,"column":13}}},"2":{"name":"filterOnlyParentElements","line":4,"loc":{"start":{"line":4,"column":4},"end":{"line":4,"column":44}}},"3":{"name":"(anonymous_3)","line":13,"loc":{"start":{"line":13,"column":37},"end":{"line":13,"column":83}}},"4":{"name":"(anonymous_4)","line":28,"loc":{"start":{"line":28,"column":29},"end":{"line":28,"column":54}}},"5":{"name":"(anonymous_5)","line":29,"loc":{"start":{"line":29,"column":52},"end":{"line":29,"column":66}}},"6":{"name":"(anonymous_6)","line":36,"loc":{"start":{"line":36,"column":25},"end":{"line":36,"column":46}}},"7":{"name":"(anonymous_7)","line":94,"loc":{"start":{"line":94,"column":25},"end":{"line":94,"column":89}}},"8":{"name":"(anonymous_8)","line":220,"loc":{"start":{"line":220,"column":45},"end":{"line":220,"column":78}}},"9":{"name":"(anonymous_9)","line":221,"loc":{"start":{"line":221,"column":46},"end":{"line":221,"column":62}}},"10":{"name":"(anonymous_10)","line":254,"loc":{"start":{"line":254,"column":45},"end":{"line":254,"column":80}}},"11":{"name":"(anonymous_11)","line":309,"loc":{"start":{"line":309,"column":47},"end":{"line":309,"column":99}}},"12":{"name":"(anonymous_12)","line":360,"loc":{"start":{"line":360,"column":34},"end":{"line":360,"column":56}}},"13":{"name":"(anonymous_13)","line":392,"loc":{"start":{"line":392,"column":31},"end":{"line":392,"column":88}}},"14":{"name":"(anonymous_14)","line":464,"loc":{"start":{"line":464,"column":34},"end":{"line":464,"column":49}}},"15":{"name":"(anonymous_15)","line":490,"loc":{"start":{"line":490,"column":41},"end":{"line":490,"column":66}}},"16":{"name":"(anonymous_16)","line":495,"loc":{"start":{"line":495,"column":60},"end":{"line":495,"column":74}}},"17":{"name":"getSelectionHtml","line":508,"loc":{"start":{"line":508,"column":26},"end":{"line":508,"column":57}}},"18":{"name":"getCaretOffsets","line":531,"loc":{"start":{"line":531,"column":25},"end":{"line":531,"column":66}}},"19":{"name":"(anonymous_19)","line":554,"loc":{"start":{"line":554,"column":32},"end":{"line":554,"column":49}}},"20":{"name":"(anonymous_20)","line":561,"loc":{"start":{"line":561,"column":34},"end":{"line":561,"column":51}}},"21":{"name":"(anonymous_21)","line":580,"loc":{"start":{"line":580,"column":29},"end":{"line":580,"column":44}}},"22":{"name":"(anonymous_22)","line":603,"loc":{"start":{"line":603,"column":91},"end":{"line":603,"column":105}}},"23":{"name":"(anonymous_23)","line":608,"loc":{"start":{"line":608,"column":20},"end":{"line":608,"column":41}}},"24":{"name":"(anonymous_24)","line":614,"loc":{"start":{"line":614,"column":16},"end":{"line":614,"column":75}}},"25":{"name":"(anonymous_25)","line":632,"loc":{"start":{"line":632,"column":24},"end":{"line":632,"column":58}}},"26":{"name":"(anonymous_26)","line":647,"loc":{"start":{"line":647,"column":20},"end":{"line":647,"column":49}}},"27":{"name":"(anonymous_27)","line":651,"loc":{"start":{"line":651,"column":27},"end":{"line":651,"column":52}}},"28":{"name":"(anonymous_28)","line":659,"loc":{"start":{"line":659,"column":21},"end":{"line":659,"column":53}}},"29":{"name":"(anonymous_29)","line":668,"loc":{"start":{"line":668,"column":27},"end":{"line":668,"column":52}}}},"statementMap":{"1":{"start":{"line":1,"column":0},"end":{"line":677,"column":5}},"2":{"start":{"line":4,"column":4},"end":{"line":10,"column":5}},"3":{"start":{"line":5,"column":8},"end":{"line":9,"column":9}},"4":{"start":{"line":6,"column":12},"end":{"line":6,"column":44}},"5":{"start":{"line":8,"column":12},"end":{"line":8,"column":42}},"6":{"start":{"line":12,"column":4},"end":{"line":674,"column":6}},"7":{"start":{"line":14,"column":12},"end":{"line":16,"column":24}},"8":{"start":{"line":18,"column":12},"end":{"line":20,"column":13}},"9":{"start":{"line":19,"column":16},"end":{"line":19,"column":29}},"10":{"start":{"line":22,"column":12},"end":{"line":22,"column":44}},"11":{"start":{"line":23,"column":12},"end":{"line":23,"column":52}},"12":{"start":{"line":25,"column":12},"end":{"line":25,"column":78}},"13":{"start":{"line":29,"column":12},"end":{"line":31,"column":30}},"14":{"start":{"line":30,"column":16},"end":{"line":30,"column":67}},"15":{"start":{"line":37,"column":12},"end":{"line":39,"column":13}},"16":{"start":{"line":38,"column":16},"end":{"line":38,"column":28}},"17":{"start":{"line":41,"column":12},"end":{"line":42,"column":47}},"18":{"start":{"line":44,"column":12},"end":{"line":79,"column":13}},"19":{"start":{"line":45,"column":16},"end":{"line":47,"column":26}},"20":{"start":{"line":49,"column":16},"end":{"line":49,"column":59}},"21":{"start":{"line":50,"column":16},"end":{"line":50,"column":82}},"22":{"start":{"line":51,"column":16},"end":{"line":51,"column":60}},"23":{"start":{"line":53,"column":16},"end":{"line":56,"column":18}},"24":{"start":{"line":61,"column":16},"end":{"line":63,"column":17}},"25":{"start":{"line":62,"column":20},"end":{"line":62,"column":58}},"26":{"start":{"line":67,"column":16},"end":{"line":67,"column":127}},"27":{"start":{"line":68,"column":16},"end":{"line":70,"column":17}},"28":{"start":{"line":69,"column":20},"end":{"line":69,"column":75}},"29":{"start":{"line":73,"column":16},"end":{"line":78,"column":17}},"30":{"start":{"line":74,"column":20},"end":{"line":74,"column":138}},"31":{"start":{"line":75,"column":20},"end":{"line":77,"column":21}},"32":{"start":{"line":76,"column":24},"end":{"line":76,"column":75}},"33":{"start":{"line":81,"column":12},"end":{"line":81,"column":34}},"34":{"start":{"line":95,"column":12},"end":{"line":97,"column":13}},"35":{"start":{"line":96,"column":16},"end":{"line":96,"column":23}},"36":{"start":{"line":99,"column":12},"end":{"line":99,"column":42}},"37":{"start":{"line":100,"column":12},"end":{"line":100,"column":36}},"38":{"start":{"line":101,"column":12},"end":{"line":101,"column":33}},"39":{"start":{"line":103,"column":12},"end":{"line":112,"column":36}},"40":{"start":{"line":127,"column":12},"end":{"line":129,"column":13}},"41":{"start":{"line":128,"column":16},"end":{"line":128,"column":52}},"42":{"start":{"line":131,"column":12},"end":{"line":197,"column":13}},"43":{"start":{"line":133,"column":16},"end":{"line":136,"column":17}},"44":{"start":{"line":134,"column":20},"end":{"line":134,"column":43}},"45":{"start":{"line":135,"column":20},"end":{"line":135,"column":29}},"46":{"start":{"line":139,"column":16},"end":{"line":192,"column":17}},"47":{"start":{"line":140,"column":20},"end":{"line":140,"column":60}},"48":{"start":{"line":142,"column":20},"end":{"line":156,"column":21}},"49":{"start":{"line":145,"column":24},"end":{"line":155,"column":25}},"50":{"start":{"line":146,"column":28},"end":{"line":146,"column":83}},"51":{"start":{"line":147,"column":28},"end":{"line":147,"column":46}},"52":{"start":{"line":154,"column":28},"end":{"line":154,"column":48}},"53":{"start":{"line":158,"column":20},"end":{"line":165,"column":21}},"54":{"start":{"line":159,"column":24},"end":{"line":164,"column":25}},"55":{"start":{"line":160,"column":28},"end":{"line":160,"column":79}},"56":{"start":{"line":161,"column":28},"end":{"line":161,"column":40}},"57":{"start":{"line":163,"column":28},"end":{"line":163,"column":44}},"58":{"start":{"line":166,"column":20},"end":{"line":166,"column":46}},"59":{"start":{"line":168,"column":20},"end":{"line":181,"column":21}},"60":{"start":{"line":169,"column":24},"end":{"line":171,"column":25}},"61":{"start":{"line":170,"column":28},"end":{"line":170,"column":49}},"62":{"start":{"line":172,"column":24},"end":{"line":180,"column":25}},"63":{"start":{"line":174,"column":28},"end":{"line":174,"column":45}},"64":{"start":{"line":175,"column":28},"end":{"line":177,"column":29}},"65":{"start":{"line":176,"column":32},"end":{"line":176,"column":43}},"66":{"start":{"line":178,"column":28},"end":{"line":178,"column":72}},"67":{"start":{"line":179,"column":28},"end":{"line":179,"column":40}},"68":{"start":{"line":183,"column":20},"end":{"line":191,"column":21}},"69":{"start":{"line":186,"column":24},"end":{"line":186,"column":59}},"70":{"start":{"line":187,"column":24},"end":{"line":190,"column":25}},"71":{"start":{"line":188,"column":28},"end":{"line":188,"column":63}},"72":{"start":{"line":189,"column":28},"end":{"line":189,"column":35}},"73":{"start":{"line":194,"column":16},"end":{"line":196,"column":17}},"74":{"start":{"line":195,"column":20},"end":{"line":195,"column":43}},"75":{"start":{"line":202,"column":12},"end":{"line":205,"column":13}},"76":{"start":{"line":203,"column":16},"end":{"line":203,"column":66}},"77":{"start":{"line":204,"column":16},"end":{"line":204,"column":64}},"78":{"start":{"line":207,"column":12},"end":{"line":209,"column":13}},"79":{"start":{"line":208,"column":16},"end":{"line":208,"column":116}},"80":{"start":{"line":212,"column":12},"end":{"line":214,"column":13}},"81":{"start":{"line":213,"column":16},"end":{"line":213,"column":88}},"82":{"start":{"line":216,"column":12},"end":{"line":216,"column":41}},"83":{"start":{"line":221,"column":12},"end":{"line":223,"column":14}},"84":{"start":{"line":222,"column":16},"end":{"line":222,"column":59}},"85":{"start":{"line":224,"column":12},"end":{"line":248,"column":13}},"86":{"start":{"line":228,"column":16},"end":{"line":229,"column":66}},"87":{"start":{"line":230,"column":16},"end":{"line":237,"column":17}},"88":{"start":{"line":231,"column":20},"end":{"line":236,"column":21}},"89":{"start":{"line":232,"column":24},"end":{"line":232,"column":43}},"90":{"start":{"line":234,"column":24},"end":{"line":234,"column":47}},"91":{"start":{"line":235,"column":24},"end":{"line":235,"column":61}},"92":{"start":{"line":238,"column":16},"end":{"line":247,"column":17}},"93":{"start":{"line":239,"column":20},"end":{"line":239,"column":48}},"94":{"start":{"line":240,"column":20},"end":{"line":244,"column":21}},"95":{"start":{"line":241,"column":24},"end":{"line":243,"column":25}},"96":{"start":{"line":242,"column":28},"end":{"line":242,"column":49}},"97":{"start":{"line":245,"column":20},"end":{"line":245,"column":81}},"98":{"start":{"line":246,"column":20},"end":{"line":246,"column":41}},"99":{"start":{"line":249,"column":12},"end":{"line":249,"column":25}},"100":{"start":{"line":255,"column":12},"end":{"line":259,"column":30}},"101":{"start":{"line":260,"column":12},"end":{"line":260,"column":31}},"102":{"start":{"line":266,"column":12},"end":{"line":270,"column":13}},"103":{"start":{"line":267,"column":16},"end":{"line":267,"column":60}},"104":{"start":{"line":269,"column":16},"end":{"line":269,"column":88}},"105":{"start":{"line":273,"column":12},"end":{"line":291,"column":13}},"106":{"start":{"line":274,"column":16},"end":{"line":290,"column":17}},"107":{"start":{"line":276,"column":20},"end":{"line":278,"column":21}},"108":{"start":{"line":277,"column":24},"end":{"line":277,"column":60}},"109":{"start":{"line":280,"column":20},"end":{"line":280,"column":56}},"110":{"start":{"line":281,"column":20},"end":{"line":281,"column":32}},"111":{"start":{"line":283,"column":20},"end":{"line":285,"column":21}},"112":{"start":{"line":284,"column":24},"end":{"line":284,"column":30}},"113":{"start":{"line":287,"column":20},"end":{"line":289,"column":21}},"114":{"start":{"line":288,"column":24},"end":{"line":288,"column":30}},"115":{"start":{"line":293,"column":12},"end":{"line":295,"column":13}},"116":{"start":{"line":294,"column":16},"end":{"line":294,"column":40}},"117":{"start":{"line":299,"column":12},"end":{"line":299,"column":88}},"118":{"start":{"line":301,"column":12},"end":{"line":301,"column":25}},"119":{"start":{"line":311,"column":12},"end":{"line":313,"column":13}},"120":{"start":{"line":312,"column":16},"end":{"line":312,"column":26}},"121":{"start":{"line":316,"column":12},"end":{"line":316,"column":39}},"122":{"start":{"line":317,"column":12},"end":{"line":319,"column":13}},"123":{"start":{"line":318,"column":16},"end":{"line":318,"column":64}},"124":{"start":{"line":320,"column":12},"end":{"line":335,"column":13}},"125":{"start":{"line":322,"column":16},"end":{"line":324,"column":17}},"126":{"start":{"line":323,"column":20},"end":{"line":323,"column":30}},"127":{"start":{"line":326,"column":16},"end":{"line":326,"column":82}},"128":{"start":{"line":328,"column":16},"end":{"line":334,"column":17}},"129":{"start":{"line":329,"column":20},"end":{"line":329,"column":30}},"130":{"start":{"line":332,"column":21},"end":{"line":334,"column":17}},"131":{"start":{"line":333,"column":20},"end":{"line":333,"column":30}},"132":{"start":{"line":339,"column":12},"end":{"line":341,"column":37}},"133":{"start":{"line":342,"column":12},"end":{"line":353,"column":13}},"134":{"start":{"line":343,"column":16},"end":{"line":343,"column":77}},"135":{"start":{"line":344,"column":16},"end":{"line":346,"column":17}},"136":{"start":{"line":345,"column":20},"end":{"line":345,"column":42}},"137":{"start":{"line":347,"column":16},"end":{"line":349,"column":17}},"138":{"start":{"line":348,"column":20},"end":{"line":348,"column":44}},"139":{"start":{"line":350,"column":16},"end":{"line":352,"column":17}},"140":{"start":{"line":351,"column":20},"end":{"line":351,"column":41}},"141":{"start":{"line":355,"column":12},"end":{"line":355,"column":36}},"142":{"start":{"line":361,"column":12},"end":{"line":363,"column":13}},"143":{"start":{"line":362,"column":16},"end":{"line":362,"column":29}},"144":{"start":{"line":365,"column":12},"end":{"line":367,"column":13}},"145":{"start":{"line":366,"column":16},"end":{"line":366,"column":28}},"146":{"start":{"line":369,"column":12},"end":{"line":369,"column":64}},"147":{"start":{"line":370,"column":12},"end":{"line":372,"column":13}},"148":{"start":{"line":371,"column":16},"end":{"line":371,"column":29}},"149":{"start":{"line":374,"column":12},"end":{"line":374,"column":106}},"150":{"start":{"line":375,"column":12},"end":{"line":387,"column":13}},"151":{"start":{"line":376,"column":16},"end":{"line":376,"column":50}},"152":{"start":{"line":379,"column":16},"end":{"line":381,"column":17}},"153":{"start":{"line":380,"column":20},"end":{"line":380,"column":26}},"154":{"start":{"line":384,"column":16},"end":{"line":386,"column":17}},"155":{"start":{"line":385,"column":20},"end":{"line":385,"column":33}},"156":{"start":{"line":389,"column":12},"end":{"line":389,"column":24}},"157":{"start":{"line":395,"column":12},"end":{"line":397,"column":13}},"158":{"start":{"line":396,"column":16},"end":{"line":396,"column":25}},"159":{"start":{"line":401,"column":12},"end":{"line":403,"column":13}},"160":{"start":{"line":402,"column":16},"end":{"line":402,"column":25}},"161":{"start":{"line":405,"column":12},"end":{"line":405,"column":66}},"162":{"start":{"line":406,"column":12},"end":{"line":408,"column":13}},"163":{"start":{"line":407,"column":16},"end":{"line":407,"column":46}},"164":{"start":{"line":410,"column":12},"end":{"line":417,"column":35}},"165":{"start":{"line":419,"column":12},"end":{"line":457,"column":13}},"166":{"start":{"line":421,"column":16},"end":{"line":424,"column":17}},"167":{"start":{"line":422,"column":20},"end":{"line":422,"column":43}},"168":{"start":{"line":423,"column":20},"end":{"line":423,"column":29}},"169":{"start":{"line":426,"column":16},"end":{"line":452,"column":17}},"170":{"start":{"line":427,"column":20},"end":{"line":427,"column":39}},"171":{"start":{"line":428,"column":20},"end":{"line":428,"column":60}},"172":{"start":{"line":429,"column":20},"end":{"line":431,"column":21}},"173":{"start":{"line":430,"column":24},"end":{"line":430,"column":42}},"174":{"start":{"line":432,"column":20},"end":{"line":434,"column":21}},"175":{"start":{"line":433,"column":24},"end":{"line":433,"column":40}},"176":{"start":{"line":435,"column":20},"end":{"line":435,"column":46}},"177":{"start":{"line":437,"column":20},"end":{"line":439,"column":21}},"178":{"start":{"line":438,"column":24},"end":{"line":438,"column":41}},"179":{"start":{"line":441,"column":20},"end":{"line":451,"column":21}},"180":{"start":{"line":442,"column":24},"end":{"line":442,"column":36}},"181":{"start":{"line":443,"column":27},"end":{"line":451,"column":21}},"182":{"start":{"line":446,"column":24},"end":{"line":446,"column":59}},"183":{"start":{"line":447,"column":24},"end":{"line":450,"column":25}},"184":{"start":{"line":448,"column":28},"end":{"line":448,"column":63}},"185":{"start":{"line":449,"column":28},"end":{"line":449,"column":35}},"186":{"start":{"line":454,"column":16},"end":{"line":456,"column":17}},"187":{"start":{"line":455,"column":20},"end":{"line":455,"column":43}},"188":{"start":{"line":459,"column":12},"end":{"line":459,"column":34}},"189":{"start":{"line":465,"column":12},"end":{"line":465,"column":41}},"190":{"start":{"line":468,"column":12},"end":{"line":470,"column":13}},"191":{"start":{"line":469,"column":16},"end":{"line":469,"column":29}},"192":{"start":{"line":473,"column":12},"end":{"line":475,"column":13}},"193":{"start":{"line":474,"column":16},"end":{"line":474,"column":28}},"194":{"start":{"line":479,"column":12},"end":{"line":479,"column":81}},"195":{"start":{"line":480,"column":12},"end":{"line":485,"column":13}},"196":{"start":{"line":481,"column":16},"end":{"line":484,"column":17}},"197":{"start":{"line":483,"column":20},"end":{"line":483,"column":32}},"198":{"start":{"line":487,"column":12},"end":{"line":487,"column":25}},"199":{"start":{"line":494,"column":12},"end":{"line":501,"column":34}},"200":{"start":{"line":496,"column":20},"end":{"line":496,"column":70}},"201":{"start":{"line":497,"column":20},"end":{"line":499,"column":21}},"202":{"start":{"line":498,"column":24},"end":{"line":498,"column":39}},"203":{"start":{"line":500,"column":20},"end":{"line":500,"column":69}},"204":{"start":{"line":503,"column":12},"end":{"line":503,"column":40}},"205":{"start":{"line":509,"column":12},"end":{"line":513,"column":26}},"206":{"start":{"line":514,"column":12},"end":{"line":520,"column":13}},"207":{"start":{"line":515,"column":16},"end":{"line":515,"column":53}},"208":{"start":{"line":516,"column":16},"end":{"line":518,"column":17}},"209":{"start":{"line":517,"column":20},"end":{"line":517,"column":77}},"210":{"start":{"line":519,"column":16},"end":{"line":519,"column":43}},"211":{"start":{"line":521,"column":12},"end":{"line":521,"column":24}},"212":{"start":{"line":532,"column":12},"end":{"line":532,"column":46}},"213":{"start":{"line":534,"column":12},"end":{"line":536,"column":13}},"214":{"start":{"line":535,"column":16},"end":{"line":535,"column":60}},"215":{"start":{"line":538,"column":12},"end":{"line":538,"column":47}},"216":{"start":{"line":539,"column":12},"end":{"line":539,"column":48}},"217":{"start":{"line":541,"column":12},"end":{"line":541,"column":54}},"218":{"start":{"line":542,"column":12},"end":{"line":542,"column":70}},"219":{"start":{"line":544,"column":12},"end":{"line":544,"column":55}},"220":{"start":{"line":545,"column":12},"end":{"line":545,"column":73}},"221":{"start":{"line":547,"column":12},"end":{"line":550,"column":14}},"222":{"start":{"line":555,"column":12},"end":{"line":555,"column":49}},"223":{"start":{"line":556,"column":12},"end":{"line":558,"column":58}},"224":{"start":{"line":562,"column":12},"end":{"line":564,"column":13}},"225":{"start":{"line":563,"column":16},"end":{"line":563,"column":28}},"226":{"start":{"line":567,"column":12},"end":{"line":569,"column":13}},"227":{"start":{"line":568,"column":16},"end":{"line":568,"column":74}},"228":{"start":{"line":572,"column":12},"end":{"line":574,"column":13}},"229":{"start":{"line":573,"column":16},"end":{"line":573,"column":55}},"230":{"start":{"line":577,"column":12},"end":{"line":577,"column":40}},"231":{"start":{"line":581,"column":12},"end":{"line":584,"column":25}},"232":{"start":{"line":586,"column":12},"end":{"line":588,"column":13}},"233":{"start":{"line":587,"column":16},"end":{"line":587,"column":26}},"234":{"start":{"line":590,"column":12},"end":{"line":590,"column":44}},"235":{"start":{"line":592,"column":12},"end":{"line":601,"column":13}},"236":{"start":{"line":593,"column":16},"end":{"line":593,"column":27}},"237":{"start":{"line":594,"column":16},"end":{"line":594,"column":57}},"238":{"start":{"line":595,"column":16},"end":{"line":598,"column":17}},"239":{"start":{"line":596,"column":20},"end":{"line":596,"column":52}},"240":{"start":{"line":597,"column":20},"end":{"line":597,"column":51}},"241":{"start":{"line":600,"column":16},"end":{"line":600,"column":29}},"242":{"start":{"line":603,"column":12},"end":{"line":605,"column":15}},"243":{"start":{"line":604,"column":16},"end":{"line":604,"column":112}},"244":{"start":{"line":609,"column":12},"end":{"line":609,"column":42}},"245":{"start":{"line":610,"column":12},"end":{"line":610,"column":43}},"246":{"start":{"line":611,"column":12},"end":{"line":611,"column":41}},"247":{"start":{"line":615,"column":12},"end":{"line":615,"column":42}},"248":{"start":{"line":616,"column":12},"end":{"line":616,"column":51}},"249":{"start":{"line":617,"column":12},"end":{"line":621,"column":13}},"250":{"start":{"line":618,"column":16},"end":{"line":618,"column":49}},"251":{"start":{"line":620,"column":16},"end":{"line":620,"column":37}},"252":{"start":{"line":622,"column":12},"end":{"line":622,"column":41}},"253":{"start":{"line":623,"column":12},"end":{"line":623,"column":25}},"254":{"start":{"line":633,"column":12},"end":{"line":637,"column":13}},"255":{"start":{"line":634,"column":16},"end":{"line":634,"column":53}},"256":{"start":{"line":636,"column":16},"end":{"line":636,"column":51}},"257":{"start":{"line":648,"column":12},"end":{"line":648,"column":43}},"258":{"start":{"line":652,"column":12},"end":{"line":652,"column":57}},"259":{"start":{"line":653,"column":12},"end":{"line":655,"column":13}},"260":{"start":{"line":654,"column":16},"end":{"line":654,"column":28}},"261":{"start":{"line":656,"column":12},"end":{"line":656,"column":43}},"262":{"start":{"line":660,"column":12},"end":{"line":660,"column":57}},"263":{"start":{"line":662,"column":12},"end":{"line":662,"column":40}},"264":{"start":{"line":663,"column":12},"end":{"line":663,"column":38}},"265":{"start":{"line":669,"column":12},"end":{"line":670,"column":83}},"266":{"start":{"line":672,"column":12},"end":{"line":672,"column":29}},"267":{"start":{"line":676,"column":4},"end":{"line":676,"column":39}}},"branchMap":{"1":{"line":5,"type":"if","locations":[{"start":{"line":5,"column":8},"end":{"line":5,"column":8}},{"start":{"line":5,"column":8},"end":{"line":5,"column":8}}]},"2":{"line":18,"type":"if","locations":[{"start":{"line":18,"column":12},"end":{"line":18,"column":12}},{"start":{"line":18,"column":12},"end":{"line":18,"column":12}}]},"3":{"line":37,"type":"if","locations":[{"start":{"line":37,"column":12},"end":{"line":37,"column":12}},{"start":{"line":37,"column":12},"end":{"line":37,"column":12}}]},"4":{"line":44,"type":"if","locations":[{"start":{"line":44,"column":12},"end":{"line":44,"column":12}},{"start":{"line":44,"column":12},"end":{"line":44,"column":12}}]},"5":{"line":61,"type":"if","locations":[{"start":{"line":61,"column":16},"end":{"line":61,"column":16}},{"start":{"line":61,"column":16},"end":{"line":61,"column":16}}]},"6":{"line":68,"type":"if","locations":[{"start":{"line":68,"column":16},"end":{"line":68,"column":16}},{"start":{"line":68,"column":16},"end":{"line":68,"column":16}}]},"7":{"line":73,"type":"if","locations":[{"start":{"line":73,"column":16},"end":{"line":73,"column":16}},{"start":{"line":73,"column":16},"end":{"line":73,"column":16}}]},"8":{"line":75,"type":"if","locations":[{"start":{"line":75,"column":20},"end":{"line":75,"column":20}},{"start":{"line":75,"column":20},"end":{"line":75,"column":20}}]},"9":{"line":95,"type":"if","locations":[{"start":{"line":95,"column":12},"end":{"line":95,"column":12}},{"start":{"line":95,"column":12},"end":{"line":95,"column":12}}]},"10":{"line":95,"type":"binary-expr","locations":[{"start":{"line":95,"column":16},"end":{"line":95,"column":31}},{"start":{"line":95,"column":35},"end":{"line":95,"column":40}}]},"11":{"line":127,"type":"if","locations":[{"start":{"line":127,"column":12},"end":{"line":127,"column":12}},{"start":{"line":127,"column":12},"end":{"line":127,"column":12}}]},"12":{"line":127,"type":"binary-expr","locations":[{"start":{"line":127,"column":16},"end":{"line":127,"column":41}},{"start":{"line":127,"column":45},"end":{"line":127,"column":75}},{"start":{"line":127,"column":79},"end":{"line":127,"column":133}}]},"13":{"line":131,"type":"binary-expr","locations":[{"start":{"line":131,"column":19},"end":{"line":131,"column":24}},{"start":{"line":131,"column":28},"end":{"line":131,"column":32}}]},"14":{"line":133,"type":"if","locations":[{"start":{"line":133,"column":16},"end":{"line":133,"column":16}},{"start":{"line":133,"column":16},"end":{"line":133,"column":16}}]},"15":{"line":139,"type":"if","locations":[{"start":{"line":139,"column":16},"end":{"line":139,"column":16}},{"start":{"line":139,"column":16},"end":{"line":139,"column":16}}]},"16":{"line":139,"type":"binary-expr","locations":[{"start":{"line":139,"column":20},"end":{"line":139,"column":39}},{"start":{"line":139,"column":43},"end":{"line":139,"column":52}}]},"17":{"line":142,"type":"if","locations":[{"start":{"line":142,"column":20},"end":{"line":142,"column":20}},{"start":{"line":142,"column":20},"end":{"line":142,"column":20}}]},"18":{"line":142,"type":"binary-expr","locations":[{"start":{"line":142,"column":24},"end":{"line":142,"column":35}},{"start":{"line":142,"column":39},"end":{"line":142,"column":72}},{"start":{"line":142,"column":76},"end":{"line":142,"column":113}}]},"19":{"line":145,"type":"if","locations":[{"start":{"line":145,"column":24},"end":{"line":145,"column":24}},{"start":{"line":145,"column":24},"end":{"line":145,"column":24}}]},"20":{"line":145,"type":"binary-expr","locations":[{"start":{"line":145,"column":28},"end":{"line":145,"column":56}},{"start":{"line":145,"column":60},"end":{"line":145,"column":96}}]},"21":{"line":158,"type":"if","locations":[{"start":{"line":158,"column":20},"end":{"line":158,"column":20}},{"start":{"line":158,"column":20},"end":{"line":158,"column":20}}]},"22":{"line":158,"type":"binary-expr","locations":[{"start":{"line":158,"column":24},"end":{"line":158,"column":34}},{"start":{"line":158,"column":38},"end":{"line":158,"column":69}},{"start":{"line":158,"column":73},"end":{"line":158,"column":108}}]},"23":{"line":159,"type":"if","locations":[{"start":{"line":159,"column":24},"end":{"line":159,"column":24}},{"start":{"line":159,"column":24},"end":{"line":159,"column":24}}]},"24":{"line":168,"type":"if","locations":[{"start":{"line":168,"column":20},"end":{"line":168,"column":20}},{"start":{"line":168,"column":20},"end":{"line":168,"column":20}}]},"25":{"line":168,"type":"binary-expr","locations":[{"start":{"line":168,"column":24},"end":{"line":168,"column":57}},{"start":{"line":168,"column":61},"end":{"line":168,"column":69}}]},"26":{"line":169,"type":"if","locations":[{"start":{"line":169,"column":24},"end":{"line":169,"column":24}},{"start":{"line":169,"column":24},"end":{"line":169,"column":24}}]},"27":{"line":172,"type":"if","locations":[{"start":{"line":172,"column":24},"end":{"line":172,"column":24}},{"start":{"line":172,"column":24},"end":{"line":172,"column":24}}]},"28":{"line":183,"type":"if","locations":[{"start":{"line":183,"column":20},"end":{"line":183,"column":20}},{"start":{"line":183,"column":20},"end":{"line":183,"column":20}}]},"29":{"line":183,"type":"binary-expr","locations":[{"start":{"line":183,"column":24},"end":{"line":183,"column":29}},{"start":{"line":183,"column":33},"end":{"line":183,"column":52}}]},"30":{"line":194,"type":"if","locations":[{"start":{"line":194,"column":16},"end":{"line":194,"column":16}},{"start":{"line":194,"column":16},"end":{"line":194,"column":16}}]},"31":{"line":202,"type":"if","locations":[{"start":{"line":202,"column":12},"end":{"line":202,"column":12}},{"start":{"line":202,"column":12},"end":{"line":202,"column":12}}]},"32":{"line":202,"type":"binary-expr","locations":[{"start":{"line":202,"column":16},"end":{"line":202,"column":27}},{"start":{"line":202,"column":31},"end":{"line":202,"column":43}}]},"33":{"line":207,"type":"if","locations":[{"start":{"line":207,"column":12},"end":{"line":207,"column":12}},{"start":{"line":207,"column":12},"end":{"line":207,"column":12}}]},"34":{"line":212,"type":"if","locations":[{"start":{"line":212,"column":12},"end":{"line":212,"column":12}},{"start":{"line":212,"column":12},"end":{"line":212,"column":12}}]},"35":{"line":224,"type":"if","locations":[{"start":{"line":224,"column":12},"end":{"line":224,"column":12}},{"start":{"line":224,"column":12},"end":{"line":224,"column":12}}]},"36":{"line":224,"type":"binary-expr","locations":[{"start":{"line":224,"column":16},"end":{"line":224,"column":59}},{"start":{"line":225,"column":20},"end":{"line":225,"column":55}},{"start":{"line":226,"column":20},"end":{"line":226,"column":79}},{"start":{"line":227,"column":20},"end":{"line":227,"column":99}}]},"37":{"line":230,"type":"binary-expr","locations":[{"start":{"line":230,"column":23},"end":{"line":230,"column":43}},{"start":{"line":230,"column":47},"end":{"line":230,"column":89}}]},"38":{"line":231,"type":"if","locations":[{"start":{"line":231,"column":20},"end":{"line":231,"column":20}},{"start":{"line":231,"column":20},"end":{"line":231,"column":20}}]},"39":{"line":238,"type":"if","locations":[{"start":{"line":238,"column":16},"end":{"line":238,"column":16}},{"start":{"line":238,"column":16},"end":{"line":238,"column":16}}]},"40":{"line":238,"type":"binary-expr","locations":[{"start":{"line":238,"column":20},"end":{"line":238,"column":40}},{"start":{"line":238,"column":44},"end":{"line":238,"column":86}}]},"41":{"line":240,"type":"binary-expr","locations":[{"start":{"line":240,"column":36},"end":{"line":240,"column":61}},{"start":{"line":240,"column":65},"end":{"line":240,"column":109}}]},"42":{"line":241,"type":"if","locations":[{"start":{"line":241,"column":24},"end":{"line":241,"column":24}},{"start":{"line":241,"column":24},"end":{"line":241,"column":24}}]},"43":{"line":260,"type":"binary-expr","locations":[{"start":{"line":260,"column":20},"end":{"line":260,"column":25}},{"start":{"line":260,"column":29},"end":{"line":260,"column":30}}]},"44":{"line":266,"type":"if","locations":[{"start":{"line":266,"column":12},"end":{"line":266,"column":12}},{"start":{"line":266,"column":12},"end":{"line":266,"column":12}}]},"45":{"line":266,"type":"binary-expr","locations":[{"start":{"line":266,"column":16},"end":{"line":266,"column":45}},{"start":{"line":266,"column":49},"end":{"line":266,"column":115}}]},"46":{"line":274,"type":"if","locations":[{"start":{"line":274,"column":16},"end":{"line":274,"column":16}},{"start":{"line":274,"column":16},"end":{"line":274,"column":16}}]},"47":{"line":276,"type":"if","locations":[{"start":{"line":276,"column":20},"end":{"line":276,"column":20}},{"start":{"line":276,"column":20},"end":{"line":276,"column":20}}]},"48":{"line":283,"type":"if","locations":[{"start":{"line":283,"column":20},"end":{"line":283,"column":20}},{"start":{"line":283,"column":20},"end":{"line":283,"column":20}}]},"49":{"line":287,"type":"if","locations":[{"start":{"line":287,"column":20},"end":{"line":287,"column":20}},{"start":{"line":287,"column":20},"end":{"line":287,"column":20}}]},"50":{"line":293,"type":"if","locations":[{"start":{"line":293,"column":12},"end":{"line":293,"column":12}},{"start":{"line":293,"column":12},"end":{"line":293,"column":12}}]},"51":{"line":311,"type":"if","locations":[{"start":{"line":311,"column":12},"end":{"line":311,"column":12}},{"start":{"line":311,"column":12},"end":{"line":311,"column":12}}]},"52":{"line":311,"type":"binary-expr","locations":[{"start":{"line":311,"column":16},"end":{"line":311,"column":54}},{"start":{"line":311,"column":58},"end":{"line":311,"column":74}}]},"53":{"line":317,"type":"if","locations":[{"start":{"line":317,"column":12},"end":{"line":317,"column":12}},{"start":{"line":317,"column":12},"end":{"line":317,"column":12}}]},"54":{"line":320,"type":"if","locations":[{"start":{"line":320,"column":12},"end":{"line":320,"column":12}},{"start":{"line":320,"column":12},"end":{"line":320,"column":12}}]},"55":{"line":322,"type":"if","locations":[{"start":{"line":322,"column":16},"end":{"line":322,"column":16}},{"start":{"line":322,"column":16},"end":{"line":322,"column":16}}]},"56":{"line":328,"type":"if","locations":[{"start":{"line":328,"column":16},"end":{"line":328,"column":16}},{"start":{"line":328,"column":16},"end":{"line":328,"column":16}}]},"57":{"line":332,"type":"if","locations":[{"start":{"line":332,"column":21},"end":{"line":332,"column":21}},{"start":{"line":332,"column":21},"end":{"line":332,"column":21}}]},"58":{"line":344,"type":"if","locations":[{"start":{"line":344,"column":16},"end":{"line":344,"column":16}},{"start":{"line":344,"column":16},"end":{"line":344,"column":16}}]},"59":{"line":344,"type":"binary-expr","locations":[{"start":{"line":344,"column":20},"end":{"line":344,"column":32}},{"start":{"line":344,"column":36},"end":{"line":344,"column":56}}]},"60":{"line":347,"type":"if","locations":[{"start":{"line":347,"column":16},"end":{"line":347,"column":16}},{"start":{"line":347,"column":16},"end":{"line":347,"column":16}}]},"61":{"line":350,"type":"if","locations":[{"start":{"line":350,"column":16},"end":{"line":350,"column":16}},{"start":{"line":350,"column":16},"end":{"line":350,"column":16}}]},"62":{"line":361,"type":"if","locations":[{"start":{"line":361,"column":12},"end":{"line":361,"column":12}},{"start":{"line":361,"column":12},"end":{"line":361,"column":12}}]},"63":{"line":361,"type":"binary-expr","locations":[{"start":{"line":361,"column":16},"end":{"line":361,"column":39}},{"start":{"line":361,"column":43},"end":{"line":361,"column":78}}]},"64":{"line":365,"type":"if","locations":[{"start":{"line":365,"column":12},"end":{"line":365,"column":12}},{"start":{"line":365,"column":12},"end":{"line":365,"column":12}}]},"65":{"line":370,"type":"if","locations":[{"start":{"line":370,"column":12},"end":{"line":370,"column":12}},{"start":{"line":370,"column":12},"end":{"line":370,"column":12}}]},"66":{"line":379,"type":"if","locations":[{"start":{"line":379,"column":16},"end":{"line":379,"column":16}},{"start":{"line":379,"column":16},"end":{"line":379,"column":16}}]},"67":{"line":384,"type":"if","locations":[{"start":{"line":384,"column":16},"end":{"line":384,"column":16}},{"start":{"line":384,"column":16},"end":{"line":384,"column":16}}]},"68":{"line":395,"type":"if","locations":[{"start":{"line":395,"column":12},"end":{"line":395,"column":12}},{"start":{"line":395,"column":12},"end":{"line":395,"column":12}}]},"69":{"line":395,"type":"binary-expr","locations":[{"start":{"line":395,"column":16},"end":{"line":395,"column":31}},{"start":{"line":395,"column":35},"end":{"line":395,"column":62}}]},"70":{"line":401,"type":"if","locations":[{"start":{"line":401,"column":12},"end":{"line":401,"column":12}},{"start":{"line":401,"column":12},"end":{"line":401,"column":12}}]},"71":{"line":401,"type":"binary-expr","locations":[{"start":{"line":401,"column":16},"end":{"line":401,"column":61}},{"start":{"line":401,"column":65},"end":{"line":401,"column":99}}]},"72":{"line":419,"type":"binary-expr","locations":[{"start":{"line":419,"column":19},"end":{"line":419,"column":24}},{"start":{"line":419,"column":28},"end":{"line":419,"column":32}}]},"73":{"line":421,"type":"if","locations":[{"start":{"line":421,"column":16},"end":{"line":421,"column":16}},{"start":{"line":421,"column":16},"end":{"line":421,"column":16}}]},"74":{"line":426,"type":"if","locations":[{"start":{"line":426,"column":16},"end":{"line":426,"column":16}},{"start":{"line":426,"column":16},"end":{"line":426,"column":16}}]},"75":{"line":426,"type":"binary-expr","locations":[{"start":{"line":426,"column":20},"end":{"line":426,"column":39}},{"start":{"line":426,"column":43},"end":{"line":426,"column":52}}]},"76":{"line":429,"type":"if","locations":[{"start":{"line":429,"column":20},"end":{"line":429,"column":20}},{"start":{"line":429,"column":20},"end":{"line":429,"column":20}}]},"77":{"line":429,"type":"binary-expr","locations":[{"start":{"line":429,"column":24},"end":{"line":429,"column":35}},{"start":{"line":429,"column":39},"end":{"line":429,"column":72}},{"start":{"line":429,"column":76},"end":{"line":429,"column":113}}]},"78":{"line":432,"type":"if","locations":[{"start":{"line":432,"column":20},"end":{"line":432,"column":20}},{"start":{"line":432,"column":20},"end":{"line":432,"column":20}}]},"79":{"line":432,"type":"binary-expr","locations":[{"start":{"line":432,"column":24},"end":{"line":432,"column":34}},{"start":{"line":432,"column":38},"end":{"line":432,"column":69}},{"start":{"line":432,"column":73},"end":{"line":432,"column":108}}]},"80":{"line":437,"type":"if","locations":[{"start":{"line":437,"column":20},"end":{"line":437,"column":20}},{"start":{"line":437,"column":20},"end":{"line":437,"column":20}}]},"81":{"line":441,"type":"if","locations":[{"start":{"line":441,"column":20},"end":{"line":441,"column":20}},{"start":{"line":441,"column":20},"end":{"line":441,"column":20}}]},"82":{"line":443,"type":"if","locations":[{"start":{"line":443,"column":27},"end":{"line":443,"column":27}},{"start":{"line":443,"column":27},"end":{"line":443,"column":27}}]},"83":{"line":454,"type":"if","locations":[{"start":{"line":454,"column":16},"end":{"line":454,"column":16}},{"start":{"line":454,"column":16},"end":{"line":454,"column":16}}]},"84":{"line":468,"type":"if","locations":[{"start":{"line":468,"column":12},"end":{"line":468,"column":12}},{"start":{"line":468,"column":12},"end":{"line":468,"column":12}}]},"85":{"line":468,"type":"binary-expr","locations":[{"start":{"line":468,"column":16},"end":{"line":468,"column":20}},{"start":{"line":468,"column":24},"end":{"line":468,"column":39}},{"start":{"line":468,"column":43},"end":{"line":468,"column":58}}]},"86":{"line":473,"type":"if","locations":[{"start":{"line":473,"column":12},"end":{"line":473,"column":12}},{"start":{"line":473,"column":12},"end":{"line":473,"column":12}}]},"87":{"line":480,"type":"if","locations":[{"start":{"line":480,"column":12},"end":{"line":480,"column":12}},{"start":{"line":480,"column":12},"end":{"line":480,"column":12}}]},"88":{"line":481,"type":"if","locations":[{"start":{"line":481,"column":16},"end":{"line":481,"column":16}},{"start":{"line":481,"column":16},"end":{"line":481,"column":16}}]},"89":{"line":481,"type":"binary-expr","locations":[{"start":{"line":481,"column":20},"end":{"line":481,"column":66}},{"start":{"line":482,"column":21},"end":{"line":482,"column":49}},{"start":{"line":482,"column":53},"end":{"line":482,"column":87}}]},"90":{"line":496,"type":"binary-expr","locations":[{"start":{"line":496,"column":29},"end":{"line":496,"column":31}},{"start":{"line":496,"column":35},"end":{"line":496,"column":69}}]},"91":{"line":497,"type":"if","locations":[{"start":{"line":497,"column":20},"end":{"line":497,"column":20}},{"start":{"line":497,"column":20},"end":{"line":497,"column":20}}]},"92":{"line":500,"type":"binary-expr","locations":[{"start":{"line":500,"column":27},"end":{"line":500,"column":50}},{"start":{"line":500,"column":54},"end":{"line":500,"column":68}}]},"93":{"line":503,"type":"binary-expr","locations":[{"start":{"line":503,"column":19},"end":{"line":503,"column":27}},{"start":{"line":503,"column":31},"end":{"line":503,"column":39}}]},"94":{"line":514,"type":"if","locations":[{"start":{"line":514,"column":12},"end":{"line":514,"column":12}},{"start":{"line":514,"column":12},"end":{"line":514,"column":12}}]},"95":{"line":534,"type":"if","locations":[{"start":{"line":534,"column":12},"end":{"line":534,"column":12}},{"start":{"line":534,"column":12},"end":{"line":534,"column":12}}]},"96":{"line":556,"type":"binary-expr","locations":[{"start":{"line":556,"column":19},"end":{"line":556,"column":51}},{"start":{"line":557,"column":16},"end":{"line":557,"column":41}},{"start":{"line":558,"column":16},"end":{"line":558,"column":57}}]},"97":{"line":562,"type":"if","locations":[{"start":{"line":562,"column":12},"end":{"line":562,"column":12}},{"start":{"line":562,"column":12},"end":{"line":562,"column":12}}]},"98":{"line":567,"type":"if","locations":[{"start":{"line":567,"column":12},"end":{"line":567,"column":12}},{"start":{"line":567,"column":12},"end":{"line":567,"column":12}}]},"99":{"line":567,"type":"binary-expr","locations":[{"start":{"line":567,"column":16},"end":{"line":567,"column":50}},{"start":{"line":567,"column":54},"end":{"line":567,"column":119}}]},"100":{"line":572,"type":"if","locations":[{"start":{"line":572,"column":12},"end":{"line":572,"column":12}},{"start":{"line":572,"column":12},"end":{"line":572,"column":12}}]},"101":{"line":586,"type":"if","locations":[{"start":{"line":586,"column":12},"end":{"line":586,"column":12}},{"start":{"line":586,"column":12},"end":{"line":586,"column":12}}]},"102":{"line":586,"type":"binary-expr","locations":[{"start":{"line":586,"column":16},"end":{"line":586,"column":37}},{"start":{"line":586,"column":41},"end":{"line":586,"column":62}},{"start":{"line":586,"column":66},"end":{"line":586,"column":114}}]},"103":{"line":592,"type":"if","locations":[{"start":{"line":592,"column":12},"end":{"line":592,"column":12}},{"start":{"line":592,"column":12},"end":{"line":592,"column":12}}]},"104":{"line":595,"type":"binary-expr","locations":[{"start":{"line":595,"column":23},"end":{"line":595,"column":42}},{"start":{"line":595,"column":46},"end":{"line":595,"column":89}}]},"105":{"line":604,"type":"cond-expr","locations":[{"start":{"line":604,"column":72},"end":{"line":604,"column":104}},{"start":{"line":604,"column":107},"end":{"line":604,"column":111}}]},"106":{"line":617,"type":"if","locations":[{"start":{"line":617,"column":12},"end":{"line":617,"column":12}},{"start":{"line":617,"column":12},"end":{"line":617,"column":12}}]},"107":{"line":633,"type":"if","locations":[{"start":{"line":633,"column":12},"end":{"line":633,"column":12}},{"start":{"line":633,"column":12},"end":{"line":633,"column":12}}]},"108":{"line":653,"type":"if","locations":[{"start":{"line":653,"column":12},"end":{"line":653,"column":12}},{"start":{"line":653,"column":12},"end":{"line":653,"column":12}}]},"109":{"line":670,"type":"cond-expr","locations":[{"start":{"line":670,"column":59},"end":{"line":670,"column":74}},{"start":{"line":670,"column":77},"end":{"line":670,"column":81}}]},"110":{"line":670,"type":"binary-expr","locations":[{"start":{"line":670,"column":29},"end":{"line":670,"column":33}},{"start":{"line":670,"column":37},"end":{"line":670,"column":56}}]}}},"src/js/events.js":{"path":"src/js/events.js","s":{"1":1,"2":1,"3":0,"4":0,"5":0,"6":0,"7":0,"8":0,"9":0,"10":0,"11":0,"12":0,"13":0,"14":0,"15":1,"16":0,"17":0,"18":0,"19":0,"20":0,"21":0,"22":1,"23":0,"24":0,"25":0,"26":0,"27":0,"28":0,"29":0,"30":0,"31":0,"32":0,"33":0,"34":0,"35":0,"36":0,"37":0,"38":0,"39":0,"40":0,"41":0,"42":0,"43":0,"44":0,"45":0,"46":0,"47":0,"48":0,"49":0,"50":0,"51":0,"52":0,"53":0,"54":0,"55":0,"56":0,"57":0,"58":0,"59":0,"60":0,"61":0,"62":0,"63":0,"64":0,"65":0,"66":0,"67":0,"68":0,"69":0,"70":0,"71":0,"72":0,"73":0,"74":0,"75":0,"76":0,"77":0,"78":0,"79":0,"80":0,"81":0,"82":0,"83":0,"84":0,"85":0,"86":0,"87":0,"88":0,"89":0,"90":0,"91":0,"92":0,"93":0,"94":0,"95":0,"96":0,"97":0,"98":0,"99":0,"100":0,"101":0,"102":0,"103":0,"104":0,"105":0,"106":0,"107":0,"108":0,"109":0,"110":0,"111":0,"112":0,"113":0,"114":0,"115":0,"116":0,"117":0,"118":0,"119":0,"120":0,"121":0,"122":0,"123":0,"124":0,"125":0,"126":0,"127":0,"128":0,"129":0,"130":0,"131":0,"132":0,"133":0,"134":0,"135":0,"136":0,"137":0,"138":0,"139":0,"140":0,"141":0,"142":0,"143":0,"144":0,"145":0,"146":0,"147":0,"148":0,"149":0,"150":0,"151":0,"152":0,"153":0,"154":0,"155":0,"156":0,"157":0,"158":0,"159":0,"160":0,"161":0,"162":0,"163":0,"164":0,"165":0,"166":0,"167":0,"168":0,"169":0,"170":0,"171":0,"172":0,"173":0,"174":0,"175":0,"176":0,"177":0,"178":0,"179":0,"180":0,"181":0,"182":0,"183":0,"184":0,"185":0,"186":0,"187":0,"188":0,"189":0,"190":0,"191":0,"192":0,"193":0,"194":0,"195":0,"196":0,"197":0,"198":0,"199":0,"200":0,"201":0,"202":0,"203":0,"204":0,"205":0,"206":0,"207":0,"208":0,"209":0,"210":0,"211":0,"212":0,"213":0,"214":0,"215":0,"216":0,"217":0,"218":0,"219":0,"220":0,"221":0,"222":0,"223":0,"224":0,"225":0,"226":0,"227":0,"228":0,"229":0,"230":0,"231":0},"b":{"1":[0,0],"2":[0,0],"3":[0,0],"4":[0,0],"5":[1,0],"6":[0,0],"7":[0,0],"8":[0,0],"9":[0,0],"10":[0,0],"11":[0,0],"12":[0,0],"13":[0,0,0,0],"14":[0,0,0],"15":[0,0],"16":[0,0],"17":[0,0],"18":[0,0],"19":[0,0],"20":[0,0],"21":[0,0],"22":[0,0],"23":[0,0],"24":[0,0],"25":[0,0],"26":[0,0],"27":[0,0],"28":[0,0],"29":[0,0],"30":[0,0],"31":[0,0],"32":[0,0],"33":[0,0],"34":[0,0],"35":[0,0,0,0,0,0,0,0,0,0,0,0,0,0,0],"36":[0,0],"37":[0,0],"38":[0,0],"39":[0,0],"40":[0,0],"41":[0,0],"42":[0,0,0,0,0],"43":[0,0],"44":[0,0],"45":[0,0],"46":[0,0],"47":[0,0],"48":[0,0],"49":[0,0],"50":[0,0],"51":[0,0],"52":[0,0],"53":[0,0],"54":[0,0],"55":[0,0],"56":[0,0],"57":[0,0],"58":[0,0],"59":[0,0],"60":[0,0],"61":[0,0],"62":[0,0,0],"63":[0,0],"64":[0,0]},"f":{"1":1,"2":0,"3":0,"4":0,"5":0,"6":0,"7":0,"8":0,"9":0,"10":0,"11":0,"12":0,"13":0,"14":0,"15":0,"16":0,"17":0,"18":0,"19":0,"20":0,"21":0,"22":0,"23":0,"24":0,"25":0,"26":0,"27":0,"28":0,"29":0,"30":0,"31":0,"32":0,"33":0,"34":0,"35":0,"36":0,"37":0,"38":0,"39":0,"40":0,"41":0,"42":0,"43":0,"44":0,"45":0,"46":0,"47":0,"48":0,"49":0,"50":0,"51":0,"52":0,"53":0,"54":0,"55":0,"56":0,"57":0,"58":0,"59":0},"fnMap":{"1":{"name":"(anonymous_1)","line":1,"loc":{"start":{"line":1,"column":1},"end":{"line":1,"column":13}}},"2":{"name":"isElementDescendantOfExtension","line":4,"loc":{"start":{"line":4,"column":4},"end":{"line":4,"column":65}}},"3":{"name":"(anonymous_3)","line":9,"loc":{"start":{"line":9,"column":31},"end":{"line":9,"column":52}}},"4":{"name":"(anonymous_4)","line":22,"loc":{"start":{"line":22,"column":42},"end":{"line":22,"column":56}}},"5":{"name":"(anonymous_5)","line":28,"loc":{"start":{"line":28,"column":17},"end":{"line":28,"column":37}}},"6":{"name":"(anonymous_6)","line":42,"loc":{"start":{"line":42,"column":24},"end":{"line":42,"column":72}}},"7":{"name":"(anonymous_7)","line":48,"loc":{"start":{"line":48,"column":50},"end":{"line":48,"column":68}}},"8":{"name":"(anonymous_8)","line":54,"loc":{"start":{"line":54,"column":24},"end":{"line":54,"column":72}}},"9":{"name":"(anonymous_9)","line":62,"loc":{"start":{"line":62,"column":54},"end":{"line":62,"column":72}}},"10":{"name":"(anonymous_10)","line":72,"loc":{"start":{"line":72,"column":25},"end":{"line":72,"column":72}}},"11":{"name":"(anonymous_11)","line":83,"loc":{"start":{"line":83,"column":28},"end":{"line":83,"column":40}}},"12":{"name":"(anonymous_12)","line":91,"loc":{"start":{"line":91,"column":36},"end":{"line":91,"column":55}}},"13":{"name":"(anonymous_13)","line":92,"loc":{"start":{"line":92,"column":46},"end":{"line":92,"column":59}}},"14":{"name":"(anonymous_14)","line":103,"loc":{"start":{"line":103,"column":34},"end":{"line":103,"column":53}}},"15":{"name":"(anonymous_15)","line":109,"loc":{"start":{"line":109,"column":41},"end":{"line":109,"column":54}}},"16":{"name":"(anonymous_16)","line":115,"loc":{"start":{"line":115,"column":27},"end":{"line":115,"column":44}}},"17":{"name":"(anonymous_17)","line":121,"loc":{"start":{"line":121,"column":28},"end":{"line":121,"column":45}}},"18":{"name":"(anonymous_18)","line":126,"loc":{"start":{"line":126,"column":27},"end":{"line":126,"column":54}}},"19":{"name":"(anonymous_19)","line":134,"loc":{"start":{"line":134,"column":27},"end":{"line":134,"column":54}}},"20":{"name":"(anonymous_20)","line":142,"loc":{"start":{"line":142,"column":31},"end":{"line":142,"column":58}}},"21":{"name":"(anonymous_21)","line":150,"loc":{"start":{"line":150,"column":31},"end":{"line":150,"column":43}}},"22":{"name":"(anonymous_22)","line":155,"loc":{"start":{"line":155,"column":28},"end":{"line":155,"column":60}}},"23":{"name":"(anonymous_23)","line":157,"loc":{"start":{"line":157,"column":48},"end":{"line":157,"column":68}}},"24":{"name":"(anonymous_24)","line":165,"loc":{"start":{"line":165,"column":17},"end":{"line":165,"column":29}}},"25":{"name":"(anonymous_25)","line":171,"loc":{"start":{"line":171,"column":43},"end":{"line":171,"column":62}}},"26":{"name":"(anonymous_26)","line":180,"loc":{"start":{"line":180,"column":29},"end":{"line":180,"column":41}}},"27":{"name":"(anonymous_27)","line":188,"loc":{"start":{"line":188,"column":39},"end":{"line":188,"column":59}}},"28":{"name":"(anonymous_28)","line":200,"loc":{"start":{"line":200,"column":27},"end":{"line":200,"column":39}}},"29":{"name":"(anonymous_29)","line":219,"loc":{"start":{"line":219,"column":25},"end":{"line":219,"column":37}}},"30":{"name":"(anonymous_30)","line":228,"loc":{"start":{"line":228,"column":32},"end":{"line":228,"column":56}}},"31":{"name":"(anonymous_31)","line":230,"loc":{"start":{"line":230,"column":54},"end":{"line":230,"column":74}}},"32":{"name":"(anonymous_32)","line":246,"loc":{"start":{"line":246,"column":26},"end":{"line":246,"column":38}}},"33":{"name":"(anonymous_33)","line":273,"loc":{"start":{"line":273,"column":27},"end":{"line":273,"column":39}}},"34":{"name":"(anonymous_34)","line":284,"loc":{"start":{"line":284,"column":23},"end":{"line":284,"column":39}}},"35":{"name":"(anonymous_35)","line":307,"loc":{"start":{"line":307,"column":47},"end":{"line":307,"column":66}}},"36":{"name":"(anonymous_36)","line":385,"loc":{"start":{"line":385,"column":29},"end":{"line":385,"column":54}}},"37":{"name":"(anonymous_37)","line":391,"loc":{"start":{"line":391,"column":39},"end":{"line":391,"column":58}}},"38":{"name":"(anonymous_38)","line":398,"loc":{"start":{"line":398,"column":24},"end":{"line":398,"column":43}}},"39":{"name":"(anonymous_39)","line":408,"loc":{"start":{"line":408,"column":22},"end":{"line":408,"column":41}}},"40":{"name":"(anonymous_40)","line":413,"loc":{"start":{"line":413,"column":21},"end":{"line":413,"column":49}}},"41":{"name":"(anonymous_41)","line":428,"loc":{"start":{"line":428,"column":40},"end":{"line":428,"column":59}}},"42":{"name":"(anonymous_42)","line":465,"loc":{"start":{"line":465,"column":21},"end":{"line":465,"column":49}}},"43":{"name":"(anonymous_43)","line":481,"loc":{"start":{"line":481,"column":39},"end":{"line":481,"column":56}}},"44":{"name":"(anonymous_44)","line":491,"loc":{"start":{"line":491,"column":40},"end":{"line":491,"column":59}}},"45":{"name":"(anonymous_45)","line":506,"loc":{"start":{"line":506,"column":35},"end":{"line":506,"column":47}}},"46":{"name":"(anonymous_46)","line":516,"loc":{"start":{"line":516,"column":25},"end":{"line":516,"column":42}}},"47":{"name":"(anonymous_47)","line":520,"loc":{"start":{"line":520,"column":25},"end":{"line":520,"column":42}}},"48":{"name":"(anonymous_48)","line":524,"loc":{"start":{"line":524,"column":29},"end":{"line":524,"column":46}}},"49":{"name":"(anonymous_49)","line":528,"loc":{"start":{"line":528,"column":21},"end":{"line":528,"column":38}}},"50":{"name":"(anonymous_50)","line":532,"loc":{"start":{"line":532,"column":21},"end":{"line":532,"column":38}}},"51":{"name":"(anonymous_51)","line":536,"loc":{"start":{"line":536,"column":20},"end":{"line":536,"column":37}}},"52":{"name":"(anonymous_52)","line":540,"loc":{"start":{"line":540,"column":24},"end":{"line":540,"column":41}}},"53":{"name":"(anonymous_53)","line":550,"loc":{"start":{"line":550,"column":27},"end":{"line":550,"column":39}}},"54":{"name":"(anonymous_54)","line":556,"loc":{"start":{"line":556,"column":21},"end":{"line":556,"column":38}}},"55":{"name":"(anonymous_55)","line":560,"loc":{"start":{"line":560,"column":25},"end":{"line":560,"column":42}}},"56":{"name":"(anonymous_56)","line":564,"loc":{"start":{"line":564,"column":24},"end":{"line":564,"column":41}}},"57":{"name":"(anonymous_57)","line":568,"loc":{"start":{"line":568,"column":20},"end":{"line":568,"column":37}}},"58":{"name":"(anonymous_58)","line":572,"loc":{"start":{"line":572,"column":21},"end":{"line":572,"column":38}}},"59":{"name":"(anonymous_59)","line":576,"loc":{"start":{"line":576,"column":23},"end":{"line":576,"column":40}}}},"statementMap":{"1":{"start":{"line":1,"column":0},"end":{"line":598,"column":5}},"2":{"start":{"line":4,"column":4},"end":{"line":26,"column":5}},"3":{"start":{"line":5,"column":8},"end":{"line":7,"column":9}},"4":{"start":{"line":6,"column":12},"end":{"line":6,"column":25}},"5":{"start":{"line":9,"column":8},"end":{"line":25,"column":11}},"6":{"start":{"line":10,"column":12},"end":{"line":12,"column":13}},"7":{"start":{"line":11,"column":16},"end":{"line":11,"column":29}},"8":{"start":{"line":14,"column":12},"end":{"line":14,"column":71}},"9":{"start":{"line":15,"column":12},"end":{"line":17,"column":13}},"10":{"start":{"line":16,"column":16},"end":{"line":16,"column":29}},"11":{"start":{"line":19,"column":12},"end":{"line":21,"column":13}},"12":{"start":{"line":20,"column":16},"end":{"line":20,"column":56}},"13":{"start":{"line":22,"column":12},"end":{"line":24,"column":15}},"14":{"start":{"line":23,"column":16},"end":{"line":23,"column":73}},"15":{"start":{"line":28,"column":4},"end":{"line":35,"column":6}},"16":{"start":{"line":29,"column":8},"end":{"line":29,"column":29}},"17":{"start":{"line":30,"column":8},"end":{"line":30,"column":41}},"18":{"start":{"line":31,"column":8},"end":{"line":31,"column":25}},"19":{"start":{"line":32,"column":8},"end":{"line":32,"column":33}},"20":{"start":{"line":33,"column":8},"end":{"line":33,"column":31}},"21":{"start":{"line":34,"column":8},"end":{"line":34,"column":28}},"22":{"start":{"line":37,"column":4},"end":{"line":595,"column":6}},"23":{"start":{"line":43,"column":12},"end":{"line":44,"column":54}},"24":{"start":{"line":46,"column":12},"end":{"line":46,"column":117}},"25":{"start":{"line":48,"column":12},"end":{"line":51,"column":26}},"26":{"start":{"line":49,"column":16},"end":{"line":49,"column":69}},"27":{"start":{"line":50,"column":16},"end":{"line":50,"column":72}},"28":{"start":{"line":55,"column":12},"end":{"line":57,"column":54}},"29":{"start":{"line":59,"column":12},"end":{"line":69,"column":13}},"30":{"start":{"line":60,"column":16},"end":{"line":60,"column":121}},"31":{"start":{"line":62,"column":16},"end":{"line":68,"column":30}},"32":{"start":{"line":63,"column":20},"end":{"line":63,"column":86}},"33":{"start":{"line":64,"column":20},"end":{"line":67,"column":21}},"34":{"start":{"line":65,"column":24},"end":{"line":65,"column":60}},"35":{"start":{"line":66,"column":24},"end":{"line":66,"column":67}},"36":{"start":{"line":73,"column":12},"end":{"line":73,"column":27}},"37":{"start":{"line":74,"column":12},"end":{"line":79,"column":13}},"38":{"start":{"line":75,"column":16},"end":{"line":75,"column":38}},"39":{"start":{"line":76,"column":16},"end":{"line":78,"column":17}},"40":{"start":{"line":77,"column":20},"end":{"line":77,"column":29}},"41":{"start":{"line":80,"column":12},"end":{"line":80,"column":22}},"42":{"start":{"line":84,"column":12},"end":{"line":84,"column":38}},"43":{"start":{"line":85,"column":12},"end":{"line":88,"column":13}},"44":{"start":{"line":86,"column":16},"end":{"line":86,"column":59}},"45":{"start":{"line":87,"column":16},"end":{"line":87,"column":38}},"46":{"start":{"line":92,"column":12},"end":{"line":94,"column":15}},"47":{"start":{"line":93,"column":16},"end":{"line":93,"column":138}},"48":{"start":{"line":96,"column":12},"end":{"line":99,"column":13}},"49":{"start":{"line":97,"column":16},"end":{"line":97,"column":36}},"50":{"start":{"line":98,"column":16},"end":{"line":98,"column":60}},"51":{"start":{"line":104,"column":12},"end":{"line":106,"column":13}},"52":{"start":{"line":105,"column":16},"end":{"line":105,"column":99}},"53":{"start":{"line":108,"column":12},"end":{"line":112,"column":13}},"54":{"start":{"line":109,"column":16},"end":{"line":111,"column":25}},"55":{"start":{"line":110,"column":20},"end":{"line":110,"column":85}},"56":{"start":{"line":116,"column":12},"end":{"line":118,"column":13}},"57":{"start":{"line":117,"column":16},"end":{"line":117,"column":50}},"58":{"start":{"line":122,"column":12},"end":{"line":122,"column":46}},"59":{"start":{"line":127,"column":12},"end":{"line":127,"column":38}},"60":{"start":{"line":128,"column":12},"end":{"line":130,"column":13}},"61":{"start":{"line":129,"column":16},"end":{"line":129,"column":46}},"62":{"start":{"line":131,"column":12},"end":{"line":131,"column":52}},"63":{"start":{"line":135,"column":12},"end":{"line":135,"column":68}},"64":{"start":{"line":136,"column":12},"end":{"line":139,"column":13}},"65":{"start":{"line":137,"column":16},"end":{"line":137,"column":58}},"66":{"start":{"line":143,"column":12},"end":{"line":145,"column":13}},"67":{"start":{"line":144,"column":16},"end":{"line":144,"column":26}},"68":{"start":{"line":147,"column":12},"end":{"line":147,"column":62}},"69":{"start":{"line":151,"column":12},"end":{"line":151,"column":35}},"70":{"start":{"line":156,"column":15},"end":{"line":160,"column":13}},"71":{"start":{"line":157,"column":16},"end":{"line":159,"column":19}},"72":{"start":{"line":158,"column":20},"end":{"line":158,"column":45}},"73":{"start":{"line":166,"column":12},"end":{"line":166,"column":38}},"74":{"start":{"line":167,"column":12},"end":{"line":167,"column":41}},"75":{"start":{"line":168,"column":12},"end":{"line":168,"column":37}},"76":{"start":{"line":170,"column":12},"end":{"line":174,"column":13}},"77":{"start":{"line":171,"column":16},"end":{"line":173,"column":19}},"78":{"start":{"line":172,"column":20},"end":{"line":172,"column":67}},"79":{"start":{"line":181,"column":12},"end":{"line":183,"column":13}},"80":{"start":{"line":182,"column":16},"end":{"line":182,"column":23}},"81":{"start":{"line":188,"column":12},"end":{"line":190,"column":25}},"82":{"start":{"line":189,"column":16},"end":{"line":189,"column":57}},"83":{"start":{"line":193,"column":12},"end":{"line":193,"column":35}},"84":{"start":{"line":196,"column":12},"end":{"line":196,"column":92}},"85":{"start":{"line":201,"column":12},"end":{"line":201,"column":49}},"86":{"start":{"line":202,"column":12},"end":{"line":204,"column":13}},"87":{"start":{"line":203,"column":16},"end":{"line":203,"column":23}},"88":{"start":{"line":207,"column":12},"end":{"line":207,"column":84}},"89":{"start":{"line":208,"column":12},"end":{"line":210,"column":13}},"90":{"start":{"line":209,"column":16},"end":{"line":209,"column":59}},"91":{"start":{"line":213,"column":12},"end":{"line":215,"column":13}},"92":{"start":{"line":214,"column":16},"end":{"line":214,"column":41}},"93":{"start":{"line":220,"column":12},"end":{"line":220,"column":49}},"94":{"start":{"line":223,"column":12},"end":{"line":225,"column":13}},"95":{"start":{"line":224,"column":16},"end":{"line":224,"column":23}},"96":{"start":{"line":228,"column":12},"end":{"line":257,"column":18}},"97":{"start":{"line":229,"column":16},"end":{"line":238,"column":17}},"98":{"start":{"line":230,"column":20},"end":{"line":237,"column":23}},"99":{"start":{"line":231,"column":24},"end":{"line":236,"column":27}},"100":{"start":{"line":247,"column":20},"end":{"line":247,"column":77}},"101":{"start":{"line":249,"column":20},"end":{"line":251,"column":21}},"102":{"start":{"line":250,"column":24},"end":{"line":250,"column":38}},"103":{"start":{"line":253,"column":20},"end":{"line":253,"column":69}},"104":{"start":{"line":254,"column":20},"end":{"line":254,"column":48}},"105":{"start":{"line":256,"column":20},"end":{"line":256,"column":34}},"106":{"start":{"line":260,"column":12},"end":{"line":260,"column":43}},"107":{"start":{"line":263,"column":12},"end":{"line":263,"column":35}},"108":{"start":{"line":266,"column":12},"end":{"line":266,"column":50}},"109":{"start":{"line":269,"column":12},"end":{"line":269,"column":38}},"110":{"start":{"line":274,"column":12},"end":{"line":274,"column":49}},"111":{"start":{"line":275,"column":12},"end":{"line":277,"column":13}},"112":{"start":{"line":276,"column":16},"end":{"line":276,"column":23}},"113":{"start":{"line":280,"column":12},"end":{"line":280,"column":51}},"114":{"start":{"line":285,"column":12},"end":{"line":287,"column":13}},"115":{"start":{"line":286,"column":16},"end":{"line":286,"column":23}},"116":{"start":{"line":289,"column":12},"end":{"line":381,"column":13}},"117":{"start":{"line":292,"column":20},"end":{"line":292,"column":129}},"118":{"start":{"line":293,"column":20},"end":{"line":293,"column":121}},"119":{"start":{"line":294,"column":20},"end":{"line":294,"column":121}},"120":{"start":{"line":295,"column":20},"end":{"line":295,"column":26}},"121":{"start":{"line":298,"column":20},"end":{"line":298,"column":62}},"122":{"start":{"line":299,"column":20},"end":{"line":299,"column":26}},"123":{"start":{"line":302,"column":20},"end":{"line":302,"column":62}},"124":{"start":{"line":303,"column":20},"end":{"line":303,"column":26}},"125":{"start":{"line":306,"column":20},"end":{"line":306,"column":43}},"126":{"start":{"line":307,"column":20},"end":{"line":309,"column":29}},"127":{"start":{"line":308,"column":24},"end":{"line":308,"column":107}},"128":{"start":{"line":312,"column":20},"end":{"line":314,"column":21}},"129":{"start":{"line":313,"column":24},"end":{"line":313,"column":76}},"130":{"start":{"line":318,"column":20},"end":{"line":324,"column":21}},"131":{"start":{"line":319,"column":24},"end":{"line":319,"column":63}},"132":{"start":{"line":320,"column":24},"end":{"line":320,"column":56}},"133":{"start":{"line":321,"column":24},"end":{"line":321,"column":120}},"134":{"start":{"line":323,"column":24},"end":{"line":323,"column":51}},"135":{"start":{"line":325,"column":20},"end":{"line":325,"column":26}},"136":{"start":{"line":328,"column":20},"end":{"line":328,"column":72}},"137":{"start":{"line":329,"column":20},"end":{"line":329,"column":26}},"138":{"start":{"line":332,"column":20},"end":{"line":332,"column":70}},"139":{"start":{"line":333,"column":20},"end":{"line":333,"column":26}},"140":{"start":{"line":336,"column":20},"end":{"line":336,"column":78}},"141":{"start":{"line":337,"column":20},"end":{"line":337,"column":26}},"142":{"start":{"line":340,"column":20},"end":{"line":340,"column":72}},"143":{"start":{"line":341,"column":20},"end":{"line":341,"column":26}},"144":{"start":{"line":344,"column":20},"end":{"line":344,"column":76}},"145":{"start":{"line":345,"column":20},"end":{"line":345,"column":26}},"146":{"start":{"line":348,"column":20},"end":{"line":348,"column":58}},"147":{"start":{"line":349,"column":20},"end":{"line":349,"column":26}},"148":{"start":{"line":352,"column":20},"end":{"line":352,"column":58}},"149":{"start":{"line":353,"column":20},"end":{"line":353,"column":26}},"150":{"start":{"line":356,"column":20},"end":{"line":356,"column":58}},"151":{"start":{"line":357,"column":20},"end":{"line":357,"column":26}},"152":{"start":{"line":360,"column":20},"end":{"line":360,"column":58}},"153":{"start":{"line":361,"column":20},"end":{"line":361,"column":26}},"154":{"start":{"line":364,"column":20},"end":{"line":364,"column":80}},"155":{"start":{"line":365,"column":20},"end":{"line":365,"column":26}},"156":{"start":{"line":370,"column":20},"end":{"line":370,"column":26}},"157":{"start":{"line":382,"column":12},"end":{"line":382,"column":40}},"158":{"start":{"line":387,"column":12},"end":{"line":389,"column":13}},"159":{"start":{"line":388,"column":16},"end":{"line":388,"column":38}},"160":{"start":{"line":391,"column":12},"end":{"line":393,"column":21}},"161":{"start":{"line":392,"column":16},"end":{"line":392,"column":71}},"162":{"start":{"line":395,"column":12},"end":{"line":395,"column":72}},"163":{"start":{"line":399,"column":12},"end":{"line":399,"column":68}},"164":{"start":{"line":400,"column":12},"end":{"line":405,"column":13}},"165":{"start":{"line":401,"column":16},"end":{"line":401,"column":57}},"166":{"start":{"line":402,"column":16},"end":{"line":404,"column":17}},"167":{"start":{"line":403,"column":20},"end":{"line":403,"column":52}},"168":{"start":{"line":409,"column":12},"end":{"line":409,"column":28}},"169":{"start":{"line":410,"column":12},"end":{"line":410,"column":74}},"170":{"start":{"line":414,"column":12},"end":{"line":415,"column":24}},"171":{"start":{"line":419,"column":12},"end":{"line":425,"column":13}},"172":{"start":{"line":424,"column":16},"end":{"line":424,"column":35}},"173":{"start":{"line":427,"column":12},"end":{"line":437,"column":13}},"174":{"start":{"line":428,"column":16},"end":{"line":436,"column":25}},"175":{"start":{"line":430,"column":20},"end":{"line":432,"column":21}},"176":{"start":{"line":431,"column":24},"end":{"line":431,"column":42}},"177":{"start":{"line":435,"column":20},"end":{"line":435,"column":37}},"178":{"start":{"line":440,"column":12},"end":{"line":441,"column":78}},"179":{"start":{"line":443,"column":12},"end":{"line":458,"column":13}},"180":{"start":{"line":446,"column":16},"end":{"line":450,"column":17}},"181":{"start":{"line":448,"column":20},"end":{"line":448,"column":68}},"182":{"start":{"line":449,"column":20},"end":{"line":449,"column":72}},"183":{"start":{"line":453,"column":16},"end":{"line":457,"column":17}},"184":{"start":{"line":455,"column":20},"end":{"line":455,"column":70}},"185":{"start":{"line":456,"column":20},"end":{"line":456,"column":72}},"186":{"start":{"line":460,"column":12},"end":{"line":462,"column":13}},"187":{"start":{"line":461,"column":16},"end":{"line":461,"column":73}},"188":{"start":{"line":466,"column":12},"end":{"line":468,"column":13}},"189":{"start":{"line":467,"column":16},"end":{"line":467,"column":23}},"190":{"start":{"line":471,"column":12},"end":{"line":472,"column":40}},"191":{"start":{"line":474,"column":12},"end":{"line":477,"column":13}},"192":{"start":{"line":476,"column":16},"end":{"line":476,"column":75}},"193":{"start":{"line":478,"column":12},"end":{"line":478,"column":44}},"194":{"start":{"line":486,"column":12},"end":{"line":503,"column":13}},"195":{"start":{"line":487,"column":16},"end":{"line":488,"column":34}},"196":{"start":{"line":491,"column":16},"end":{"line":497,"column":25}},"197":{"start":{"line":492,"column":20},"end":{"line":495,"column":21}},"198":{"start":{"line":493,"column":24},"end":{"line":493,"column":48}},"199":{"start":{"line":494,"column":24},"end":{"line":494,"column":36}},"200":{"start":{"line":496,"column":20},"end":{"line":496,"column":33}},"201":{"start":{"line":500,"column":16},"end":{"line":502,"column":17}},"202":{"start":{"line":501,"column":20},"end":{"line":501,"column":109}},"203":{"start":{"line":510,"column":12},"end":{"line":510,"column":55}},"204":{"start":{"line":511,"column":12},"end":{"line":513,"column":13}},"205":{"start":{"line":512,"column":16},"end":{"line":512,"column":84}},"206":{"start":{"line":517,"column":12},"end":{"line":517,"column":50}},"207":{"start":{"line":521,"column":12},"end":{"line":521,"column":50}},"208":{"start":{"line":525,"column":12},"end":{"line":525,"column":52}},"209":{"start":{"line":529,"column":12},"end":{"line":529,"column":57}},"210":{"start":{"line":533,"column":12},"end":{"line":533,"column":81}},"211":{"start":{"line":537,"column":12},"end":{"line":537,"column":80}},"212":{"start":{"line":541,"column":12},"end":{"line":541,"column":84}},"213":{"start":{"line":545,"column":12},"end":{"line":553,"column":13}},"214":{"start":{"line":546,"column":16},"end":{"line":546,"column":92}},"215":{"start":{"line":550,"column":16},"end":{"line":552,"column":33}},"216":{"start":{"line":551,"column":20},"end":{"line":551,"column":71}},"217":{"start":{"line":557,"column":12},"end":{"line":557,"column":81}},"218":{"start":{"line":561,"column":12},"end":{"line":561,"column":85}},"219":{"start":{"line":565,"column":12},"end":{"line":565,"column":80}},"220":{"start":{"line":569,"column":12},"end":{"line":569,"column":80}},"221":{"start":{"line":573,"column":12},"end":{"line":573,"column":81}},"222":{"start":{"line":577,"column":12},"end":{"line":577,"column":83}},"223":{"start":{"line":579,"column":12},"end":{"line":581,"column":13}},"224":{"start":{"line":580,"column":16},"end":{"line":580,"column":99}},"225":{"start":{"line":583,"column":12},"end":{"line":585,"column":13}},"226":{"start":{"line":584,"column":16},"end":{"line":584,"column":99}},"227":{"start":{"line":587,"column":12},"end":{"line":589,"column":13}},"228":{"start":{"line":588,"column":16},"end":{"line":588,"column":97}},"229":{"start":{"line":591,"column":12},"end":{"line":593,"column":13}},"230":{"start":{"line":592,"column":16},"end":{"line":592,"column":100}},"231":{"start":{"line":597,"column":4},"end":{"line":597,"column":33}}},"branchMap":{"1":{"line":5,"type":"if","locations":[{"start":{"line":5,"column":8},"end":{"line":5,"column":8}},{"start":{"line":5,"column":8},"end":{"line":5,"column":8}}]},"2":{"line":10,"type":"if","locations":[{"start":{"line":10,"column":12},"end":{"line":10,"column":12}},{"start":{"line":10,"column":12},"end":{"line":10,"column":12}}]},"3":{"line":15,"type":"if","locations":[{"start":{"line":15,"column":12},"end":{"line":15,"column":12}},{"start":{"line":15,"column":12},"end":{"line":15,"column":12}}]},"4":{"line":19,"type":"if","locations":[{"start":{"line":19,"column":12},"end":{"line":19,"column":12}},{"start":{"line":19,"column":12},"end":{"line":19,"column":12}}]},"5":{"line":38,"type":"binary-expr","locations":[{"start":{"line":38,"column":46},"end":{"line":38,"column":69}},{"start":{"line":38,"column":73},"end":{"line":38,"column":98}}]},"6":{"line":46,"type":"cond-expr","locations":[{"start":{"line":46,"column":97},"end":{"line":46,"column":106}},{"start":{"line":46,"column":109},"end":{"line":46,"column":116}}]},"7":{"line":46,"type":"binary-expr","locations":[{"start":{"line":46,"column":22},"end":{"line":46,"column":58}},{"start":{"line":46,"column":62},"end":{"line":46,"column":94}}]},"8":{"line":59,"type":"if","locations":[{"start":{"line":59,"column":12},"end":{"line":59,"column":12}},{"start":{"line":59,"column":12},"end":{"line":59,"column":12}}]},"9":{"line":60,"type":"cond-expr","locations":[{"start":{"line":60,"column":101},"end":{"line":60,"column":110}},{"start":{"line":60,"column":113},"end":{"line":60,"column":120}}]},"10":{"line":60,"type":"binary-expr","locations":[{"start":{"line":60,"column":26},"end":{"line":60,"column":62}},{"start":{"line":60,"column":66},"end":{"line":60,"column":98}}]},"11":{"line":64,"type":"if","locations":[{"start":{"line":64,"column":20},"end":{"line":64,"column":20}},{"start":{"line":64,"column":20},"end":{"line":64,"column":20}}]},"12":{"line":76,"type":"if","locations":[{"start":{"line":76,"column":16},"end":{"line":76,"column":16}},{"start":{"line":76,"column":16},"end":{"line":76,"column":16}}]},"13":{"line":76,"type":"binary-expr","locations":[{"start":{"line":76,"column":20},"end":{"line":76,"column":38}},{"start":{"line":76,"column":42},"end":{"line":76,"column":59}},{"start":{"line":76,"column":63},"end":{"line":76,"column":83}},{"start":{"line":76,"column":87},"end":{"line":76,"column":109}}]},"14":{"line":93,"type":"binary-expr","locations":[{"start":{"line":93,"column":23},"end":{"line":93,"column":24}},{"start":{"line":93,"column":28},"end":{"line":93,"column":45}},{"start":{"line":93,"column":49},"end":{"line":93,"column":137}}]},"15":{"line":104,"type":"if","locations":[{"start":{"line":104,"column":12},"end":{"line":104,"column":12}},{"start":{"line":104,"column":12},"end":{"line":104,"column":12}}]},"16":{"line":108,"type":"if","locations":[{"start":{"line":108,"column":12},"end":{"line":108,"column":12}},{"start":{"line":108,"column":12},"end":{"line":108,"column":12}}]},"17":{"line":116,"type":"if","locations":[{"start":{"line":116,"column":12},"end":{"line":116,"column":12}},{"start":{"line":116,"column":12},"end":{"line":116,"column":12}}]},"18":{"line":128,"type":"if","locations":[{"start":{"line":128,"column":12},"end":{"line":128,"column":12}},{"start":{"line":128,"column":12},"end":{"line":128,"column":12}}]},"19":{"line":136,"type":"if","locations":[{"start":{"line":136,"column":12},"end":{"line":136,"column":12}},{"star
[...]
":0},"end":{"line":90,"column":19}},"33":{"start":{"line":89,"column":4},"end":{"line":89,"column":70}},"34":{"start":{"line":92,"column":0},"end":{"line":129,"column":19}},"35":{"start":{"line":93,"column":4},"end":{"line":93,"column":15}},"36":{"start":{"line":95,"column":2},"end":{"line":95,"column":257}},"37":{"start":{"line":97,"column":4},"end":{"line":97,"column":136}},"38":{"start":{"line":99,"column":2},"end":{"line":103,"column":43}},"39":{"start":{"line":105,"column":4},"end":{"line":105,"column":15}},"40":{"start":{"line":107,"column":2},"end":{"line":109,"column":33}},"41":{"start":{"line":111,"column":4},"end":{"line":111,"column":15}},"42":{"start":{"line":113,"column":2},"end":{"line":113,"column":257}},"43":{"start":{"line":115,"column":4},"end":{"line":115,"column":136}},"44":{"start":{"line":117,"column":2},"end":{"line":121,"column":44}},"45":{"start":{"line":123,"column":4},"end":{"line":123,"column":79}},"46":{"start":{"line":125,"column":2},"end":{"line":128,"column":207}}},"branchMap":{"1":{"line":1,"type":"binary-expr","locations":[{"start":{"line":1,"column":23},"end":{"line":1,"column":43}},{"start":{"line":1,"column":47},"end":{"line":1,"column":49}}]},"2":{"line":2,"type":"binary-expr","locations":[{"start":{"line":2,"column":36},"end":{"line":2,"column":69}},{"start":{"line":2,"column":73},"end":{"line":2,"column":75}}]},"3":{"line":5,"type":"cond-expr","locations":[{"start":{"line":5,"column":48},"end":{"line":5,"column":54}},{"start":{"line":5,"column":58},"end":{"line":5,"column":85}}]},"4":{"line":5,"type":"binary-expr","locations":[{"start":{"line":5,"column":58},"end":{"line":5,"column":79}},{"start":{"line":5,"column":83},"end":{"line":5,"column":85}}]},"5":{"line":8,"type":"cond-expr","locations":[{"start":{"line":8,"column":99},"end":{"line":8,"column":105}},{"start":{"line":8,"column":108},"end":{"line":8,"column":114}}]},"6":{"line":8,"type":"binary-expr","locations":[{"start":{"line":8,"column":54},"end":{"line":8,"column":65}},{"start":{"line":8,"column":70},"end":{"line":8,"column":74}},{"start":{"line":8,"column":78},"end":{"line":8,"column":86}}]},"7":{"line":8,"type":"cond-expr","locations":[{"start":{"line":8,"column":144},"end":{"line":8,"column":200}},{"start":{"line":8,"column":203},"end":{"line":8,"column":209}}]},"8":{"line":10,"type":"cond-expr","locations":[{"start":{"line":10,"column":233},"end":{"line":10,"column":239}},{"start":{"line":10,"column":242},"end":{"line":10,"column":244}}]},"9":{"line":10,"type":"cond-expr","locations":[{"start":{"line":10,"column":107},"end":{"line":10,"column":113}},{"start":{"line":10,"column":116},"end":{"line":10,"column":122}}]},"10":{"line":10,"type":"binary-expr","locations":[{"start":{"line":10,"column":38},"end":{"line":10,"column":51}},{"start":{"line":10,"column":56},"end":{"line":10,"column":94}}]},"11":{"line":10,"type":"cond-expr","locations":[{"start":{"line":10,"column":73},"end":{"line":10,"column":85}},{"start":{"line":10,"column":88},"end":{"line":10,"column":94}}]},"12":{"line":10,"type":"cond-expr","locations":[{"start":{"line":10,"column":152},"end":{"line":10,"column":210}},{"start":{"line":10,"column":213},"end":{"line":10,"column":219}}]},"13":{"line":16,"type":"cond-expr","locations":[{"start":{"line":16,"column":243},"end":{"line":16,"column":249}},{"start":{"line":16,"column":252},"end":{"line":16,"column":254}}]},"14":{"line":16,"type":"cond-expr","locations":[{"start":{"line":16,"column":52},"end":{"line":16,"column":58}},{"start":{"line":16,"column":62},"end":{"line":16,"column":89}}]},"15":{"line":16,"type":"binary-expr","locations":[{"start":{"line":16,"column":62},"end":{"line":16,"column":83}},{"start":{"line":16,"column":87},"end":{"line":16,"column":89}}]},"16":{"line":16,"type":"cond-expr","locations":[{"start":{"line":16,"column":109},"end":{"line":16,"column":122}},{"start":{"line":16,"column":125},"end":{"line":16,"column":131}}]},"17":{"line":24,"type":"cond-expr","locations":[{"start":{"line":24,"column":135},"end":{"line":24,"column":141}},{"start":{"line":24,"column":144},"end":{"line":24,"column":165}}]},"18":{"line":24,"type":"binary-expr","locations":[{"start":{"line":24,"column":54},"end":{"line":24,"column":73}},{"start":{"line":24,"column":78},"end":{"line":24,"column":122}}]},"19":{"line":24,"type":"cond-expr","locations":[{"start":{"line":24,"column":95},"end":{"line":24,"column":113}},{"start":{"line":24,"column":116},"end":{"line":24,"column":122}}]},"20":{"line":24,"type":"cond-expr","locations":[{"start":{"line":24,"column":199},"end":{"line":24,"column":312}},{"start":{"line":24,"column":315},"end":{"line":24,"column":321}}]},"21":{"line":24,"type":"cond-expr","locations":[{"start":{"line":24,"column":228},"end":{"line":24,"column":234}},{"start":{"line":24,"column":238},"end":{"line":24,"column":265}}]},"22":{"line":24,"type":"binary-expr","locations":[{"start":{"line":24,"column":238},"end":{"line":24,"column":259}},{"start":{"line":24,"column":263},"end":{"line":24,"column":265}}]},"23":{"line":36,"type":"cond-expr","locations":[{"start":{"line":36,"column":243},"end":{"line":36,"column":249}},{"start":{"line":36,"column":252},"end":{"line":36,"column":254}}]},"24":{"line":36,"type":"cond-expr","locations":[{"start":{"line":36,"column":52},"end":{"line":36,"column":58}},{"start":{"line":36,"column":62},"end":{"line":36,"column":89}}]},"25":{"line":36,"type":"binary-expr","locations":[{"start":{"line":36,"column":62},"end":{"line":36,"column":83}},{"start":{"line":36,"column":87},"end":{"line":36,"column":89}}]},"26":{"line":36,"type":"cond-expr","locations":[{"start":{"line":36,"column":109},"end":{"line":36,"column":122}},{"start":{"line":36,"column":125},"end":{"line":36,"column":131}}]},"27":{"line":41,"type":"cond-expr","locations":[{"start":{"line":41,"column":244},"end":{"line":41,"column":250}},{"start":{"line":41,"column":253},"end":{"line":41,"column":255}}]},"28":{"line":41,"type":"cond-expr","locations":[{"start":{"line":41,"column":56},"end":{"line":41,"column":62}},{"start":{"line":41,"column":66},"end":{"line":41,"column":93}}]},"29":{"line":41,"type":"binary-expr","locations":[{"start":{"line":41,"column":66},"end":{"line":41,"column":87}},{"start":{"line":41,"column":91},"end":{"line":41,"column":93}}]},"30":{"line":41,"type":"cond-expr","locations":[{"start":{"line":41,"column":113},"end":{"line":41,"column":125}},{"start":{"line":41,"column":128},"end":{"line":41,"column":134}}]},"31":{"line":43,"type":"cond-expr","locations":[{"start":{"line":43,"column":48},"end":{"line":43,"column":54}},{"start":{"line":43,"column":58},"end":{"line":43,"column":85}}]},"32":{"line":43,"type":"binary-expr","locations":[{"start":{"line":43,"column":58},"end":{"line":43,"column":79}},{"start":{"line":43,"column":83},"end":{"line":43,"column":85}}]},"33":{"line":46,"type":"cond-expr","locations":[{"start":{"line":46,"column":99},"end":{"line":46,"column":105}},{"start":{"line":46,"column":108},"end":{"line":46,"column":114}}]},"34":{"line":46,"type":"binary-expr","locations":[{"start":{"line":46,"column":54},"end":{"line":46,"column":65}},{"start":{"line":46,"column":70},"end":{"line":46,"column":74}},{"start":{"line":46,"column":78},"end":{"line":46,"column":86}}]},"35":{"line":46,"type":"cond-expr","locations":[{"start":{"line":46,"column":144},"end":{"line":46,"column":200}},{"start":{"line":46,"column":203},"end":{"line":46,"column":209}}]},"36":{"line":48,"type":"cond-expr","locations":[{"start":{"line":48,"column":233},"end":{"line":48,"column":239}},{"start":{"line":48,"column":242},"end":{"line":48,"column":244}}]},"37":{"line":48,"type":"cond-expr","locations":[{"start":{"line":48,"column":107},"end":{"line":48,"column":113}},{"start":{"line":48,"column":116},"end":{"line":48,"column":122}}]},"38":{"line":48,"type":"binary-expr","locations":[{"start":{"line":48,"column":38},"end":{"line":48,"column":51}},{"start":{"line":48,"column":56},"end":{"line":48,"column":94}}]},"39":{"line":48,"type":"cond-expr","locations":[{"start":{"line":48,"column":73},"end":{"line":48,"column":85}},{"start":{"line":48,"column":88},"end":{"line":48,"column":94}}]},"40":{"line":48,"type":"cond-expr","locations":[{"start":{"line":48,"column":152},"end":{"line":48,"column":210}},{"start":{"line":48,"column":213},"end":{"line":48,"column":219}}]},"41":{"line":54,"type":"cond-expr","locations":[{"start":{"line":54,"column":244},"end":{"line":54,"column":250}},{"start":{"line":54,"column":253},"end":{"line":54,"column":255}}]},"42":{"line":54,"type":"cond-expr","locations":[{"start":{"line":54,"column":52},"end":{"line":54,"column":58}},{"start":{"line":54,"column":62},"end":{"line":54,"column":89}}]},"43":{"line":54,"type":"binary-expr","locations":[{"start":{"line":54,"column":62},"end":{"line":54,"column":83}},{"start":{"line":54,"column":87},"end":{"line":54,"column":89}}]},"44":{"line":54,"type":"cond-expr","locations":[{"start":{"line":54,"column":109},"end":{"line":54,"column":123}},{"start":{"line":54,"column":126},"end":{"line":54,"column":132}}]},"45":{"line":57,"type":"cond-expr","locations":[{"start":{"line":57,"column":40},"end":{"line":57,"column":46}},{"start":{"line":57,"column":50},"end":{"line":57,"column":77}}]},"46":{"line":57,"type":"binary-expr","locations":[{"start":{"line":57,"column":50},"end":{"line":57,"column":71}},{"start":{"line":57,"column":75},"end":{"line":57,"column":77}}]},"47":{"line":59,"type":"cond-expr","locations":[{"start":{"line":59,"column":196},"end":{"line":59,"column":202}},{"start":{"line":59,"column":205},"end":{"line":59,"column":207}}]},"48":{"line":59,"type":"cond-expr","locations":[{"start":{"line":59,"column":64},"end":{"line":59,"column":77}},{"start":{"line":59,"column":80},"end":{"line":59,"column":86}}]},"49":{"line":61,"type":"cond-expr","locations":[{"start":{"line":61,"column":194},"end":{"line":61,"column":200}},{"start":{"line":61,"column":203},"end":{"line":61,"column":205}}]},"50":{"line":61,"type":"cond-expr","locations":[{"start":{"line":61,"column":61},"end":{"line":61,"column":75}},{"start":{"line":61,"column":78},"end":{"line":61,"column":84}}]},"51":{"line":68,"type":"cond-expr","locations":[{"start":{"line":68,"column":298},"end":{"line":68,"column":304}},{"start":{"line":68,"column":307},"end":{"line":68,"column":309}}]},"52":{"line":68,"type":"cond-expr","locations":[{"start":{"line":68,"column":105},"end":{"line":68,"column":111}},{"start":{"line":68,"column":114},"end":{"line":68,"column":135}}]},"53":{"line":68,"type":"binary-expr","locations":[{"start":{"line":68,"column":38},"end":{"line":68,"column":50}},{"start":{"line":68,"column":55},"end":{"line":68,"column":92}}]},"54":{"line":68,"type":"cond-expr","locations":[{"start":{"line":68,"column":72},"end":{"line":68,"column":83}},{"start":{"line":68,"column":86},"end":{"line":68,"column":92}}]},"55":{"line":68,"type":"cond-expr","locations":[{"start":{"line":68,"column":169},"end":{"line":68,"column":275}},{"start":{"line":68,"column":278},"end":{"line":68,"column":284}}]},"56":{"line":68,"type":"cond-expr","locations":[{"start":{"line":68,"column":198},"end":{"line":68,"column":204}},{"start":{"line":68,"column":208},"end":{"line":68,"column":235}}]},"57":{"line":68,"type":"binary-expr","locations":[{"start":{"line":68,"column":208},"end":{"line":68,"column":229}},{"start":{"line":68,"column":233},"end":{"line":68,"column":235}}]},"58":{"line":79,"type":"cond-expr","locations":[{"start":{"line":79,"column":48},"end":{"line":79,"column":54}},{"start":{"line":79,"column":58},"end":{"line":79,"column":85}}]},"59":{"line":79,"type":"binary-expr","locations":[{"start":{"line":79,"column":58},"end":{"line":79,"column":79}},{"start":{"line":79,"column":83},"end":{"line":79,"column":85}}]},"60":{"line":82,"type":"cond-expr","locations":[{"start":{"line":82,"column":119},"end":{"line":82,"column":125}},{"start":{"line":82,"column":128},"end":{"line":82,"column":149}}]},"61":{"line":82,"type":"binary-expr","locations":[{"start":{"line":82,"column":54},"end":{"line":82,"column":65}},{"start":{"line":82,"column":70},"end":{"line":82,"column":106}}]},"62":{"line":82,"type":"cond-expr","locations":[{"start":{"line":82,"column":87},"end":{"line":82,"column":97}},{"start":{"line":82,"column":100},"end":{"line":82,"column":106}}]},"63":{"line":82,"type":"cond-expr","locations":[{"start":{"line":82,"column":183},"end":{"line":82,"column":239}},{"start":{"line":82,"column":242},"end":{"line":82,"column":248}}]},"64":{"line":84,"type":"cond-expr","locations":[{"start":{"line":84,"column":195},"end":{"line":84,"column":201}},{"start":{"line":84,"column":204},"end":{"line":84,"column":206}}]},"65":{"line":84,"type":"cond-expr","locations":[{"start":{"line":84,"column":61},"end":{"line":84,"column":76}},{"start":{"line":84,"column":79},"end":{"line":84,"column":85}}]},"66":{"line":95,"type":"cond-expr","locations":[{"start":{"line":95,"column":244},"end":{"line":95,"column":250}},{"start":{"line":95,"column":253},"end":{"line":95,"column":255}}]},"67":{"line":95,"type":"cond-expr","locations":[{"start":{"line":95,"column":56},"end":{"line":95,"column":62}},{"start":{"line":95,"column":66},"end":{"line":95,"column":93}}]},"68":{"line":95,"type":"binary-expr","locations":[{"start":{"line":95,"column":66},"end":{"line":95,"column":87}},{"start":{"line":95,"column":91},"end":{"line":95,"column":93}}]},"69":{"line":95,"type":"cond-expr","locations":[{"start":{"line":95,"column":113},"end":{"line":95,"column":125}},{"start":{"line":95,"column":128},"end":{"line":95,"column":134}}]},"70":{"line":97,"type":"cond-expr","locations":[{"start":{"line":97,"column":48},"end":{"line":97,"column":54}},{"start":{"line":97,"column":58},"end":{"line":97,"column":85}}]},"71":{"line":97,"type":"binary-expr","locations":[{"start":{"line":97,"column":58},"end":{"line":97,"column":79}},{"start":{"line":97,"column":83},"end":{"line":97,"column":85}}]},"72":{"line":100,"type":"cond-expr","locations":[{"start":{"line":100,"column":99},"end":{"line":100,"column":105}},{"start":{"line":100,"column":108},"end":{"line":100,"column":114}}]},"73":{"line":100,"type":"binary-expr","locations":[{"start":{"line":100,"column":54},"end":{"line":100,"column":65}},{"start":{"line":100,"column":70},"end":{"line":100,"column":74}},{"start":{"line":100,"column":78},"end":{"line":100,"column":86}}]},"74":{"line":100,"type":"cond-expr","locations":[{"start":{"line":100,"column":144},"end":{"line":100,"column":200}},{"start":{"line":100,"column":203},"end":{"line":100,"column":209}}]},"75":{"line":102,"type":"cond-expr","locations":[{"start":{"line":102,"column":233},"end":{"line":102,"column":239}},{"start":{"line":102,"column":242},"end":{"line":102,"column":244}}]},"76":{"line":102,"type":"cond-expr","locations":[{"start":{"line":102,"column":107},"end":{"line":102,"column":113}},{"start":{"line":102,"column":116},"end":{"line":102,"column":122}}]},"77":{"line":102,"type":"binary-expr","locations":[{"start":{"line":102,"column":38},"end":{"line":102,"column":51}},{"start":{"line":102,"column":56},"end":{"line":102,"column":94}}]},"78":{"line":102,"type":"cond-expr","locations":[{"start":{"line":102,"column":73},"end":{"line":102,"column":85}},{"start":{"line":102,"column":88},"end":{"line":102,"column":94}}]},"79":{"line":102,"type":"cond-expr","locations":[{"start":{"line":102,"column":152},"end":{"line":102,"column":210}},{"start":{"line":102,"column":213},"end":{"line":102,"column":219}}]},"80":{"line":108,"type":"cond-expr","locations":[{"start":{"line":108,"column":244},"end":{"line":108,"column":250}},{"start":{"line":108,"column":253},"end":{"line":108,"column":255}}]},"81":{"line":108,"type":"cond-expr","locations":[{"start":{"line":108,"column":52},"end":{"line":108,"column":58}},{"start":{"line":108,"column":62},"end":{"line":108,"column":89}}]},"82":{"line":108,"type":"binary-expr","locations":[{"start":{"line":108,"column":62},"end":{"line":108,"column":83}},{"start":{"line":108,"column":87},"end":{"line":108,"column":89}}]},"83":{"line":108,"type":"cond-expr","locations":[{"start":{"line":108,"column":109},"end":{"line":108,"column":123}},{"start":{"line":108,"column":126},"end":{"line":108,"column":132}}]},"84":{"line":113,"type":"cond-expr","locations":[{"start":{"line":113,"column":244},"end":{"line":113,"column":250}},{"start":{"line":113,"column":253},"end":{"line":113,"column":255}}]},"85":{"line":113,"type":"cond-expr","locations":[{"start":{"line":113,"column":56},"end":{"line":113,"column":62}},{"start":{"line":113,"column":66},"end":{"line":113,"column":93}}]},"86":{"line":113,"type":"binary-expr","locations":[{"start":{"line":113,"column":66},"end":{"line":113,"column":87}},{"start":{"line":113,"column":91},"end":{"line":113,"column":93}}]},"87":{"line":113,"type":"cond-expr","locations":[{"start":{"line":113,"column":113},"end":{"line":113,"column":125}},{"start":{"line":113,"column":128},"end":{"line":113,"column":134}}]},"88":{"line":115,"type":"cond-expr","locations":[{"start":{"line":115,"column":48},"end":{"line":115,"column":54}},{"start":{"line":115,"column":58},"end":{"line":115,"column":85}}]},"89":{"line":115,"type":"binary-expr","locations":[{"start":{"line":115,"column":58},"end":{"line":115,"column":79}},{"start":{"line":115,"column":83},"end":{"line":115,"column":85}}]},"90":{"line":118,"type":"cond-expr","locations":[{"start":{"line":118,"column":99},"end":{"line":118,"column":105}},{"start":{"line":118,"column":108},"end":{"line":118,"column":114}}]},"91":{"line":118,"type":"binary-expr","locations":[{"start":{"line":118,"column":54},"end":{"line":118,"column":65}},{"start":{"line":118,"column":70},"end":{"line":118,"column":74}},{"start":{"line":118,"column":78},"end":{"line":118,"column":86}}]},"92":{"line":118,"type":"cond-expr","locations":[{"start":{"line":118,"column":144},"end":{"line":118,"column":200}},{"start":{"line":118,"column":203},"end":{"line":118,"column":209}}]},"93":{"line":120,"type":"cond-expr","locations":[{"start":{"line":120,"column":233},"end":{"line":120,"column":239}},{"start":{"line":120,"column":242},"end":{"line":120,"column":244}}]},"94":{"line":120,"type":"cond-expr","locations":[{"start":{"line":120,"column":107},"end":{"line":120,"column":113}},{"start":{"line":120,"column":116},"end":{"line":120,"column":122}}]},"95":{"line":120,"type":"binary-expr","locations":[{"start":{"line":120,"column":38},"end":{"line":120,"column":51}},{"start":{"line":120,"column":56},"end":{"line":120,"column":94}}]},"96":{"line":120,"type":"cond-expr","locations":[{"start":{"line":120,"column":73},"end":{"line":120,"column":85}},{"start":{"line":120,"column":88},"end":{"line":120,"column":94}}]},"97":{"line":120,"type":"cond-expr","locations":[{"start":{"line":120,"column":152},"end":{"line":120,"column":210}},{"start":{"line":120,"column":213},"end":{"line":120,"column":219}}]},"98":{"line":123,"type":"cond-expr","locations":[{"start":{"line":123,"column":40},"end":{"line":123,"column":46}},{"start":{"line":123,"column":50},"end":{"line":123,"column":77}}]},"99":{"line":123,"type":"binary-expr","locations":[{"start":{"line":123,"column":50},"end":{"line":123,"column":71}},{"start":{"line":123,"column":75},"end":{"line":123,"column":77}}]},"100":{"line":126,"type":"cond-expr","locations":[{"start":{"line":126,"column":194},"end":{"line":126,"column":200}},{"start":{"line":126,"column":203},"end":{"line":126,"column":205}}]},"101":{"line":126,"type":"cond-expr","locations":[{"start":{"line":126,"column":60},"end":{"line":126,"column":73}},{"start":{"line":126,"column":76},"end":{"line":126,"column":82}}]},"102":{"line":128,"type":"cond-expr","locations":[{"start":{"line":128,"column":194},"end":{"line":128,"column":200}},{"start":{"line":128,"column":203},"end":{"line":128,"column":205}}]},"103":{"line":128,"type":"cond-expr","locations":[{"start":{"line":128,"column":61},"end":{"line":128,"column":75}},{"start":{"line":128,"column":78},"end":{"line":128,"column":84}}]}}}}